<?xml version="1.0" encoding="UTF-8"?>
<coverage generated="1678557267035" clover="3.2.0">
  <project timestamp="1678557267035" name="All files">
    <metrics statements="147" coveredstatements="147" conditionals="18" coveredconditionals="18" methods="29" coveredmethods="29" elements="194" coveredelements="194" complexity="0" loc="147" ncloc="147" packages="5" files="10" classes="10"/>
    <package name="components.JobResults">
      <metrics statements="37" coveredstatements="37" conditionals="0" coveredconditionals="0" methods="9" coveredmethods="9"/>
      <file name="JobListing.vue" path="/Users/kkda/Desktop/job-search/src/components/JobResults/JobListing.vue">
        <metrics statements="24" coveredstatements="24" conditionals="0" coveredconditionals="0" methods="6" coveredmethods="6"/>
        <line num="4" count="2" type="stmt"/>
        <line num="7" count="2" type="stmt"/>
        <line num="8" count="2" type="stmt"/>
        <line num="18" count="5" type="stmt"/>
        <line num="24" count="2" type="stmt"/>
        <line num="26" count="2" type="stmt"/>
        <line num="29" count="2" type="stmt"/>
        <line num="30" count="2" type="stmt"/>
        <line num="31" count="2" type="stmt"/>
        <line num="34" count="2" type="stmt"/>
        <line num="37" count="2" type="stmt"/>
        <line num="40" count="2" type="stmt"/>
        <line num="43" count="2" type="stmt"/>
        <line num="46" count="2" type="stmt"/>
        <line num="49" count="2" type="stmt"/>
        <line num="52" count="2" type="stmt"/>
        <line num="55" count="2" type="stmt"/>
        <line num="59" count="5" type="stmt"/>
        <line num="60" count="5" type="stmt"/>
        <line num="64" count="5" type="stmt"/>
        <line num="65" count="6" type="stmt"/>
        <line num="70" count="6" type="stmt"/>
        <line num="77" count="5" type="stmt"/>
        <line num="82" count="2" type="stmt"/>
      </file>
      <file name="JobListings.vue" path="/Users/kkda/Desktop/job-search/src/components/JobResults/JobListings.vue">
        <metrics statements="13" coveredstatements="13" conditionals="0" coveredconditionals="0" methods="3" coveredmethods="3"/>
        <line num="4" count="1" type="stmt"/>
        <line num="5" count="1" type="stmt"/>
        <line num="8" count="1" type="stmt"/>
        <line num="51" count="1" type="stmt"/>
        <line num="53" count="1" type="stmt"/>
        <line num="56" count="1" type="stmt"/>
        <line num="57" count="1" type="stmt"/>
        <line num="59" count="4" type="stmt"/>
        <line num="60" count="4" type="stmt"/>
        <line num="61" count="4" type="stmt"/>
        <line num="64" count="4" type="stmt"/>
        <line num="65" count="10" type="stmt"/>
        <line num="74" count="1" type="stmt"/>
      </file>
    </package>
    <package name="components.JobSearch">
      <metrics statements="35" coveredstatements="35" conditionals="8" coveredconditionals="8" methods="5" coveredmethods="5"/>
      <file name="HeadLine.vue" path="/Users/kkda/Desktop/job-search/src/components/JobSearch/HeadLine.vue">
        <metrics statements="13" coveredstatements="13" conditionals="0" coveredconditionals="0" methods="1" coveredmethods="1"/>
        <line num="4" count="1" type="stmt"/>
        <line num="5" count="1" type="stmt"/>
        <line num="8" count="1" type="stmt"/>
        <line num="55" count="1" type="stmt"/>
        <line num="57" count="1" type="stmt"/>
        <line num="60" count="1" type="stmt"/>
        <line num="61" count="1" type="stmt"/>
        <line num="62" count="1" type="stmt"/>
        <line num="65" count="1" type="stmt"/>
        <line num="69" count="1" type="stmt"/>
        <line num="70" count="1" type="stmt"/>
        <line num="75" count="5" type="stmt"/>
        <line num="78" count="1" type="stmt"/>
      </file>
      <file name="JobSearchForm.vue" path="/Users/kkda/Desktop/job-search/src/components/JobSearch/JobSearchForm.vue">
        <metrics statements="22" coveredstatements="22" conditionals="8" coveredconditionals="8" methods="4" coveredmethods="4"/>
        <line num="4" count="1" type="stmt"/>
        <line num="5" count="1" type="stmt"/>
        <line num="8" count="1" type="stmt"/>
        <line num="9" count="1" type="stmt"/>
        <line num="51" count="1" type="stmt"/>
        <line num="53" count="1" type="stmt"/>
        <line num="56" count="1" type="stmt"/>
        <line num="57" count="1" type="stmt"/>
        <line num="58" count="1" type="stmt"/>
        <line num="61" count="1" type="stmt"/>
        <line num="64" count="1" type="stmt"/>
        <line num="67" count="1" type="stmt"/>
        <line num="70" count="1" type="stmt"/>
        <line num="73" count="1" type="stmt"/>
        <line num="78" count="3" type="stmt"/>
        <line num="79" count="3" type="stmt"/>
        <line num="80" count="3" type="stmt"/>
        <line num="81" count="3" type="stmt"/>
        <line num="84" count="1" type="cond" truecount="2" falsecount="0"/>
        <line num="91" count="1" type="cond" truecount="2" falsecount="0"/>
        <line num="96" count="1" type="cond" truecount="2" falsecount="0"/>
        <line num="105" count="1" type="stmt"/>
      </file>
    </package>
    <package name="components.Navigation">
      <metrics statements="47" coveredstatements="47" conditionals="6" coveredconditionals="6" methods="8" coveredmethods="8"/>
      <file name="MainNav.vue" path="/Users/kkda/Desktop/job-search/src/components/Navigation/MainNav.vue">
        <metrics statements="21" coveredstatements="21" conditionals="4" coveredconditionals="4" methods="4" coveredmethods="4"/>
        <line num="4" count="1" type="stmt"/>
        <line num="5" count="1" type="stmt"/>
        <line num="8" count="1" type="stmt"/>
        <line num="78" count="1" type="stmt"/>
        <line num="80" count="1" type="stmt"/>
        <line num="83" count="1" type="stmt"/>
        <line num="84" count="1" type="stmt"/>
        <line num="85" count="1" type="stmt"/>
        <line num="88" count="1" type="stmt"/>
        <line num="91" count="1" type="stmt"/>
        <line num="94" count="1" type="stmt"/>
        <line num="97" count="1" type="stmt"/>
        <line num="101" count="5" type="stmt"/>
        <line num="102" count="5" type="stmt"/>
        <line num="103" count="5" type="stmt"/>
        <line num="104" count="5" type="stmt"/>
        <line num="105" count="5" type="stmt"/>
        <line num="113" count="4" type="stmt"/>
        <line num="116" count="30" type="stmt"/>
        <line num="123" count="30" type="stmt"/>
        <line num="139" count="1" type="stmt"/>
      </file>
      <file name="ProfileImage.vue" path="/Users/kkda/Desktop/job-search/src/components/Navigation/ProfileImage.vue">
        <metrics statements="11" coveredstatements="11" conditionals="0" coveredconditionals="0" methods="2" coveredmethods="2"/>
        <line num="4" count="2" type="stmt"/>
        <line num="7" count="2" type="stmt"/>
        <line num="8" count="2" type="stmt"/>
        <line num="11" count="1" type="stmt"/>
        <line num="18" count="2" type="stmt"/>
        <line num="20" count="2" type="stmt"/>
        <line num="23" count="2" type="stmt"/>
        <line num="24" count="2" type="stmt"/>
        <line num="25" count="2" type="stmt"/>
        <line num="27" count="1" type="stmt"/>
        <line num="32" count="2" type="stmt"/>
      </file>
      <file name="Subnav.vue" path="/Users/kkda/Desktop/job-search/src/components/Navigation/Subnav.vue">
        <metrics statements="15" coveredstatements="15" conditionals="2" coveredconditionals="2" methods="2" coveredmethods="2"/>
        <line num="4" count="2" type="stmt"/>
        <line num="7" count="2" type="stmt"/>
        <line num="8" count="2" type="stmt"/>
        <line num="12" count="2" type="stmt"/>
        <line num="18" count="2" type="stmt"/>
        <line num="20" count="2" type="stmt"/>
        <line num="23" count="2" type="stmt"/>
        <line num="24" count="2" type="stmt"/>
        <line num="25" count="2" type="stmt"/>
        <line num="28" count="2" type="stmt"/>
        <line num="31" count="2" type="stmt"/>
        <line num="35" count="2" type="stmt"/>
        <line num="40" count="2" type="stmt"/>
        <line num="41" count="2" type="stmt"/>
        <line num="47" count="2" type="stmt"/>
      </file>
    </package>
    <package name="components.Shared">
      <metrics statements="23" coveredstatements="23" conditionals="4" coveredconditionals="4" methods="6" coveredmethods="6"/>
      <file name="ActionButton.vue" path="/Users/kkda/Desktop/job-search/src/components/Shared/ActionButton.vue">
        <metrics statements="11" coveredstatements="11" conditionals="0" coveredconditionals="0" methods="3" coveredmethods="3"/>
        <line num="4" count="3" type="stmt"/>
        <line num="7" count="3" type="stmt"/>
        <line num="8" count="3" type="stmt"/>
        <line num="20" count="6" type="stmt"/>
        <line num="26" count="2" type="stmt"/>
        <line num="36" count="3" type="stmt"/>
        <line num="38" count="3" type="stmt"/>
        <line num="41" count="3" type="stmt"/>
        <line num="42" count="3" type="stmt"/>
        <line num="44" count="2" type="stmt"/>
        <line num="47" count="3" type="stmt"/>
      </file>
      <file name="TextInput.vue" path="/Users/kkda/Desktop/job-search/src/components/Shared/TextInput.vue">
        <metrics statements="12" coveredstatements="12" conditionals="4" coveredconditionals="4" methods="3" coveredmethods="3"/>
        <line num="4" count="2" type="stmt"/>
        <line num="7" count="2" type="stmt"/>
        <line num="8" count="2" type="stmt"/>
        <line num="25" count="5" type="stmt"/>
        <line num="31" count="2" type="stmt"/>
        <line num="33" count="2" type="stmt"/>
        <line num="36" count="2" type="stmt"/>
        <line num="37" count="2" type="stmt"/>
        <line num="38" count="2" type="stmt"/>
        <line num="40" count="5" type="stmt"/>
        <line num="46" count="5" type="cond" truecount="2" falsecount="0"/>
        <line num="49" count="2" type="stmt"/>
      </file>
    </package>
    <package name="utils">
      <metrics statements="5" coveredstatements="5" conditionals="0" coveredconditionals="0" methods="1" coveredmethods="1"/>
      <file name="nextElementInList.js" path="/Users/kkda/Desktop/job-search/src/utils/nextElementInList.js">
        <metrics statements="5" coveredstatements="5" conditionals="0" coveredconditionals="0" methods="1" coveredmethods="1"/>
        <line num="1" count="2" type="stmt"/>
        <line num="2" count="3" type="stmt"/>
        <line num="3" count="3" type="stmt"/>
        <line num="4" count="3" type="stmt"/>
        <line num="5" count="3" type="stmt"/>
      </file>
    </package>
  </project>
</coverage>
