{"/Users/kkda/Desktop/job-search/src/components/JobResults/JobListing.vue": {"path":"/Users/kkda/Desktop/job-search/src/components/JobResults/JobListing.vue","statementMap":{"0":{"start":{"line":4,"column":0},"end":{"line":6,"column":3}},"1":{"start":{"line":7,"column":0},"end":{"line":7,"column":25}},"2":{"start":{"line":8,"column":15},"end":{"line":21,"column":1}},"3":{"start":{"line":18,"column":6},"end":{"line":18,"column":44}},"4":{"start":{"line":24,"column":0},"end":{"line":24,"column":13}},"5":{"start":{"line":26,"column":0},"end":{"line":28,"column":3}},"6":{"start":{"line":29,"column":0},"end":{"line":29,"column":24}},"7":{"start":{"line":30,"column":11},"end":{"line":30,"column":25}},"8":{"start":{"line":31,"column":19},"end":{"line":33,"column":1}},"9":{"start":{"line":34,"column":19},"end":{"line":36,"column":1}},"10":{"start":{"line":37,"column":19},"end":{"line":39,"column":1}},"11":{"start":{"line":40,"column":19},"end":{"line":42,"column":1}},"12":{"start":{"line":43,"column":19},"end":{"line":45,"column":1}},"13":{"start":{"line":46,"column":19},"end":{"line":48,"column":1}},"14":{"start":{"line":49,"column":32},"end":{"line":51,"column":39}},"15":{"start":{"line":52,"column":19},"end":{"line":54,"column":1}},"16":{"start":{"line":55,"column":19},"end":{"line":57,"column":1}},"17":{"start":{"line":59,"column":33},"end":{"line":59,"column":74}},"18":{"start":{"line":60,"column":2},"end":{"line":81,"column":30}},"19":{"start":{"line":64,"column":37},"end":{"line":79,"column":34}},"20":{"start":{"line":65,"column":6},"end":{"line":68,"column":60}},"21":{"start":{"line":70,"column":6},"end":{"line":72,"column":65}},"22":{"start":{"line":77,"column":39},"end":{"line":77,"column":76}},"23":{"start":{"line":82,"column":2},"end":{"line":82,"column":49}}},"fnMap":{"0":{"name":"(anonymous_0)","decl":{"start":{"line":17,"column":4},"end":{"line":17,"column":5}},"loc":{"start":{"line":17,"column":18},"end":{"line":19,"column":5}},"line":17},"1":{"name":"render","decl":{"start":{"line":58,"column":9},"end":{"line":58,"column":15}},"loc":{"start":{"line":58,"column":30},"end":{"line":82,"column":1}},"line":58},"2":{"name":"(anonymous_2)","decl":{"start":{"line":64,"column":31},"end":{"line":64,"column":32}},"loc":{"start":{"line":64,"column":37},"end":{"line":79,"column":34}},"line":64},"3":{"name":"(anonymous_3)","decl":{"start":{"line":64,"column":604},"end":{"line":64,"column":605}},"loc":{"start":{"line":64,"column":616},"end":{"line":69,"column":5}},"line":64},"4":{"name":"(anonymous_4)","decl":{"start":{"line":69,"column":370},"end":{"line":69,"column":371}},"loc":{"start":{"line":69,"column":387},"end":{"line":73,"column":5}},"line":69},"5":{"name":"(anonymous_5)","decl":{"start":{"line":77,"column":33},"end":{"line":77,"column":34}},"loc":{"start":{"line":77,"column":39},"end":{"line":77,"column":76}},"line":77}},"branchMap":{},"s":{"0":2,"1":2,"2":2,"3":5,"4":2,"5":2,"6":2,"7":2,"8":2,"9":2,"10":2,"11":2,"12":2,"13":2,"14":2,"15":2,"16":2,"17":5,"18":5,"19":5,"20":6,"21":6,"22":5,"23":2},"f":{"0":5,"1":5,"2":5,"3":6,"4":6,"5":5},"b":{},"inputSourceMap":{"0":"{","1":"\"","2":"v","3":"e","4":"r","5":"s","6":"i","7":"o","8":"n","9":"\"","10":":","11":"3","12":",","13":"\"","14":"s","15":"o","16":"u","17":"r","18":"c","19":"e","20":"s","21":"\"","22":":","23":"[","24":"\"","25":"/","26":"U","27":"s","28":"e","29":"r","30":"s","31":"/","32":"k","33":"k","34":"d","35":"a","36":"/","37":"D","38":"e","39":"s","40":"k","41":"t","42":"o","43":"p","44":"/","45":"j","46":"o","47":"b","48":"-","49":"s","50":"e","51":"a","52":"r","53":"c","54":"h","55":"/","56":"s","57":"r","58":"c","59":"/","60":"c","61":"o","62":"m","63":"p","64":"o","65":"n","66":"e","67":"n","68":"t","69":"s","70":"/","71":"J","72":"o","73":"b","74":"R","75":"e","76":"s","77":"u","78":"l","79":"t","80":"s","81":"/","82":"J","83":"o","84":"b","85":"L","86":"i","87":"s","88":"t","89":"i","90":"n","91":"g","92":".","93":"v","94":"u","95":"e","96":"\"","97":"]","98":",","99":"\"","100":"n","101":"a","102":"m","103":"e","104":"s","105":"\"","106":":","107":"[","108":"]","109":",","110":"\"","111":"m","112":"a","113":"p","114":"p","115":"i","116":"n","117":"g","118":"s","119":"\"","120":":","121":"\"","122":";","123":";","124":";","125":";","126":";","127":";","128":";","129":"e","130":"A","131":"s","132":"D","133":"e","134":";","135":"E","136":"A","137":"C","138":"b","139":",","140":"I","141":"A","142":"A","143":"I","144":",","145":"E","146":"A","147":"A","148":"E","149":",","150":"Y","151":"A","152":"A","153":"Y","154":";","155":"E","156":"A","157":"C","158":"l","159":"B","160":",","161":"K","162":"A","163":"A","164":"K","165":",","166":"E","167":"A","168":"A","169":"E","170":";","171":"I","172":"A","173":"C","174":"L","175":",","176":"G","177":"A","178":"A","179":"G","180":",","181":"E","182":"A","183":"A","184":"E","185":";","186":"M","187":"A","188":"C","189":"H","190":",","191":"I","192":"A","193":"A","194":"I","195":",","196":"E","197":"A","198":"A","199":"E","200":",","201":"M","202":"A","203":"A","204":"M","205":";","206":"M","207":"A","208":"C","209":"Z","210":",","211":"Q","212":"A","213":"A","214":"Q","215":",","216":"E","217":"A","218":"A","219":"E","220":";","221":"I","222":"A","223":"C","224":"Z","225":";","226":"E","227":"A","228":"C","229":"F","230":",","231":"C","232":"A","233":"A","234":"C","235":";","236":"E","237":"A","238":"C","239":"D","240":",","241":"Q","242":"A","243":"A","244":"Q","245":",","246":"E","247":"A","248":"A","249":"E","250":";","251":"I","252":"A","253":"C","254":"R","255":",","256":"W","257":"A","258":"A","259":"W","260":",","261":"G","262":"A","263":"A","264":"G","265":";","266":"M","267":"A","268":"C","269":"Z","270":",","271":"O","272":"A","273":"A","274":"O","275":",","276":"8","277":"B","278":"A","279":"A","280":"8","281":"B","282":";","283":"I","284":"A","285":"C","286":"v","287":"C","288":";","289":"E","290":"A","291":"C","292":"F","293":";","294":"A","295":"A","296":"C","297":"F","298":",","299":"C","300":"A","301":"A","302":"C","303":";","304":"A","305":"A","306":"A","307":"A","308":";","309":"A","310":"A","311":"A","312":"A","313":"\"","314":",","315":"\"","316":"f","317":"i","318":"l","319":"e","320":"\"","321":":","322":"\"","323":"/","324":"U","325":"s","326":"e","327":"r","328":"s","329":"/","330":"k","331":"k","332":"d","333":"a","334":"/","335":"D","336":"e","337":"s","338":"k","339":"t","340":"o","341":"p","342":"/","343":"j","344":"o","345":"b","346":"-","347":"s","348":"e","349":"a","350":"r","351":"c","352":"h","353":"/","354":"s","355":"r","356":"c","357":"/","358":"c","359":"o","360":"m","361":"p","362":"o","363":"n","364":"e","365":"n","366":"t","367":"s","368":"/","369":"J","370":"o","371":"b","372":"R","373":"e","374":"s","375":"u","376":"l","377":"t","378":"s","379":"/","380":"J","381":"o","382":"b","383":"L","384":"i","385":"s","386":"t","387":"i","388":"n","389":"g","390":".","391":"v","392":"u","393":"e","394":"\"","395":",","396":"\"","397":"s","398":"o","399":"u","400":"r","401":"c","402":"e","403":"s","404":"C","405":"o","406":"n","407":"t","408":"e","409":"n","410":"t","411":"\"","412":":","413":"[","414":"\"","415":"<","416":"t","417":"e","418":"m","419":"p","420":"l","421":"a","422":"t","423":"e","424":">","425":"\\","426":"n","427":" ","428":" ","429":"<","430":"l","431":"i","432":" ","433":"c","434":"l","435":"a","436":"s","437":"s","438":"=","439":"\\","440":"\"","441":"m","442":"b","443":"-","444":"7","445":"\\","446":"\"","447":">","448":"\\","449":"n","450":" ","451":" ","452":" ","453":" ","454":"<","455":"r","456":"o","457":"u","458":"t","459":"e","460":"r","461":"-","462":"l","463":"i","464":"n","465":"k","466":"\\","467":"n","468":" ","469":" ","470":" ","471":" ","472":" ","473":" ","474":":","475":"t","476":"o","477":"=","478":"\\","479":"\"","480":"j","481":"o","482":"b","483":"P","484":"a","485":"g","486":"e","487":"L","488":"i","489":"n","490":"k","491":"\\","492":"\"","493":"\\","494":"n","495":" ","496":" ","497":" ","498":" ","499":" ","500":" ","501":"c","502":"l","503":"a","504":"s","505":"s","506":"=","507":"\\","508":"\"","509":"b","510":"l","511":"o","512":"c","513":"k","514":" ","515":"m","516":"x","517":"-","518":"a","519":"u","520":"t","521":"o","522":" ","523":"b","524":"g","525":"-","526":"w","527":"h","528":"i","529":"t","530":"e","531":" ","532":"b","533":"o","534":"r","535":"d","536":"e","537":"r","538":" ","539":"b","540":"o","541":"r","542":"d","543":"e","544":"r","545":"-","546":"s","547":"o","548":"l","549":"i","550":"d","551":" ","552":"b","553":"o","554":"r","555":"d","556":"e","557":"r","558":"-","559":"b","560":"r","561":"a","562":"n","563":"d","564":"-","565":"g","566":"r","567":"a","568":"y","569":"-","570":"2","571":" ","572":"r","573":"o","574":"u","575":"n","576":"d","577":"e","578":"d","579":" ","580":"h","581":"o","582":"v","583":"e","584":"r","585":":","586":"s","587":"h","588":"a","589":"d","590":"o","591":"w","592":"-","593":"g","594":"r","595":"a","596":"y","597":"\\","598":"\"","599":"\\","600":"n","601":" ","602":" ","603":" ","604":" ","605":">","606":"\\","607":"n","608":" ","609":" ","610":" ","611":" ","612":" ","613":" ","614":"<","615":"d","616":"i","617":"v","618":" ","619":"c","620":"l","621":"a","622":"s","623":"s","624":"=","625":"\\","626":"\"","627":"p","628":"t","629":"-","630":"5","631":" ","632":"p","633":"b","634":"-","635":"2","636":" ","637":"m","638":"x","639":"-","640":"8","641":" ","642":"b","643":"o","644":"d","645":"e","646":"r","647":"-","648":"b","649":" ","650":"b","651":"o","652":"r","653":"d","654":"e","655":"r","656":"-","657":"s","658":"o","659":"l","660":"i","661":"d","662":" ","663":"b","664":"o","665":"r","666":"d","667":"e","668":"r","669":"-","670":"b","671":"r","672":"a","673":"n","674":"d","675":"-","676":"g","677":"r","678":"a","679":"y","680":"-","681":"2","682":"\\","683":"\"","684":">","685":"\\","686":"n","687":" ","688":" ","689":" ","690":" ","691":" ","692":" ","693":" ","694":" ","695":"<","696":"h","697":"2","698":" ","699":"c","700":"l","701":"a","702":"s","703":"s","704":"=","705":"\\","706":"\"","707":"m","708":"b","709":"-","710":"2","711":" ","712":"t","713":"e","714":"x","715":"t","716":"-","717":"2","718":"x","719":"l","720":"\\","721":"\"","722":">","723":"\\","724":"n","725":" ","726":" ","727":" ","728":" ","729":" ","730":" ","731":" ","732":" ","733":" ","734":" ","735":"{","736":"{","737":" ","738":"j","739":"o","740":"b","741":".","742":"t","743":"i","744":"t","745":"l","746":"e","747":" ","748":"}","749":"}","750":"\\","751":"n","752":" ","753":" ","754":" ","755":" ","756":" ","757":" ","758":" ","759":" ","760":"<","761":"/","762":"h","763":"2","764":">","765":"\\","766":"n","767":" ","768":" ","769":" ","770":" ","771":" ","772":" ","773":" ","774":" ","775":"<","776":"d","777":"i","778":"v","779":" ","780":"c","781":"l","782":"a","783":"s","784":"s","785":"=","786":"\\","787":"\"","788":"f","789":"l","790":"e","791":"x","792":" ","793":"f","794":"l","795":"e","796":"x","797":"-","798":"r","799":"o","800":"w","801":" ","802":"a","803":"l","804":"i","805":"g","806":"n","807":"-","808":"m","809":"i","810":"d","811":"d","812":"l","813":"e","814":"\\","815":"\"","816":">","817":"\\","818":"n","819":" ","820":" ","821":" ","822":" ","823":" ","824":" ","825":" ","826":" ","827":" ","828":" ","829":"<","830":"d","831":"i","832":"v","833":" ","834":"c","835":"l","836":"a","837":"s","838":"s","839":"=","840":"\\","841":"\"","842":"m","843":"r","844":"-","845":"5","846":"\\","847":"\"","848":">","849":"\\","850":"n","851":" ","852":" ","853":" ","854":" ","855":" ","856":" ","857":" ","858":" ","859":" ","860":" ","861":" ","862":" ","863":"<","864":"s","865":"p","866":"a","867":"n","868":">","869":"{","870":"{","871":" ","872":"j","873":"o","874":"b","875":".","876":"o","877":"r","878":"g","879":"a","880":"n","881":"i","882":"z","883":"a","884":"t","885":"i","886":"o","887":"n","888":" ","889":"}","890":"}","891":"<","892":"/","893":"s","894":"p","895":"a","896":"n","897":">","898":"\\","899":"n","900":" ","901":" ","902":" ","903":" ","904":" ","905":" ","906":" ","907":" ","908":" ","909":" ","910":"<","911":"/","912":"d","913":"i","914":"v","915":">","916":"\\","917":"n","918":" ","919":" ","920":" ","921":" ","922":" ","923":" ","924":" ","925":" ","926":" ","927":" ","928":"<","929":"d","930":"i","931":"v","932":">","933":"\\","934":"n","935":" ","936":" ","937":" ","938":" ","939":" ","940":" ","941":" ","942":" ","943":" ","944":" ","945":" ","946":" ","947":"<","948":"u","949":"l","950":">","951":"\\","952":"n","953":" ","954":" ","955":" ","956":" ","957":" ","958":" ","959":" ","960":" ","961":" ","962":" ","963":" ","964":" ","965":" ","966":" ","967":"<","968":"l","969":"i","970":"\\","971":"n","972":" ","973":" ","974":" ","975":" ","976":" ","977":" ","978":" ","979":" ","980":" ","981":" ","982":" ","983":" ","984":" ","985":" ","986":" ","987":" ","988":"v","989":"-","990":"f","991":"o","992":"r","993":"=","994":"\\","995":"\"","996":"l","997":"o","998":"c","999":"a","1000":"t","1001":"i","1002":"o","1003":"n","1004":" ","1005":"i","1006":"n","1007":" ","1008":"j","1009":"o","1010":"b","1011":".","1012":"l","1013":"o","1014":"c","1015":"a","1016":"t","1017":"i","1018":"o","1019":"n","1020":"s","1021":"\\","1022":"\"","1023":"\\","1024":"n","1025":" ","1026":" ","1027":" ","1028":" ","1029":" ","1030":" ","1031":" ","1032":" ","1033":" ","1034":" ","1035":" ","1036":" ","1037":" ","1038":" ","1039":" ","1040":" ","1041":":","1042":"k","1043":"e","1044":"y","1045":"=","1046":"\\","1047":"\"","1048":"l","1049":"o","1050":"c","1051":"a","1052":"t","1053":"i","1054":"o","1055":"n","1056":"\\","1057":"\"","1058":"\\","1059":"n","1060":" ","1061":" ","1062":" ","1063":" ","1064":" ","1065":" ","1066":" ","1067":" ","1068":" ","1069":" ","1070":" ","1071":" ","1072":" ","1073":" ","1074":" ","1075":" ","1076":"c","1077":"l","1078":"a","1079":"s","1080":"s","1081":"=","1082":"\\","1083":"\"","1084":"i","1085":"n","1086":"l","1087":"i","1088":"n","1089":"e","1090":"-","1091":"b","1092":"l","1093":"o","1094":"c","1095":"k","1096":" ","1097":"m","1098":"r","1099":"-","1100":"5","1101":"\\","1102":"\"","1103":"\\","1104":"n","1105":" ","1106":" ","1107":" ","1108":" ","1109":" ","1110":" ","1111":" ","1112":" ","1113":" ","1114":" ","1115":" ","1116":" ","1117":" ","1118":" ","1119":">","1120":"\\","1121":"n","1122":" ","1123":" ","1124":" ","1125":" ","1126":" ","1127":" ","1128":" ","1129":" ","1130":" ","1131":" ","1132":" ","1133":" ","1134":" ","1135":" ","1136":" ","1137":" ","1138":"{","1139":"{","1140":" ","1141":"l","1142":"o","1143":"c","1144":"a","1145":"t","1146":"i","1147":"o","1148":"n","1149":" ","1150":"}","1151":"}","1152":"\\","1153":"n","1154":" ","1155":" ","1156":" ","1157":" ","1158":" ","1159":" ","1160":" ","1161":" ","1162":" ","1163":" ","1164":" ","1165":" ","1166":" ","1167":" ","1168":"<","1169":"/","1170":"l","1171":"i","1172":">","1173":"\\","1174":"n","1175":" ","1176":" ","1177":" ","1178":" ","1179":" ","1180":" ","1181":" ","1182":" ","1183":" ","1184":" ","1185":" ","1186":" ","1187":"<","1188":"/","1189":"u","1190":"l","1191":">","1192":"\\","1193":"n","1194":" ","1195":" ","1196":" ","1197":" ","1198":" ","1199":" ","1200":" ","1201":" ","1202":" ","1203":" ","1204":"<","1205":"/","1206":"d","1207":"i","1208":"v","1209":">","1210":"\\","1211":"n","1212":" ","1213":" ","1214":" ","1215":" ","1216":" ","1217":" ","1218":" ","1219":" ","1220":"<","1221":"/","1222":"d","1223":"i","1224":"v","1225":">","1226":"\\","1227":"n","1228":" ","1229":" ","1230":" ","1231":" ","1232":" ","1233":" ","1234":"<","1235":"/","1236":"d","1237":"i","1238":"v","1239":">","1240":"\\","1241":"n","1242":"\\","1243":"n","1244":" ","1245":" ","1246":" ","1247":" ","1248":" ","1249":" ","1250":"<","1251":"d","1252":"i","1253":"v","1254":" ","1255":"c","1256":"l","1257":"a","1258":"s","1259":"s","1260":"=","1261":"\\","1262":"\"","1263":"p","1264":"x","1265":"-","1266":"8","1267":" ","1268":"p","1269":"y","1270":"-","1271":"4","1272":"\\","1273":"\"","1274":">","1275":"\\","1276":"n","1277":" ","1278":" ","1279":" ","1280":" ","1281":" ","1282":" ","1283":" ","1284":" ","1285":"<","1286":"d","1287":"i","1288":"v","1289":">","1290":"\\","1291":"n","1292":" ","1293":" ","1294":" ","1295":" ","1296":" ","1297":" ","1298":" ","1299":" ","1300":" ","1301":" ","1302":"<","1303":"h","1304":"3","1305":" ","1306":"c","1307":"l","1308":"a","1309":"s","1310":"s","1311":"=","1312":"\\","1313":"\"","1314":"m","1315":"t","1316":"-","1317":"1","1318":" ","1319":"m","1320":"b","1321":"-","1322":"2","1323":"\\","1324":"\"","1325":">","1326":"Q","1327":"u","1328":"a","1329":"l","1330":"i","1331":"f","1332":"i","1333":"c","1334":"a","1335":"t","1336":"i","1337":"o","1338":"n","1339":"s","1340":":","1341":"<","1342":"/","1343":"h","1344":"3","1345":">","1346":"\\","1347":"n","1348":" ","1349":" ","1350":" ","1351":" ","1352":" ","1353":" ","1354":" ","1355":" ","1356":" ","1357":" ","1358":"<","1359":"d","1360":"i","1361":"v","1362":">","1363":"\\","1364":"n","1365":" ","1366":" ","1367":" ","1368":" ","1369":" ","1370":" ","1371":" ","1372":" ","1373":" ","1374":" ","1375":" ","1376":" ","1377":"<","1378":"u","1379":"l","1380":" ","1381":"c","1382":"l","1383":"a","1384":"s","1385":"s","1386":"=","1387":"\\","1388":"\"","1389":"p","1390":"l","1391":"-","1392":"8","1393":" ","1394":"l","1395":"i","1396":"s","1397":"t","1398":"-","1399":"d","1400":"i","1401":"s","1402":"c","1403":"\\","1404":"\"","1405":">","1406":"\\","1407":"n","1408":" ","1409":" ","1410":" ","1411":" ","1412":" ","1413":" ","1414":" ","1415":" ","1416":" ","1417":" ","1418":" ","1419":" ","1420":" ","1421":" ","1422":"<","1423":"l","1424":"i","1425":"\\","1426":"n","1427":" ","1428":" ","1429":" ","1430":" ","1431":" ","1432":" ","1433":" ","1434":" ","1435":" ","1436":" ","1437":" ","1438":" ","1439":" ","1440":" ","1441":" ","1442":" ","1443":"v","1444":"-","1445":"f","1446":"o","1447":"r","1448":"=","1449":"\\","1450":"\"","1451":"q","1452":"u","1453":"a","1454":"l","1455":"i","1456":"f","1457":"i","1458":"c","1459":"a","1460":"t","1461":"i","1462":"o","1463":"n","1464":" ","1465":"i","1466":"n","1467":" ","1468":"j","1469":"o","1470":"b","1471":".","1472":"m","1473":"i","1474":"n","1475":"i","1476":"m","1477":"u","1478":"m","1479":"Q","1480":"u","1481":"a","1482":"l","1483":"i","1484":"f","1485":"i","1486":"c","1487":"a","1488":"t","1489":"i","1490":"o","1491":"n","1492":"s","1493":"\\","1494":"\"","1495":"\\","1496":"n","1497":" ","1498":" ","1499":" ","1500":" ","1501":" ","1502":" ","1503":" ","1504":" ","1505":" ","1506":" ","1507":" ","1508":" ","1509":" ","1510":" ","1511":" ","1512":" ","1513":":","1514":"k","1515":"e","1516":"y","1517":"=","1518":"\\","1519":"\"","1520":"q","1521":"u","1522":"a","1523":"l","1524":"i","1525":"f","1526":"i","1527":"c","1528":"a","1529":"t","1530":"i","1531":"o","1532":"n","1533":"\\","1534":"\"","1535":"\\","1536":"n","1537":" ","1538":" ","1539":" ","1540":" ","1541":" ","1542":" ","1543":" ","1544":" ","1545":" ","1546":" ","1547":" ","1548":" ","1549":" ","1550":" ","1551":">","1552":"\\","1553":"n","1554":" ","1555":" ","1556":" ","1557":" ","1558":" ","1559":" ","1560":" ","1561":" ","1562":" ","1563":" ","1564":" ","1565":" ","1566":" ","1567":" ","1568":" ","1569":" ","1570":"{","1571":"{","1572":" ","1573":"q","1574":"u","1575":"a","1576":"l","1577":"i","1578":"f","1579":"i","1580":"c","1581":"a","1582":"t","1583":"i","1584":"o","1585":"n","1586":" ","1587":"}","1588":"}","1589":"\\","1590":"n","1591":" ","1592":" ","1593":" ","1594":" ","1595":" ","1596":" ","1597":" ","1598":" ","1599":" ","1600":" ","1601":" ","1602":" ","1603":" ","1604":" ","1605":"<","1606":"/","1607":"l","1608":"i","1609":">","1610":"\\","1611":"n","1612":" ","1613":" ","1614":" ","1615":" ","1616":" ","1617":" ","1618":" ","1619":" ","1620":" ","1621":" ","1622":" ","1623":" ","1624":"<","1625":"/","1626":"u","1627":"l","1628":">","1629":"\\","1630":"n","1631":" ","1632":" ","1633":" ","1634":" ","1635":" ","1636":" ","1637":" ","1638":" ","1639":" ","1640":" ","1641":"<","1642":"/","1643":"d","1644":"i","1645":"v","1646":">","1647":"\\","1648":"n","1649":" ","1650":" ","1651":" ","1652":" ","1653":" ","1654":" ","1655":" ","1656":" ","1657":"<","1658":"/","1659":"d","1660":"i","1661":"v","1662":">","1663":"\\","1664":"n","1665":"\\","1666":"n","1667":" ","1668":" ","1669":" ","1670":" ","1671":" ","1672":" ","1673":" ","1674":" ","1675":"<","1676":"d","1677":"i","1678":"v","1679":" ","1680":"c","1681":"l","1682":"a","1683":"s","1684":"s","1685":"=","1686":"\\","1687":"\"","1688":"m","1689":"t","1690":"-","1691":"2","1692":" ","1693":"t","1694":"e","1695":"x","1696":"t","1697":"-","1698":"c","1699":"e","1700":"n","1701":"t","1702":"e","1703":"r","1704":"\\","1705":"\"","1706":">","1707":"\\","1708":"n","1709":" ","1710":" ","1711":" ","1712":" ","1713":" ","1714":" ","1715":" ","1716":" ","1717":" ","1718":" ","1719":"<","1720":"r","1721":"o","1722":"u","1723":"t","1724":"e","1725":"r","1726":"-","1727":"l","1728":"i","1729":"n","1730":"k","1731":" ","1732":":","1733":"t","1734":"o","1735":"=","1736":"\\","1737":"\"","1738":"j","1739":"o","1740":"b","1741":"P","1742":"a","1743":"g","1744":"e","1745":"L","1746":"i","1747":"n","1748":"k","1749":"\\","1750":"\"","1751":" ","1752":"c","1753":"l","1754":"a","1755":"s","1756":"s","1757":"=","1758":"\\","1759":"\"","1760":"t","1761":"e","1762":"x","1763":"t","1764":"-","1765":"b","1766":"r","1767":"a","1768":"n","1769":"d","1770":"-","1771":"b","1772":"l","1773":"u","1774":"e","1775":"-","1776":"1","1777":"\\","1778":"\"","1779":"\\","1780":"n","1781":" ","1782":" ","1783":" ","1784":" ","1785":" ","1786":" ","1787":" ","1788":" ","1789":" ","1790":" ","1791":" ","1792":" ","1793":">","1794":"E","1795":"x","1796":"p","1797":"a","1798":"n","1799":"d","1800":"<","1801":"/","1802":"r","1803":"o","1804":"u","1805":"t","1806":"e","1807":"r","1808":"-","1809":"l","1810":"i","1811":"n","1812":"k","1813":"\\","1814":"n","1815":" ","1816":" ","1817":" ","1818":" ","1819":" ","1820":" ","1821":" ","1822":" ","1823":" ","1824":" ","1825":">","1826":"\\","1827":"n","1828":" ","1829":" ","1830":" ","1831":" ","1832":" ","1833":" ","1834":" ","1835":" ","1836":"<","1837":"/","1838":"d","1839":"i","1840":"v","1841":">","1842":"\\","1843":"n","1844":" ","1845":" ","1846":" ","1847":" ","1848":" ","1849":" ","1850":"<","1851":"/","1852":"d","1853":"i","1854":"v","1855":">","1856":"\\","1857":"n","1858":" ","1859":" ","1860":" ","1861":" ","1862":"<","1863":"/","1864":"r","1865":"o","1866":"u","1867":"t","1868":"e","1869":"r","1870":"-","1871":"l","1872":"i","1873":"n","1874":"k","1875":">","1876":"\\","1877":"n","1878":" ","1879":" ","1880":"<","1881":"/","1882":"l","1883":"i","1884":">","1885":"\\","1886":"n","1887":"<","1888":"/","1889":"t","1890":"e","1891":"m","1892":"p","1893":"l","1894":"a","1895":"t","1896":"e","1897":">","1898":"\\","1899":"n","1900":"\\","1901":"n","1902":"<","1903":"s","1904":"c","1905":"r","1906":"i","1907":"p","1908":"t","1909":">","1910":"\\","1911":"n","1912":"e","1913":"x","1914":"p","1915":"o","1916":"r","1917":"t","1918":" ","1919":"d","1920":"e","1921":"f","1922":"a","1923":"u","1924":"l","1925":"t","1926":" ","1927":"{","1928":"\\","1929":"n","1930":" ","1931":" ","1932":"n","1933":"a","1934":"m","1935":"e","1936":":","1937":" ","1938":"\\","1939":"\"","1940":"J","1941":"o","1942":"b","1943":"L","1944":"i","1945":"s","1946":"t","1947":"i","1948":"n","1949":"g","1950":"\\","1951":"\"","1952":",","1953":"\\","1954":"n","1955":" ","1956":" ","1957":"p","1958":"r","1959":"o","1960":"p","1961":"s","1962":":","1963":" ","1964":"{","1965":"\\","1966":"n","1967":" ","1968":" ","1969":" ","1970":" ","1971":"j","1972":"o","1973":"b","1974":":","1975":" ","1976":"{","1977":"\\","1978":"n","1979":" ","1980":" ","1981":" ","1982":" ","1983":" ","1984":" ","1985":"t","1986":"y","1987":"p","1988":"e","1989":":","1990":" ","1991":"O","1992":"b","1993":"j","1994":"e","1995":"c","1996":"t","1997":",","1998":"\\","1999":"n","2000":" ","2001":" ","2002":" ","2003":" ","2004":" ","2005":" ","2006":"r","2007":"e","2008":"q","2009":"u","2010":"i","2011":"r","2012":"e","2013":"d","2014":":","2015":" ","2016":"t","2017":"r","2018":"u","2019":"e","2020":",","2021":"\\","2022":"n","2023":" ","2024":" ","2025":" ","2026":" ","2027":"}","2028":",","2029":"\\","2030":"n","2031":" ","2032":" ","2033":"}","2034":",","2035":"\\","2036":"n","2037":" ","2038":" ","2039":"c","2040":"o","2041":"m","2042":"p","2043":"u","2044":"t","2045":"e","2046":"d","2047":":","2048":" ","2049":"{","2050":"\\","2051":"n","2052":" ","2053":" ","2054":" ","2055":" ","2056":"j","2057":"o","2058":"b","2059":"P","2060":"a","2061":"g","2062":"e","2063":"L","2064":"i","2065":"n","2066":"k","2067":"(","2068":")","2069":" ","2070":"{","2071":"\\","2072":"n","2073":" ","2074":" ","2075":" ","2076":" ","2077":" ","2078":" ","2079":"r","2080":"e","2081":"t","2082":"u","2083":"r","2084":"n","2085":" ","2086":"\\","2087":"\"","2088":"/","2089":"j","2090":"o","2091":"b","2092":"s","2093":"/","2094":"r","2095":"e","2096":"s","2097":"u","2098":"l","2099":"t","2100":"s","2101":"/","2102":"$","2103":"{","2104":"t","2105":"h","2106":"i","2107":"s","2108":".","2109":"j","2110":"o","2111":"b","2112":".","2113":"i","2114":"d","2115":"}","2116":"\\","2117":"\"","2118":";","2119":"\\","2120":"n","2121":" ","2122":" ","2123":" ","2124":" ","2125":"}","2126":",","2127":"\\","2128":"n","2129":" ","2130":" ","2131":"}","2132":",","2133":"\\","2134":"n","2135":"}","2136":";","2137":"\\","2138":"n","2139":"<","2140":"/","2141":"s","2142":"c","2143":"r","2144":"i","2145":"p","2146":"t","2147":">","2148":"\\","2149":"n","2150":"\"","2151":"]","2152":"}"},"_coverageSchema":"1a1c01bbd47fc00a2c39e90264f33305004495a9","hash":"48ec84dde015699441bbaea238480ade01c4e4e3"}
,"/Users/kkda/Desktop/job-search/src/components/JobResults/JobListings.vue": {"path":"/Users/kkda/Desktop/job-search/src/components/JobResults/JobListings.vue","statementMap":{"0":{"start":{"line":4,"column":29},"end":{"line":4,"column":139}},"1":{"start":{"line":5,"column":0},"end":{"line":7,"column":3}},"2":{"start":{"line":8,"column":0},"end":{"line":8,"column":25}},"3":{"start":{"line":70,"column":0},"end":{"line":70,"column":13}},"4":{"start":{"line":72,"column":0},"end":{"line":74,"column":3}},"5":{"start":{"line":75,"column":0},"end":{"line":75,"column":24}},"6":{"start":{"line":76,"column":11},"end":{"line":76,"column":25}},"7":{"start":{"line":77,"column":19},"end":{"line":79,"column":1}},"8":{"start":{"line":80,"column":19},"end":{"line":82,"column":1}},"9":{"start":{"line":83,"column":19},"end":{"line":85,"column":1}},"10":{"start":{"line":86,"column":19},"end":{"line":88,"column":1}},"11":{"start":{"line":89,"column":19},"end":{"line":91,"column":1}},"12":{"start":{"line":93,"column":33},"end":{"line":93,"column":74}},"13":{"start":{"line":94,"column":33},"end":{"line":94,"column":74}},"14":{"start":{"line":95,"column":2},"end":{"line":127,"column":82}},"15":{"start":{"line":96,"column":4},"end":{"line":100,"column":37}},"16":{"start":{"line":112,"column":37},"end":{"line":112,"column":76}},"17":{"start":{"line":125,"column":37},"end":{"line":125,"column":72}},"18":{"start":{"line":128,"column":2},"end":{"line":128,"column":49}}},"fnMap":{"0":{"name":"render","decl":{"start":{"line":92,"column":9},"end":{"line":92,"column":15}},"loc":{"start":{"line":92,"column":30},"end":{"line":128,"column":1}},"line":92},"1":{"name":"(anonymous_1)","decl":{"start":{"line":95,"column":243},"end":{"line":95,"column":244}},"loc":{"start":{"line":95,"column":250},"end":{"line":101,"column":3}},"line":95},"2":{"name":"(anonymous_2)","decl":{"start":{"line":112,"column":31},"end":{"line":112,"column":32}},"loc":{"start":{"line":112,"column":37},"end":{"line":112,"column":76}},"line":112},"3":{"name":"(anonymous_3)","decl":{"start":{"line":125,"column":31},"end":{"line":125,"column":32}},"loc":{"start":{"line":125,"column":37},"end":{"line":125,"column":72}},"line":125}},"branchMap":{"0":{"loc":{"start":{"line":101,"column":299},"end":{"line":114,"column":73}},"type":"cond-expr","locations":[{"start":{"line":101,"column":320},"end":{"line":114,"column":27}},{"start":{"line":114,"column":31},"end":{"line":114,"column":73}}],"line":101},"1":{"loc":{"start":{"line":114,"column":75},"end":{"line":127,"column":73}},"type":"cond-expr","locations":[{"start":{"line":114,"column":92},"end":{"line":127,"column":27}},{"start":{"line":127,"column":31},"end":{"line":127,"column":73}}],"line":114}},"s":{"0":1,"1":1,"2":1,"3":1,"4":1,"5":1,"6":1,"7":1,"8":1,"9":1,"10":1,"11":1,"12":16,"13":16,"14":16,"15":50,"16":8,"17":4,"18":1},"f":{"0":16,"1":50,"2":8,"3":4},"b":{"0":[8,8],"1":[4,12]},"inputSourceMap":{"0":"{","1":"\"","2":"v","3":"e","4":"r","5":"s","6":"i","7":"o","8":"n","9":"\"","10":":","11":"3","12":",","13":"\"","14":"s","15":"o","16":"u","17":"r","18":"c","19":"e","20":"s","21":"\"","22":":","23":"[","24":"\"","25":"/","26":"U","27":"s","28":"e","29":"r","30":"s","31":"/","32":"k","33":"k","34":"d","35":"a","36":"/","37":"D","38":"e","39":"s","40":"k","41":"t","42":"o","43":"p","44":"/","45":"j","46":"o","47":"b","48":"-","49":"s","50":"e","51":"a","52":"r","53":"c","54":"h","55":"/","56":"s","57":"r","58":"c","59":"/","60":"c","61":"o","62":"m","63":"p","64":"o","65":"n","66":"e","67":"n","68":"t","69":"s","70":"/","71":"J","72":"o","73":"b","74":"R","75":"e","76":"s","77":"u","78":"l","79":"t","80":"s","81":"/","82":"J","83":"o","84":"b","85":"L","86":"i","87":"s","88":"t","89":"i","90":"n","91":"g","92":"s","93":".","94":"v","95":"u","96":"e","97":"\"","98":"]","99":",","100":"\"","101":"n","102":"a","103":"m","104":"e","105":"s","106":"\"","107":":","108":"[","109":"]","110":",","111":"\"","112":"m","113":"a","114":"p","115":"p","116":"i","117":"n","118":"g","119":"s","120":"\"","121":":","122":"\"","123":";","124":";","125":";","126":";","127":";","128":";","129":";","130":";","131":"A","132":"A","133":"o","134":"C","135":"A","136":";","137":"A","138":"A","139":"A","140":"A","141":";","142":"A","143":"A","144":"A","145":"A","146":";","147":"A","148":"A","149":"C","150":"A","151":";","152":"A","153":"A","154":"A","155":"A","156":";","157":"A","158":"A","159":"A","160":"A","161":";","162":"A","163":"A","164":"A","165":"g","166":"E","167":";","168":"A","169":"A","170":"A","171":"A","172":",","173":"e","174":"A","175":"E","176":"j","177":"D","178":";","179":"E","180":"A","181":"C","182":"b","183":",","184":"I","185":"A","186":"A","187":"I","188":",","189":"E","190":"A","191":"A","192":"E","193":",","194":"a","195":"A","196":"A","197":"a","198":";","199":"E","200":"A","201":"C","202":"n","203":"B","204":",","205":"U","206":"A","207":"A","208":"U","209":",","210":"E","211":"A","212":"A","213":"E","214":";","215":"I","216":"A","217":"C","218":"V","219":",","220":"U","221":"A","222":"A","223":"U","224":";","225":"I","226":"A","227":"A","228":"V","229":";","230":"I","231":"A","232":"A","233":"A","234":";","235":"I","236":"A","237":"A","238":"A","239":";","240":"I","241":"A","242":"A","243":"A","244":";","245":"E","246":"A","247":"C","248":"F","249":",","250":"C","251":"A","252":"A","253":"C","254":";","255":"E","256":"A","257":"E","258":"D","259":",","260":"I","261":"A","262":"A","263":"I","264":",","265":"G","266":"A","267":"A","268":"G","269":";","270":"I","271":"A","272":"C","273":"L","274":",","275":"O","276":"A","277":"A","278":"O","279":";","280":"M","281":"A","282":"C","283":"L","284":",","285":"I","286":"A","287":"A","288":"I","289":",","290":"E","291":"A","292":"A","293":"E","294":";","295":"I","296":"A","297":"C","298":"R","299":",","300":"C","301":"A","302":"A","303":"C","304":";","305":"E","306":"A","307":"C","308":"H","309":",","310":"C","311":"A","312":"A","313":"C","314":";","315":"E","316":"A","317":"C","318":"D","319":",","320":"Q","321":"A","322":"A","323":"Q","324":",","325":"E","326":"A","327":"A","328":"E","329":";","330":"I","331":"A","332":"C","333":"R","334":",","335":"W","336":"A","337":"A","338":"W","339":",","340":"G","341":"A","342":"A","343":"G","344":";","345":"M","346":"A","347":"C","348":"Z","349":",","350":"M","351":"A","352":"A","353":"M","354":",","355":"U","356":"A","357":"A","358":"U","359":",","360":"G","361":"A","362":"A","363":"G","364":",","365":"I","366":"A","367":"A","368":"I","369":",","370":"C","371":"A","372":"A","373":"C","374":",","375":"M","376":"A","377":"A","378":"M","379":",","380":"C","381":"A","382":"A","383":"C","384":",","385":"K","386":"A","387":"A","388":"K","389":",","390":"C","391":"A","392":"A","393":"C","394":",","395":"I","396":"A","397":"A","398":"I","399":",","400":"I","401":"A","402":"A","403":"I","404":",","405":"G","406":"A","407":"A","408":"G","409":",","410":"C","411":"A","412":"A","413":"C","414":",","415":"C","416":"A","417":"A","418":"C","419":";","420":"M","421":"A","422":"C","423":"l","424":"D","425":",","426":"O","427":"A","428":"A","429":"O","430":",","431":"M","432":"A","433":"A","434":"M","435":",","436":"C","437":"A","438":"A","439":"C","440":",","441":"Q","442":"A","443":"A","444":"Q","445":",","446":"C","447":"A","448":"A","449":"C","450":",","451":"U","452":"A","453":"A","454":"U","455":",","456":"C","457":"A","458":"A","459":"C","460":",","461":"C","462":"A","463":"A","464":"C","465":",","466":"C","467":"A","468":"A","469":"C","470":";","471":"I","472":"A","473":"C","474":"t","475":"C","476":",","477":"C","478":"A","479":"A","480":"C","481":";","482":";","483":"I","484":"A","485":"C","486":"D","487":",","488":"Y","489":"A","490":"A","491":"Y","492":",","493":"G","494":"A","495":"A","496":"G","497":";","498":"M","499":"A","500":"C","501":"b","502":",","503":"M","504":"A","505":"A","506":"M","507":",","508":"Y","509":"A","510":"A","511":"Y","512":",","513":"G","514":"A","515":"A","516":"G","517":",","518":"I","519":"A","520":"A","521":"I","522":",","523":"C","524":"A","525":"A","526":"C","527":",","528":"W","529":"A","530":"A","531":"W","532":",","533":"G","534":"A","535":"A","536":"G","537":",","538":"C","539":"A","540":"A","541":"C","542":",","543":"C","544":"A","545":"A","546":"C","547":",","548":"C","549":"A","550":"A","551":"C","552":";","553":"M","554":"A","555":"C","556":"3","557":"C","558":",","559":"M","560":"A","561":"A","562":"M","563":",","564":"S","565":"A","566":"A","567":"S","568":",","569":"G","570":"A","571":"A","572":"G","573":",","574":"C","575":"A","576":"A","577":"C","578":";","579":"M","580":"A","581":"C","582":"n","583":"B","584":",","585":"O","586":"A","587":"A","588":"O","589":",","590":"Y","591":"A","592":"A","593":"Y","594":",","595":"I","596":"A","597":"A","598":"I","599":",","600":"S","601":"A","602":"A","603":"S","604":",","605":"G","606":"A","607":"A","608":"G","609":",","610":"Y","611":"A","612":"A","613":"Y","614":",","615":"G","616":"A","617":"A","618":"G","619":",","620":"S","621":"A","622":"A","623":"S","624":";","625":"I","626":"A","627":"C","628":"7","629":"D","630":",","631":"C","632":"A","633":"A","634":"C","635":";","636":"I","637":"A","638":"C","639":"D","640":",","641":"Q","642":"A","643":"A","644":"Q","645":",","646":"G","647":"A","648":"A","649":"G","650":";","651":"M","652":"A","653":"C","654":"T","655":",","656":"M","657":"A","658":"A","659":"M","660":",","661":"Q","662":"A","663":"A","664":"Q","665":",","666":"G","667":"A","668":"A","669":"G","670":",","671":"I","672":"A","673":"A","674":"I","675":",","676":"C","677":"A","678":"A","679":"C","680":",","681":"W","682":"A","683":"A","684":"W","685":",","686":"G","687":"A","688":"A","689":"G","690":",","691":"C","692":"A","693":"A","694":"C","695":";","696":"M","697":"A","698":"C","699":"r","700":"C","701":",","702":"M","703":"A","704":"A","705":"M","706":",","707":"O","708":"A","709":"A","710":"O","711":",","712":"G","713":"A","714":"A","715":"G","716":",","717":"I","718":"A","719":"A","720":"I","721":",","722":"C","723":"A","724":"A","725":"C","726":",","727":"I","728":"A","729":"A","730":"I","731":",","732":"C","733":"A","734":"A","735":"C","736":",","737":"I","738":"A","739":"A","740":"I","741":",","742":"C","743":"A","744":"A","745":"C","746":",","747":"I","748":"A","749":"A","750":"I","751":",","752":"C","753":"A","754":"A","755":"C","756":",","757":"M","758":"A","759":"A","760":"M","761":",","762":"G","763":"A","764":"A","765":"G","766":",","767":"E","768":"A","769":"A","770":"E","771":",","772":"C","773":"A","774":"A","775":"C","776":";","777":"M","778":"A","779":"C","780":"h","781":"D","782":";","783":"M","784":"A","785":"C","786":"A","787":",","788":"O","789":"A","790":"A","791":"O","792":",","793":"Q","794":"A","795":"A","796":"Q","797":",","798":"I","799":"A","800":"A","801":"I","802":",","803":"O","804":"A","805":"A","806":"O","807":",","808":"G","809":"A","810":"A","811":"G","812":",","813":"Q","814":"A","815":"A","816":"Q","817":",","818":"G","819":"A","820":"A","821":"G","822":",","823":"S","824":"A","825":"A","826":"S","827":";","828":"I","829":"A","830":"C","831":"n","832":"D","833":",","834":"C","835":"A","836":"A","837":"C","838":";","839":"I","840":"A","841":"C","842":"D","843":",","844":"a","845":"A","846":"A","847":"a","848":",","849":"G","850":"A","851":"A","852":"G","853":";","854":"M","855":"A","856":"C","857":"d","858":",","859":"M","860":"A","861":"A","862":"M","863":",","864":"U","865":"A","866":"A","867":"U","868":",","869":"G","870":"A","871":"A","872":"G","873":",","874":"I","875":"A","876":"A","877":"I","878":",","879":"C","880":"A","881":"A","882":"C","883":",","884":"W","885":"A","886":"A","887":"W","888":";","889":"M","890":"A","891":"C","892":"n","893":"C","894":",","895":"M","896":"A","897":"A","898":"M","899":",","900":"a","901":"A","902":"A","903":"a","904":",","905":"G","906":"A","907":"A","908":"G","909":",","910":"C","911":"A","912":"A","913":"C","914":",","915":"U","916":"A","917":"A","918":"U","919":",","920":"G","921":"A","922":"A","923":"G","924":",","925":"C","926":"A","927":"A","928":"C","929":",","930":"I","931":"A","932":"A","933":"I","934":",","935":"E","936":"A","937":"A","938":"E","939":",","940":"C","941":"A","942":"A","943":"C","944":",","945":"C","946":"A","947":"A","948":"C","949":";","950":"M","951":"A","952":"C","953":"7","954":"C","955":",","956":"M","957":"A","958":"A","959":"M","960":",","961":"Y","962":"A","963":"A","964":"Y","965":",","966":"G","967":"A","968":"A","969":"G","970":",","971":"U","972":"A","973":"A","974":"U","975":",","976":"G","977":"A","978":"A","979":"G","980":",","981":"E","982":"A","983":"A","984":"E","985":",","986":"C","987":"A","988":"A","989":"C","990":",","991":"C","992":"A","993":"A","994":"C","995":";","996":"M","997":"A","998":"C","999":"t","1000":"C","1001":",","1002":"O","1003":"A","1004":"A","1005":"O","1006":",","1007":"I","1008":"A","1009":"A","1010":"I","1011":",","1012":"C","1013":"A","1014":"A","1015":"C","1016":",","1017":"I","1018":"A","1019":"A","1020":"I","1021":",","1022":"C","1023":"A","1024":"A","1025":"C","1026":",","1027":"K","1028":"A","1029":"A","1030":"K","1031":",","1032":"C","1033":"A","1034":"A","1035":"C","1036":",","1037":"a","1038":"A","1039":"A","1040":"a","1041":",","1042":"E","1043":"A","1044":"A","1045":"E","1046":",","1047":"Y","1048":"A","1049":"A","1050":"Y","1051":",","1052":"C","1053":"A","1054":"A","1055":"C","1056":";","1057":"I","1058":"A","1059":"C","1060":"r","1061":"D","1062":";","1063":"E","1064":"A","1065":"C","1066":"F","1067":",","1068":"C","1069":"A","1070":"A","1071":"C","1072":";","1073":"E","1074":"A","1075":"C","1076":"D","1077":",","1078":"M","1079":"A","1080":"A","1081":"M","1082":",","1083":"O","1084":"A","1085":"A","1086":"O","1087":",","1088":"G","1089":"A","1090":"A","1091":"G","1092":";","1093":"I","1094":"A","1095":"C","1096":"d","1097":";","1098":"I","1099":"A","1100":"C","1101":"A","1102":",","1103":"M","1104":"A","1105":"A","1106":"M","1107":",","1108":"Q","1109":"A","1110":"A","1111":"Q","1112":",","1113":"G","1114":"A","1115":"A","1116":"G","1117":",","1118":"O","1119":"A","1120":"A","1121":"O","1122":",","1123":"C","1124":"A","1125":"A","1126":"C","1127":",","1128":"G","1129":"A","1130":"A","1131":"G","1132":",","1133":"C","1134":"A","1135":"A","1136":"C","1137":",","1138":"e","1139":"A","1140":"A","1141":"e","1142":";","1143":"I","1144":"A","1145":"C","1146":"5","1147":"C","1148":";","1149":"I","1150":"A","1151":"C","1152":"A","1153":",","1154":"M","1155":"A","1156":"A","1157":"M","1158":",","1159":"Q","1160":"A","1161":"A","1162":"Q","1163":",","1164":"G","1165":"A","1166":"A","1167":"G","1168":",","1169":"M","1170":"A","1171":"A","1172":"M","1173":";","1174":"M","1175":"A","1176":"A","1177":"A","1178":";","1179":"M","1180":"A","1181":"A","1182":"A","1183":";","1184":"M","1185":"A","1186":"A","1187":"A","1188":";","1189":"M","1190":"A","1191":"A","1192":"A","1193":",","1194":"O","1195":"A","1196":"A","1197":"K","1198":",","1199":"C","1200":"A","1201":"A","1202":"C","1203":",","1204":"G","1205":"A","1206":"A","1207":"G","1208":",","1209":"C","1210":"A","1211":"A","1212":"C","1213":",","1214":"Q","1215":"A","1216":"A","1217":"Q","1218":";","1219":"I","1220":"A","1221":"A","1222":"C","1223":";","1224":"I","1225":"A","1226":"C","1227":"1","1228":"C","1229":";","1230":"I","1231":"A","1232":"C","1233":"A","1234":",","1235":"I","1236":"A","1237":"A","1238":"I","1239":",","1240":"C","1241":"A","1242":"A","1243":"C","1244":",","1245":"I","1246":"A","1247":"A","1248":"I","1249":",","1250":"G","1251":"A","1252":"A","1253":"G","1254":",","1255":"Q","1256":"A","1257":"A","1258":"Q","1259":",","1260":"C","1261":"A","1262":"A","1263":"C","1264":",","1265":"I","1266":"A","1267":"A","1268":"I","1269":";","1270":"E","1271":"A","1272":"C","1273":"3","1274":"B","1275":";","1276":"A","1277":"A","1278":"C","1279":"F","1280":",","1281":"C","1282":"A","1283":"A","1284":"C","1285":";","1286":"A","1287":"A","1288":"A","1289":"A","1290":";","1291":"A","1292":"A","1293":"A","1294":"A","1295":"\"","1296":",","1297":"\"","1298":"f","1299":"i","1300":"l","1301":"e","1302":"\"","1303":":","1304":"\"","1305":"/","1306":"U","1307":"s","1308":"e","1309":"r","1310":"s","1311":"/","1312":"k","1313":"k","1314":"d","1315":"a","1316":"/","1317":"D","1318":"e","1319":"s","1320":"k","1321":"t","1322":"o","1323":"p","1324":"/","1325":"j","1326":"o","1327":"b","1328":"-","1329":"s","1330":"e","1331":"a","1332":"r","1333":"c","1334":"h","1335":"/","1336":"s","1337":"r","1338":"c","1339":"/","1340":"c","1341":"o","1342":"m","1343":"p","1344":"o","1345":"n","1346":"e","1347":"n","1348":"t","1349":"s","1350":"/","1351":"J","1352":"o","1353":"b","1354":"R","1355":"e","1356":"s","1357":"u","1358":"l","1359":"t","1360":"s","1361":"/","1362":"J","1363":"o","1364":"b","1365":"L","1366":"i","1367":"s","1368":"t","1369":"i","1370":"n","1371":"g","1372":"s","1373":".","1374":"v","1375":"u","1376":"e","1377":"\"","1378":",","1379":"\"","1380":"s","1381":"o","1382":"u","1383":"r","1384":"c","1385":"e","1386":"s","1387":"C","1388":"o","1389":"n","1390":"t","1391":"e","1392":"n","1393":"t","1394":"\"","1395":":","1396":"[","1397":"\"","1398":"<","1399":"t","1400":"e","1401":"m","1402":"p","1403":"l","1404":"a","1405":"t","1406":"e","1407":">","1408":"\\","1409":"n","1410":" ","1411":" ","1412":"<","1413":"m","1414":"a","1415":"i","1416":"n","1417":" ","1418":"c","1419":"l","1420":"a","1421":"s","1422":"s","1423":"=","1424":"\\","1425":"\"","1426":"f","1427":"l","1428":"e","1429":"x","1430":"-","1431":"a","1432":"u","1433":"t","1434":"o","1435":" ","1436":"p","1437":"-","1438":"8","1439":" ","1440":"b","1441":"g","1442":"-","1443":"b","1444":"r","1445":"a","1446":"n","1447":"d","1448":"-","1449":"g","1450":"r","1451":"a","1452":"y","1453":"-","1454":"2","1455":"\\","1456":"\"","1457":">","1458":"\\","1459":"n","1460":" ","1461":" ","1462":" ","1463":" ","1464":"<","1465":"o","1466":"l","1467":">","1468":"\\","1469":"n","1470":" ","1471":" ","1472":" ","1473":" ","1474":" ","1475":" ","1476":"<","1477":"j","1478":"o","1479":"b","1480":"-","1481":"l","1482":"i","1483":"s","1484":"t","1485":"i","1486":"n","1487":"g","1488":"\\","1489":"n","1490":" ","1491":" ","1492":" ","1493":" ","1494":" ","1495":" ","1496":" ","1497":" ","1498":"v","1499":"-","1500":"f","1501":"o","1502":"r","1503":"=","1504":"\\","1505":"\"","1506":"j","1507":"o","1508":"b","1509":" ","1510":"i","1511":"n","1512":" ","1513":"d","1514":"i","1515":"s","1516":"p","1517":"l","1518":"a","1519":"y","1520":"e","1521":"d","1522":"J","1523":"o","1524":"b","1525":"s","1526":"\\","1527":"\"","1528":"\\","1529":"n","1530":" ","1531":" ","1532":" ","1533":" ","1534":" ","1535":" ","1536":" ","1537":" ","1538":":","1539":"k","1540":"e","1541":"y","1542":"=","1543":"\\","1544":"\"","1545":"j","1546":"o","1547":"b","1548":".","1549":"i","1550":"d","1551":"\\","1552":"\"","1553":"\\","1554":"n","1555":" ","1556":" ","1557":" ","1558":" ","1559":" ","1560":" ","1561":" ","1562":" ","1563":":","1564":"j","1565":"o","1566":"b","1567":"=","1568":"\\","1569":"\"","1570":"j","1571":"o","1572":"b","1573":"\\","1574":"\"","1575":"\\","1576":"n","1577":" ","1578":" ","1579":" ","1580":" ","1581":" ","1582":" ","1583":" ","1584":" ","1585":"d","1586":"a","1587":"t","1588":"a","1589":"-","1590":"t","1591":"e","1592":"s","1593":"t","1594":"=","1595":"\\","1596":"\"","1597":"j","1598":"o","1599":"b","1600":"-","1601":"l","1602":"i","1603":"s","1604":"t","1605":"i","1606":"n","1607":"g","1608":"\\","1609":"\"","1610":"\\","1611":"n","1612":" ","1613":" ","1614":" ","1615":" ","1616":" ","1617":" ","1618":"/","1619":">","1620":"\\","1621":"n","1622":" ","1623":" ","1624":" ","1625":" ","1626":"<","1627":"/","1628":"o","1629":"l","1630":">","1631":"\\","1632":"n","1633":"\\","1634":"n","1635":" ","1636":" ","1637":" ","1638":" ","1639":"<","1640":"d","1641":"i","1642":"v","1643":" ","1644":"c","1645":"l","1646":"a","1647":"s","1648":"s","1649":"=","1650":"\\","1651":"\"","1652":"m","1653":"t","1654":"-","1655":"8","1656":" ","1657":"m","1658":"x","1659":"-","1660":"a","1661":"u","1662":"t","1663":"o","1664":"\\","1665":"\"","1666":">","1667":"\\","1668":"n","1669":" ","1670":" ","1671":" ","1672":" ","1673":" ","1674":" ","1675":"<","1676":"d","1677":"i","1678":"v","1679":" ","1680":"c","1681":"l","1682":"a","1683":"s","1684":"s","1685":"=","1686":"\\","1687":"\"","1688":"f","1689":"l","1690":"e","1691":"x","1692":" ","1693":"f","1694":"l","1695":"e","1696":"x","1697":"-","1698":"r","1699":"o","1700":"w","1701":" ","1702":"f","1703":"l","1704":"e","1705":"x","1706":"-","1707":"n","1708":"o","1709":"w","1710":"r","1711":"a","1712":"p","1713":"\\","1714":"\"","1715":">","1716":"\\","1717":"n","1718":" ","1719":" ","1720":" ","1721":" ","1722":" ","1723":" ","1724":" ","1725":" ","1726":"<","1727":"p","1728":" ","1729":"c","1730":"l","1731":"a","1732":"s","1733":"s","1734":"=","1735":"\\","1736":"\"","1737":"t","1738":"e","1739":"x","1740":"t","1741":"-","1742":"s","1743":"m","1744":" ","1745":"f","1746":"l","1747":"e","1748":"x","1749":"-","1750":"g","1751":"r","1752":"o","1753":"w","1754":"\\","1755":"\"","1756":">","1757":"P","1758":"a","1759":"g","1760":"e","1761":" ","1762":"{","1763":"{","1764":" ","1765":"c","1766":"u","1767":"r","1768":"r","1769":"e","1770":"n","1771":"t","1772":"P","1773":"a","1774":"g","1775":"e","1776":" ","1777":"}","1778":"}","1779":"<","1780":"/","1781":"p","1782":">","1783":"\\","1784":"n","1785":" ","1786":" ","1787":" ","1788":" ","1789":" ","1790":" ","1791":" ","1792":" ","1793":"<","1794":"d","1795":"i","1796":"v","1797":" ","1798":"c","1799":"l","1800":"a","1801":"s","1802":"s","1803":"=","1804":"\\","1805":"\"","1806":"f","1807":"l","1808":"e","1809":"x","1810":" ","1811":"i","1812":"t","1813":"e","1814":"m","1815":"s","1816":"-","1817":"c","1818":"e","1819":"n","1820":"t","1821":"e","1822":"r","1823":" ","1824":"j","1825":"u","1826":"s","1827":"t","1828":"i","1829":"f","1830":"y","1831":"-","1832":"c","1833":"e","1834":"n","1835":"t","1836":"e","1837":"r","1838":"\\","1839":"\"","1840":">","1841":"\\","1842":"n","1843":" ","1844":" ","1845":" ","1846":" ","1847":" ","1848":" ","1849":" ","1850":" ","1851":" ","1852":" ","1853":"<","1854":"r","1855":"o","1856":"u","1857":"t","1858":"e","1859":"r","1860":"-","1861":"l","1862":"i","1863":"n","1864":"k","1865":"\\","1866":"n","1867":" ","1868":" ","1869":" ","1870":" ","1871":" ","1872":" ","1873":" ","1874":" ","1875":" ","1876":" ","1877":" ","1878":" ","1879":"v","1880":"-","1881":"i","1882":"f","1883":"=","1884":"\\","1885":"\"","1886":"p","1887":"r","1888":"e","1889":"v","1890":"i","1891":"o","1892":"u","1893":"s","1894":"P","1895":"a","1896":"g","1897":"e","1898":"\\","1899":"\"","1900":"\\","1901":"n","1902":" ","1903":" ","1904":" ","1905":" ","1906":" ","1907":" ","1908":" ","1909":" ","1910":" ","1911":" ","1912":" ","1913":" ","1914":":","1915":"t","1916":"o","1917":"=","1918":"\\","1919":"\"","1920":"{","1921":" ","1922":"n","1923":"a","1924":"m","1925":"e","1926":":","1927":" ","1928":"'","1929":"J","1930":"o","1931":"b","1932":"R","1933":"e","1934":"s","1935":"u","1936":"l","1937":"t","1938":"s","1939":"'","1940":",","1941":" ","1942":"q","1943":"u","1944":"e","1945":"r","1946":"y","1947":":","1948":" ","1949":"{","1950":" ","1951":"p","1952":"a","1953":"g","1954":"e","1955":":","1956":" ","1957":"p","1958":"r","1959":"e","1960":"v","1961":"i","1962":"o","1963":"u","1964":"s","1965":"P","1966":"a","1967":"g","1968":"e","1969":" ","1970":"}","1971":" ","1972":"}","1973":"\\","1974":"\"","1975":"\\","1976":"n","1977":" ","1978":" ","1979":" ","1980":" ","1981":" ","1982":" ","1983":" ","1984":" ","1985":" ","1986":" ","1987":" ","1988":" ","1989":"c","1990":"l","1991":"a","1992":"s","1993":"s","1994":"=","1995":"\\","1996":"\"","1997":"m","1998":"x","1999":"-","2000":"3","2001":" ","2002":"t","2003":"e","2004":"x","2005":"t","2006":"-","2007":"s","2008":"m","2009":" ","2010":"f","2011":"o","2012":"n","2013":"t","2014":"-","2015":"s","2016":"e","2017":"m","2018":"i","2019":"b","2020":"o","2021":"l","2022":"d","2023":" ","2024":"t","2025":"e","2026":"x","2027":"t","2028":"-","2029":"b","2030":"r","2031":"a","2032":"n","2033":"d","2034":"-","2035":"b","2036":"l","2037":"u","2038":"e","2039":"-","2040":"1","2041":"\\","2042":"\"","2043":"\\","2044":"n","2045":" ","2046":" ","2047":" ","2048":" ","2049":" ","2050":" ","2051":" ","2052":" ","2053":" ","2054":" ","2055":" ","2056":" ","2057":"d","2058":"a","2059":"t","2060":"a","2061":"-","2062":"t","2063":"e","2064":"s","2065":"t","2066":"=","2067":"\\","2068":"\"","2069":"p","2070":"r","2071":"e","2072":"v","2073":"i","2074":"o","2075":"u","2076":"s","2077":"-","2078":"p","2079":"a","2080":"g","2081":"e","2082":"-","2083":"l","2084":"i","2085":"n","2086":"k","2087":"\\","2088":"\"","2089":"\\","2090":"n","2091":" ","2092":" ","2093":" ","2094":" ","2095":" ","2096":" ","2097":" ","2098":" ","2099":" ","2100":" ","2101":" ","2102":" ","2103":">","2104":"P","2105":"r","2106":"e","2107":"v","2108":"i","2109":"o","2110":"u","2111":"s","2112":"<","2113":"/","2114":"r","2115":"o","2116":"u","2117":"t","2118":"e","2119":"r","2120":"-","2121":"l","2122":"i","2123":"n","2124":"k","2125":"\\","2126":"n","2127":" ","2128":" ","2129":" ","2130":" ","2131":" ","2132":" ","2133":" ","2134":" ","2135":" ","2136":" ","2137":">","2138":"\\","2139":"n","2140":" ","2141":" ","2142":" ","2143":" ","2144":" ","2145":" ","2146":" ","2147":" ","2148":" ","2149":" ","2150":"<","2151":"r","2152":"o","2153":"u","2154":"t","2155":"e","2156":"r","2157":"-","2158":"l","2159":"i","2160":"n","2161":"k","2162":"\\","2163":"n","2164":" ","2165":" ","2166":" ","2167":" ","2168":" ","2169":" ","2170":" ","2171":" ","2172":" ","2173":" ","2174":" ","2175":" ","2176":"v","2177":"-","2178":"i","2179":"f","2180":"=","2181":"\\","2182":"\"","2183":"n","2184":"e","2185":"x","2186":"t","2187":"P","2188":"a","2189":"g","2190":"e","2191":"\\","2192":"\"","2193":"\\","2194":"n","2195":" ","2196":" ","2197":" ","2198":" ","2199":" ","2200":" ","2201":" ","2202":" ","2203":" ","2204":" ","2205":" ","2206":" ","2207":":","2208":"t","2209":"o","2210":"=","2211":"\\","2212":"\"","2213":"{","2214":" ","2215":"n","2216":"a","2217":"m","2218":"e","2219":":","2220":" ","2221":"'","2222":"J","2223":"o","2224":"b","2225":"R","2226":"e","2227":"s","2228":"u","2229":"l","2230":"t","2231":"s","2232":"'","2233":",","2234":" ","2235":"q","2236":"u","2237":"e","2238":"r","2239":"y","2240":":","2241":" ","2242":"{","2243":" ","2244":"p","2245":"a","2246":"g","2247":"e","2248":":","2249":" ","2250":"n","2251":"e","2252":"x","2253":"t","2254":"P","2255":"a","2256":"g","2257":"e","2258":" ","2259":"}","2260":" ","2261":"}","2262":"\\","2263":"\"","2264":"\\","2265":"n","2266":" ","2267":" ","2268":" ","2269":" ","2270":" ","2271":" ","2272":" ","2273":" ","2274":" ","2275":" ","2276":" ","2277":" ","2278":"c","2279":"l","2280":"a","2281":"s","2282":"s","2283":"=","2284":"\\","2285":"\"","2286":"m","2287":"x","2288":"-","2289":"3","2290":" ","2291":"t","2292":"e","2293":"x","2294":"t","2295":"-","2296":"s","2297":"m","2298":" ","2299":"f","2300":"o","2301":"n","2302":"t","2303":"-","2304":"s","2305":"e","2306":"m","2307":"i","2308":"b","2309":"o","2310":"l","2311":"d","2312":" ","2313":"t","2314":"e","2315":"x","2316":"t","2317":"-","2318":"b","2319":"r","2320":"a","2321":"n","2322":"d","2323":"-","2324":"b","2325":"l","2326":"u","2327":"e","2328":"-","2329":"1","2330":"\\","2331":"\"","2332":"\\","2333":"n","2334":" ","2335":" ","2336":" ","2337":" ","2338":" ","2339":" ","2340":" ","2341":" ","2342":" ","2343":" ","2344":" ","2345":" ","2346":"d","2347":"a","2348":"t","2349":"a","2350":"-","2351":"t","2352":"e","2353":"s","2354":"t","2355":"=","2356":"\\","2357":"\"","2358":"n","2359":"e","2360":"x","2361":"t","2362":"-","2363":"p","2364":"a","2365":"g","2366":"e","2367":"-","2368":"l","2369":"i","2370":"n","2371":"k","2372":"\\","2373":"\"","2374":"\\","2375":"n","2376":" ","2377":" ","2378":" ","2379":" ","2380":" ","2381":" ","2382":" ","2383":" ","2384":" ","2385":" ","2386":" ","2387":" ","2388":">","2389":"N","2390":"e","2391":"x","2392":"t","2393":"<","2394":"/","2395":"r","2396":"o","2397":"u","2398":"t","2399":"e","2400":"r","2401":"-","2402":"l","2403":"i","2404":"n","2405":"k","2406":"\\","2407":"n","2408":" ","2409":" ","2410":" ","2411":" ","2412":" ","2413":" ","2414":" ","2415":" ","2416":" ","2417":" ","2418":">","2419":"\\","2420":"n","2421":" ","2422":" ","2423":" ","2424":" ","2425":" ","2426":" ","2427":" ","2428":" ","2429":"<","2430":"/","2431":"d","2432":"i","2433":"v","2434":">","2435":"\\","2436":"n","2437":" ","2438":" ","2439":" ","2440":" ","2441":" ","2442":" ","2443":"<","2444":"/","2445":"d","2446":"i","2447":"v","2448":">","2449":"\\","2450":"n","2451":" ","2452":" ","2453":" ","2454":" ","2455":"<","2456":"/","2457":"d","2458":"i","2459":"v","2460":">","2461":"\\","2462":"n","2463":" ","2464":" ","2465":"<","2466":"/","2467":"m","2468":"a","2469":"i","2470":"n","2471":">","2472":"\\","2473":"n","2474":"<","2475":"/","2476":"t","2477":"e","2478":"m","2479":"p","2480":"l","2481":"a","2482":"t","2483":"e","2484":">","2485":"\\","2486":"n","2487":"\\","2488":"n","2489":"<","2490":"s","2491":"c","2492":"r","2493":"i","2494":"p","2495":"t","2496":" ","2497":"t","2498":"y","2499":"p","2500":"e","2501":"=","2502":"\\","2503":"\"","2504":"m","2505":"o","2506":"d","2507":"u","2508":"l","2509":"e","2510":"\\","2511":"\"","2512":">","2513":"\\","2514":"n","2515":"i","2516":"m","2517":"p","2518":"o","2519":"r","2520":"t","2521":" ","2522":"a","2523":"x","2524":"i","2525":"o","2526":"s","2527":" ","2528":"f","2529":"r","2530":"o","2531":"m","2532":" ","2533":"\\","2534":"\"","2535":"a","2536":"x","2537":"i","2538":"o","2539":"s","2540":"\\","2541":"\"","2542":";","2543":"\\","2544":"n","2545":"i","2546":"m","2547":"p","2548":"o","2549":"r","2550":"t","2551":" ","2552":"J","2553":"o","2554":"b","2555":"L","2556":"i","2557":"s","2558":"t","2559":"i","2560":"n","2561":"g","2562":" ","2563":"f","2564":"r","2565":"o","2566":"m","2567":" ","2568":"\\","2569":"\"","2570":"@","2571":"/","2572":"c","2573":"o","2574":"m","2575":"p","2576":"o","2577":"n","2578":"e","2579":"n","2580":"t","2581":"s","2582":"/","2583":"J","2584":"o","2585":"b","2586":"R","2587":"e","2588":"s","2589":"u","2590":"l","2591":"t","2592":"s","2593":"/","2594":"J","2595":"o","2596":"b","2597":"L","2598":"i","2599":"s","2600":"t","2601":"i","2602":"n","2603":"g","2604":".","2605":"v","2606":"u","2607":"e","2608":"\\","2609":"\"","2610":";","2611":"\\","2612":"n","2613":"\\","2614":"n","2615":"e","2616":"x","2617":"p","2618":"o","2619":"r","2620":"t","2621":" ","2622":"d","2623":"e","2624":"f","2625":"a","2626":"u","2627":"l","2628":"t","2629":" ","2630":"{","2631":"\\","2632":"n","2633":" ","2634":" ","2635":"n","2636":"a","2637":"m","2638":"e","2639":":","2640":" ","2641":"\\","2642":"\"","2643":"J","2644":"o","2645":"b","2646":"L","2647":"i","2648":"s","2649":"t","2650":"i","2651":"n","2652":"g","2653":"s","2654":"\\","2655":"\"","2656":",","2657":"\\","2658":"n","2659":" ","2660":" ","2661":"c","2662":"o","2663":"m","2664":"p","2665":"o","2666":"n","2667":"e","2668":"n","2669":"t","2670":"s","2671":":","2672":" ","2673":"{","2674":"\\","2675":"n","2676":" ","2677":" ","2678":" ","2679":" ","2680":"J","2681":"o","2682":"b","2683":"L","2684":"i","2685":"s","2686":"t","2687":"i","2688":"n","2689":"g","2690":",","2691":"\\","2692":"n","2693":" ","2694":" ","2695":"}","2696":",","2697":"\\","2698":"n","2699":"\\","2700":"n","2701":" ","2702":" ","2703":"d","2704":"a","2705":"t","2706":"a","2707":"(","2708":")","2709":" ","2710":"{","2711":"\\","2712":"n","2713":" ","2714":" ","2715":" ","2716":" ","2717":"r","2718":"e","2719":"t","2720":"u","2721":"r","2722":"n","2723":" ","2724":"{","2725":"\\","2726":"n","2727":" ","2728":" ","2729":" ","2730":" ","2731":" ","2732":" ","2733":"j","2734":"o","2735":"b","2736":"s","2737":":","2738":" ","2739":"[","2740":"]","2741":",","2742":"\\","2743":"n","2744":" ","2745":" ","2746":" ","2747":" ","2748":"}","2749":";","2750":"\\","2751":"n","2752":" ","2753":" ","2754":"}","2755":",","2756":"\\","2757":"n","2758":" ","2759":" ","2760":"c","2761":"o","2762":"m","2763":"p","2764":"u","2765":"t","2766":"e","2767":"d","2768":":","2769":" ","2770":"{","2771":"\\","2772":"n","2773":" ","2774":" ","2775":" ","2776":" ","2777":"c","2778":"u","2779":"r","2780":"r","2781":"e","2782":"n","2783":"t","2784":"P","2785":"a","2786":"g","2787":"e","2788":"(","2789":")","2790":" ","2791":"{","2792":"\\","2793":"n","2794":" ","2795":" ","2796":" ","2797":" ","2798":" ","2799":" ","2800":"c","2801":"o","2802":"n","2803":"s","2804":"t","2805":" ","2806":"p","2807":"a","2808":"g","2809":"e","2810":"S","2811":"t","2812":"r","2813":"i","2814":"n","2815":"g","2816":" ","2817":"=","2818":" ","2819":"t","2820":"h","2821":"i","2822":"s","2823":".","2824":"$","2825":"r","2826":"o","2827":"u","2828":"t","2829":"e","2830":".","2831":"q","2832":"u","2833":"e","2834":"r","2835":"y","2836":".","2837":"p","2838":"a","2839":"g","2840":"e","2841":" ","2842":"|","2843":"|","2844":" ","2845":"\\","2846":"\"","2847":"1","2848":"\\","2849":"\"","2850":";","2851":" ","2852":"/","2853":"/","2854":"字","2855":"符","2856":"串","2857":"\\","2858":"n","2859":" ","2860":" ","2861":" ","2862":" ","2863":" ","2864":" ","2865":"r","2866":"e","2867":"t","2868":"u","2869":"r","2870":"n","2871":" ","2872":"N","2873":"u","2874":"m","2875":"b","2876":"e","2877":"r","2878":".","2879":"p","2880":"a","2881":"r","2882":"s","2883":"e","2884":"I","2885":"n","2886":"t","2887":"(","2888":"p","2889":"a","2890":"g","2891":"e","2892":"S","2893":"t","2894":"r","2895":"i","2896":"n","2897":"g","2898":")","2899":";","2900":" ","2901":"/","2902":"/","2903":"数","2904":"字","2905":"\\","2906":"n","2907":" ","2908":" ","2909":" ","2910":" ","2911":"}","2912":",","2913":"\\","2914":"n","2915":" ","2916":" ","2917":" ","2918":" ","2919":"p","2920":"r","2921":"e","2922":"v","2923":"i","2924":"o","2925":"u","2926":"s","2927":"P","2928":"a","2929":"g","2930":"e","2931":"(","2932":")","2933":" ","2934":"{","2935":"\\","2936":"n","2937":" ","2938":" ","2939":" ","2940":" ","2941":" ","2942":" ","2943":"c","2944":"o","2945":"n","2946":"s","2947":"t","2948":" ","2949":"p","2950":"r","2951":"e","2952":"v","2953":"i","2954":"o","2955":"u","2956":"s","2957":"P","2958":"a","2959":"g","2960":"e","2961":" ","2962":"=","2963":" ","2964":"t","2965":"h","2966":"i","2967":"s","2968":".","2969":"c","2970":"u","2971":"r","2972":"r","2973":"e","2974":"n","2975":"t","2976":"P","2977":"a","2978":"g","2979":"e","2980":" ","2981":"-","2982":" ","2983":"1","2984":";","2985":" ","2986":"/","2987":"/","2988":"\\","2989":"n","2990":" ","2991":" ","2992":" ","2993":" ","2994":" ","2995":" ","2996":"c","2997":"o","2998":"n","2999":"s","3000":"t","3001":" ","3002":"f","3003":"i","3004":"r","3005":"s","3006":"t","3007":"P","3008":"a","3009":"g","3010":"e","3011":" ","3012":"=","3013":" ","3014":"1","3015":";","3016":"\\","3017":"n","3018":" ","3019":" ","3020":" ","3021":" ","3022":" ","3023":" ","3024":"r","3025":"e","3026":"t","3027":"u","3028":"r","3029":"n","3030":" ","3031":"p","3032":"r","3033":"e","3034":"v","3035":"i","3036":"o","3037":"u","3038":"s","3039":"P","3040":"a","3041":"g","3042":"e","3043":" ","3044":">","3045":"=","3046":" ","3047":"f","3048":"i","3049":"r","3050":"s","3051":"t","3052":"P","3053":"a","3054":"g","3055":"e","3056":" ","3057":"?","3058":" ","3059":"p","3060":"r","3061":"e","3062":"v","3063":"i","3064":"o","3065":"u","3066":"s","3067":"P","3068":"a","3069":"g","3070":"e","3071":" ","3072":":","3073":" ","3074":"u","3075":"n","3076":"d","3077":"e","3078":"f","3079":"i","3080":"n","3081":"e","3082":"d","3083":";","3084":"\\","3085":"n","3086":" ","3087":" ","3088":" ","3089":" ","3090":"}","3091":",","3092":"\\","3093":"n","3094":" ","3095":" ","3096":" ","3097":" ","3098":"n","3099":"e","3100":"x","3101":"t","3102":"P","3103":"a","3104":"g","3105":"e","3106":"(","3107":")","3108":" ","3109":"{","3110":"\\","3111":"n","3112":" ","3113":" ","3114":" ","3115":" ","3116":" ","3117":" ","3118":"c","3119":"o","3120":"n","3121":"s","3122":"t","3123":" ","3124":"n","3125":"e","3126":"x","3127":"t","3128":"P","3129":"a","3130":"g","3131":"e","3132":" ","3133":"=","3134":" ","3135":"t","3136":"h","3137":"i","3138":"s","3139":".","3140":"c","3141":"u","3142":"r","3143":"r","3144":"e","3145":"n","3146":"t","3147":"P","3148":"a","3149":"g","3150":"e","3151":" ","3152":"+","3153":" ","3154":"1","3155":";","3156":"\\","3157":"n","3158":" ","3159":" ","3160":" ","3161":" ","3162":" ","3163":" ","3164":"c","3165":"o","3166":"n","3167":"s","3168":"t","3169":" ","3170":"m","3171":"a","3172":"x","3173":"P","3174":"a","3175":"g","3176":"e","3177":" ","3178":"=","3179":" ","3180":"M","3181":"a","3182":"t","3183":"h","3184":".","3185":"c","3186":"e","3187":"i","3188":"l","3189":"(","3190":"t","3191":"h","3192":"i","3193":"s","3194":".","3195":"j","3196":"o","3197":"b","3198":"s","3199":".","3200":"l","3201":"e","3202":"n","3203":"g","3204":"t","3205":"h","3206":" ","3207":"/","3208":" ","3209":"1","3210":"0","3211":")","3212":";","3213":"\\","3214":"n","3215":" ","3216":" ","3217":" ","3218":" ","3219":" ","3220":" ","3221":"/","3222":"/","3223":" ","3224":"c","3225":"o","3226":"n","3227":"s","3228":"o","3229":"l","3230":"e","3231":".","3232":"l","3233":"o","3234":"g","3235":"(","3236":"t","3237":"h","3238":"i","3239":"s","3240":".","3241":"j","3242":"o","3243":"b","3244":"s","3245":".","3246":"l","3247":"e","3248":"n","3249":"g","3250":"t","3251":"h","3252":")","3253":";","3254":"\\","3255":"n","3256":" ","3257":" ","3258":" ","3259":" ","3260":" ","3261":" ","3262":"r","3263":"e","3264":"t","3265":"u","3266":"r","3267":"n","3268":" ","3269":"n","3270":"e","3271":"x","3272":"t","3273":"P","3274":"a","3275":"g","3276":"e","3277":" ","3278":"<","3279":"=","3280":" ","3281":"m","3282":"a","3283":"x","3284":"P","3285":"a","3286":"g","3287":"e","3288":" ","3289":"?","3290":" ","3291":"n","3292":"e","3293":"x","3294":"t","3295":"P","3296":"a","3297":"g","3298":"e","3299":" ","3300":":","3301":" ","3302":"u","3303":"n","3304":"d","3305":"e","3306":"f","3307":"i","3308":"n","3309":"e","3310":"d","3311":";","3312":"\\","3313":"n","3314":" ","3315":" ","3316":" ","3317":" ","3318":"}","3319":",","3320":"\\","3321":"n","3322":" ","3323":" ","3324":" ","3325":" ","3326":"d","3327":"i","3328":"s","3329":"p","3330":"l","3331":"a","3332":"y","3333":"e","3334":"d","3335":"J","3336":"o","3337":"b","3338":"s","3339":"(","3340":")","3341":" ","3342":"{","3343":"\\","3344":"n","3345":" ","3346":" ","3347":" ","3348":" ","3349":" ","3350":" ","3351":"c","3352":"o","3353":"n","3354":"s","3355":"t","3356":" ","3357":"p","3358":"a","3359":"g","3360":"e","3361":"N","3362":"u","3363":"m","3364":"b","3365":"e","3366":"r","3367":" ","3368":"=","3369":" ","3370":"t","3371":"h","3372":"i","3373":"s","3374":".","3375":"c","3376":"u","3377":"r","3378":"r","3379":"e","3380":"n","3381":"t","3382":"P","3383":"a","3384":"g","3385":"e","3386":";","3387":"\\","3388":"n","3389":" ","3390":" ","3391":" ","3392":" ","3393":" ","3394":" ","3395":"c","3396":"o","3397":"n","3398":"s","3399":"t","3400":" ","3401":"f","3402":"i","3403":"r","3404":"s","3405":"t","3406":"J","3407":"o","3408":"b","3409":"I","3410":"n","3411":"d","3412":"e","3413":"x","3414":" ","3415":"=","3416":" ","3417":"(","3418":"p","3419":"a","3420":"g","3421":"e","3422":"N","3423":"u","3424":"m","3425":"b","3426":"e","3427":"r","3428":" ","3429":"-","3430":" ","3431":"1","3432":")","3433":" ","3434":"*","3435":" ","3436":"1","3437":"0","3438":";","3439":" ","3440":"/","3441":"/","3442":"1","3443":"\\","3444":"n","3445":" ","3446":" ","3447":" ","3448":" ","3449":" ","3450":" ","3451":"c","3452":"o","3453":"n","3454":"s","3455":"t","3456":" ","3457":"l","3458":"a","3459":"s","3460":"t","3461":"J","3462":"o","3463":"b","3464":"I","3465":"n","3466":"d","3467":"e","3468":"x","3469":" ","3470":"=","3471":" ","3472":"p","3473":"a","3474":"g","3475":"e","3476":"N","3477":"u","3478":"m","3479":"b","3480":"e","3481":"r","3482":" ","3483":"*","3484":" ","3485":"1","3486":"0","3487":";","3488":" ","3489":"/","3490":"/","3491":"1","3492":"0","3493":"\\","3494":"n","3495":" ","3496":" ","3497":" ","3498":" ","3499":" ","3500":" ","3501":"r","3502":"e","3503":"t","3504":"u","3505":"r","3506":"n","3507":" ","3508":"t","3509":"h","3510":"i","3511":"s","3512":".","3513":"j","3514":"o","3515":"b","3516":"s","3517":".","3518":"s","3519":"l","3520":"i","3521":"c","3522":"e","3523":"(","3524":"f","3525":"i","3526":"r","3527":"s","3528":"t","3529":"J","3530":"o","3531":"b","3532":"I","3533":"n","3534":"d","3535":"e","3536":"x","3537":",","3538":" ","3539":"l","3540":"a","3541":"s","3542":"t","3543":"J","3544":"o","3545":"b","3546":"I","3547":"n","3548":"d","3549":"e","3550":"x","3551":")","3552":";","3553":"\\","3554":"n","3555":" ","3556":" ","3557":" ","3558":" ","3559":"}","3560":",","3561":"\\","3562":"n","3563":" ","3564":" ","3565":"}","3566":",","3567":"\\","3568":"n","3569":" ","3570":" ","3571":"a","3572":"s","3573":"y","3574":"n","3575":"c","3576":" ","3577":"m","3578":"o","3579":"u","3580":"n","3581":"t","3582":"e","3583":"d","3584":"(","3585":")","3586":" ","3587":"{","3588":"\\","3589":"n","3590":" ","3591":" ","3592":" ","3593":" ","3594":"/","3595":"/","3596":"动","3597":"态","3598":"值","3599":"，","3600":"三","3601":"个","3602":"环","3603":"境","3604":"中","3605":"的","3606":"一","3607":"个","3608":"\\","3609":"n","3610":" ","3611":" ","3612":" ","3613":" ","3614":"c","3615":"o","3616":"n","3617":"s","3618":"t","3619":" ","3620":"B","3621":"A","3622":"S","3623":"E","3624":"_","3625":"U","3626":"R","3627":"L","3628":" ","3629":"=","3630":" ","3631":"p","3632":"r","3633":"o","3634":"c","3635":"e","3636":"s","3637":"s","3638":".","3639":"e","3640":"n","3641":"v","3642":".","3643":"V","3644":"U","3645":"E","3646":"_","3647":"A","3648":"P","3649":"P","3650":"_","3651":"A","3652":"P","3653":"I","3654":"_","3655":"U","3656":"R","3657":"L","3658":";","3659":"\\","3660":"n","3661":" ","3662":" ","3663":" ","3664":" ","3665":"/","3666":"/","3667":" ","3668":"c","3669":"o","3670":"n","3671":"s","3672":"o","3673":"l","3674":"e","3675":".","3676":"l","3677":"o","3678":"g","3679":"(","3680":"B","3681":"A","3682":"S","3683":"E","3684":"_","3685":"U","3686":"R","3687":"L","3688":")","3689":";","3690":"\\","3691":"n","3692":" ","3693":" ","3694":" ","3695":" ","3696":"c","3697":"o","3698":"n","3699":"s","3700":"t","3701":" ","3702":"r","3703":"e","3704":"s","3705":"p","3706":"o","3707":"n","3708":"s","3709":"e","3710":" ","3711":"=","3712":" ","3713":"a","3714":"w","3715":"a","3716":"i","3717":"t","3718":" ","3719":"a","3720":"x","3721":"i","3722":"o","3723":"s","3724":".","3725":"g","3726":"e","3727":"t","3728":"(","3729":"B","3730":"A","3731":"S","3732":"E","3733":"_","3734":"U","3735":"R","3736":"L","3737":")","3738":";","3739":"\\","3740":"n","3741":" ","3742":" ","3743":" ","3744":" ","3745":"/","3746":"/","3747":" ","3748":"c","3749":"o","3750":"n","3751":"s","3752":"o","3753":"l","3754":"e","3755":".","3756":"l","3757":"o","3758":"g","3759":"(","3760":"r","3761":"e","3762":"s","3763":"p","3764":"o","3765":"n","3766":"s","3767":"e","3768":")","3769":";","3770":"\\","3771":"n","3772":" ","3773":" ","3774":" ","3775":" ","3776":"t","3777":"h","3778":"i","3779":"s","3780":".","3781":"j","3782":"o","3783":"b","3784":"s","3785":" ","3786":"=","3787":" ","3788":"r","3789":"e","3790":"s","3791":"p","3792":"o","3793":"n","3794":"s","3795":"e","3796":".","3797":"d","3798":"a","3799":"t","3800":"a","3801":";","3802":"\\","3803":"n","3804":" ","3805":" ","3806":"}","3807":",","3808":"\\","3809":"n","3810":"}","3811":";","3812":"\\","3813":"n","3814":"<","3815":"/","3816":"s","3817":"c","3818":"r","3819":"i","3820":"p","3821":"t","3822":">","3823":"\\","3824":"n","3825":"\"","3826":"]","3827":"}"},"_coverageSchema":"1a1c01bbd47fc00a2c39e90264f33305004495a9","hash":"ae873f19947adf9ae3197245882354e44bb199e4"}
,"/Users/kkda/Desktop/job-search/src/components/JobSearch/HeadLine.vue": {"path":"/Users/kkda/Desktop/job-search/src/components/JobSearch/HeadLine.vue","statementMap":{"0":{"start":{"line":4,"column":29},"end":{"line":4,"column":139}},"1":{"start":{"line":5,"column":0},"end":{"line":7,"column":3}},"2":{"start":{"line":8,"column":0},"end":{"line":8,"column":25}},"3":{"start":{"line":55,"column":0},"end":{"line":55,"column":13}},"4":{"start":{"line":57,"column":0},"end":{"line":59,"column":3}},"5":{"start":{"line":60,"column":0},"end":{"line":60,"column":24}},"6":{"start":{"line":61,"column":11},"end":{"line":61,"column":25}},"7":{"start":{"line":62,"column":19},"end":{"line":64,"column":1}},"8":{"start":{"line":65,"column":19},"end":{"line":68,"column":1}},"9":{"start":{"line":69,"column":32},"end":{"line":69,"column":96}},"10":{"start":{"line":70,"column":32},"end":{"line":72,"column":49}},"11":{"start":{"line":75,"column":2},"end":{"line":77,"column":139}},"12":{"start":{"line":78,"column":2},"end":{"line":78,"column":49}}},"fnMap":{"0":{"name":"render","decl":{"start":{"line":74,"column":9},"end":{"line":74,"column":15}},"loc":{"start":{"line":74,"column":30},"end":{"line":78,"column":1}},"line":74}},"branchMap":{},"s":{"0":1,"1":1,"2":1,"3":1,"4":1,"5":1,"6":1,"7":1,"8":1,"9":1,"10":1,"11":5,"12":1},"f":{"0":5},"b":{},"inputSourceMap":{"0":"{","1":"\"","2":"v","3":"e","4":"r","5":"s","6":"i","7":"o","8":"n","9":"\"","10":":","11":"3","12":",","13":"\"","14":"s","15":"o","16":"u","17":"r","18":"c","19":"e","20":"s","21":"\"","22":":","23":"[","24":"\"","25":"/","26":"U","27":"s","28":"e","29":"r","30":"s","31":"/","32":"k","33":"k","34":"d","35":"a","36":"/","37":"D","38":"e","39":"s","40":"k","41":"t","42":"o","43":"p","44":"/","45":"j","46":"o","47":"b","48":"-","49":"s","50":"e","51":"a","52":"r","53":"c","54":"h","55":"/","56":"s","57":"r","58":"c","59":"/","60":"c","61":"o","62":"m","63":"p","64":"o","65":"n","66":"e","67":"n","68":"t","69":"s","70":"/","71":"J","72":"o","73":"b","74":"S","75":"e","76":"a","77":"r","78":"c","79":"h","80":"/","81":"H","82":"e","83":"a","84":"d","85":"L","86":"i","87":"n","88":"e","89":".","90":"v","91":"u","92":"e","93":"\"","94":"]","95":",","96":"\"","97":"n","98":"a","99":"m","100":"e","101":"s","102":"\"","103":":","104":"[","105":"]","106":",","107":"\"","108":"m","109":"a","110":"p","111":"p","112":"i","113":"n","114":"g","115":"s","116":"\"","117":":","118":"\"","119":";","120":";","121":";","122":";","123":";","124":";","125":";","126":";","127":"A","128":"A","129":"e","130":"A","131":";","132":"A","133":"A","134":"A","135":"A","136":";","137":"A","138":"A","139":"A","140":"A","141":";","142":"A","143":"A","144":"A","145":"0","146":"D","147":";","148":"A","149":"A","150":"A","151":"A","152":",","153":"e","154":"A","155":"E","156":"3","157":"C","158":";","159":"E","160":"A","161":"C","162":"b","163":",","164":"I","165":"A","166":"A","167":"I","168":",","169":"E","170":"A","171":"A","172":"E","173":",","174":"U","175":"A","176":"A","177":"U","178":";","179":"E","180":"A","181":"C","182":"h","183":"B","184":",","185":"I","186":"A","187":"A","188":"I","189":",","190":"G","191":"A","192":"A","193":"G","194":";","195":"I","196":"A","197":"C","198":"L","199":",","200":"O","201":"A","202":"A","203":"O","204":";","205":"M","206":"A","207":"C","208":"L","209":",","210":"M","211":"A","212":"A","213":"M","214":",","215":"E","216":"A","217":"A","218":"E","219":",","220":"O","221":"A","222":"A","223":"O","224":";","225":"M","226":"A","227":"C","228":"f","229":",","230":"Q","231":"A","232":"A","233":"Q","234":",","235":"E","236":"A","237":"A","238":"E","239":";","240":"I","241":"A","242":"C","243":"Z","244":",","245":"C","246":"A","247":"A","248":"C","249":";","250":"E","251":"A","252":"C","253":"H","254":",","255":"C","256":"A","257":"A","258":"C","259":";","260":"E","261":"A","262":"C","263":"D","264":",","265":"Q","266":"A","267":"A","268":"Q","269":",","270":"E","271":"A","272":"A","273":"E","274":";","275":"I","276":"A","277":"C","278":"R","279":",","280":"a","281":"A","282":"A","283":"a","284":",","285":"G","286":"A","287":"A","288":"G","289":";","290":"M","291":"A","292":"C","293":"d","294":",","295":"O","296":"A","297":"A","298":"O","299":";","300":"Q","301":"A","302":"C","303":"L","304":";","305":"Q","306":"A","307":"C","308":"A","309":";","310":"Q","311":"A","312":"C","313":"A","314":";","315":"Q","316":"A","317":"C","318":"A","319":";","320":"Q","321":"A","322":"C","323":"A","324":",","325":"C","326":"A","327":"A","328":"C","329":",","330":"I","331":"A","332":"A","333":"I","334":",","335":"C","336":"A","337":"A","338":"C","339":",","340":"M","341":"A","342":"A","343":"M","344":",","345":"C","346":"A","347":"A","348":"C","349":",","350":"W","351":"A","352":"A","353":"W","354":",","355":"E","356":"A","357":"A","358":"E","359":",","360":"G","361":"A","362":"A","363":"G","364":";","365":"M","366":"A","367":"C","368":"/","369":"B","370":",","371":"C","372":"A","373":"A","374":"C","375":";","376":"I","377":"A","378":"C","379":"H","380":";","381":"E","382":"A","383":"C","384":"F","385":",","386":"C","387":"A","388":"A","389":"C","390":";","391":"E","392":"A","393":"C","394":"D","395":",","396":"O","397":"A","398":"A","399":"O","400":",","401":"G","402":"A","403":"A","404":"G","405":";","406":"I","407":"A","408":"C","409":"R","410":",","411":"I","412":"A","413":"A","414":"I","415":",","416":"C","417":"A","418":"A","419":"C","420":",","421":"W","422":"A","423":"A","424":"W","425":",","426":"E","427":"A","428":"A","429":"E","430":";","431":"E","432":"A","433":"C","434":"p","435":"B","436":",","437":"C","438":"A","439":"A","440":"C","441":";","442":"E","443":"A","444":"C","445":"D","446":",","447":"a","448":"A","449":"A","450":"a","451":",","452":"G","453":"A","454":"A","455":"G","456":";","457":"I","458":"A","459":"C","460":"d","461":",","462":"a","463":"A","464":"A","465":"a","466":",","467":"C","468":"A","469":"A","470":"C","471":",","472":"I","473":"A","474":"A","475":"I","476":",","477":"C","478":"A","479":"A","480":"C","481":",","482":"Q","483":"A","484":"A","485":"Q","486":",","487":"C","488":"A","489":"A","490":"C","491":";","492":"E","493":"A","494":"C","495":"9","496":"B","497":",","498":"C","499":"A","500":"A","501":"C","502":";","503":"E","504":"A","505":"E","506":"D","507":",","508":"O","509":"A","510":"A","511":"O","512":",","513":"E","514":"A","515":"A","516":"E","517":";","518":"I","519":"A","520":"C","521":"P","522":",","523":"W","524":"A","525":"A","526":"W","527":",","528":"G","529":"A","530":"A","531":"G","532":";","533":"M","534":"A","535":"C","536":"Z","537":",","538":"I","539":"A","540":"A","541":"I","542":",","543":"C","544":"A","545":"A","546":"C","547":",","548":"Q","549":"A","550":"A","551":"Q","552":",","553":"G","554":"A","555":"A","556":"G","557":",","558":"W","559":"A","560":"A","561":"W","562":",","563":"C","564":"A","565":"A","566":"C","567":",","568":"M","569":"A","570":"A","571":"M","572":";","573":"Q","574":"A","575":"C","576":"h","577":"C","578":",","579":"M","580":"A","581":"A","582":"M","583":",","584":"O","585":"A","586":"A","587":"O","588":",","589":"G","590":"A","591":"A","592":"G","593":",","594":"C","595":"A","596":"A","597":"C","598":",","599":"O","600":"A","601":"A","602":"O","603":",","604":"E","605":"A","606":"A","607":"E","608":",","609":"Q","610":"A","611":"A","612":"Q","613":",","614":"E","615":"A","616":"A","617":"E","618":",","619":"Q","620":"A","621":"A","622":"Q","623":",","624":"E","625":"A","626":"A","627":"E","628":",","629":"M","630":"A","631":"A","632":"M","633":",","634":"C","635":"A","636":"A","637":"C","638":";","639":"Q","640":"A","641":"C","642":"r","643":"D","644":",","645":"I","646":"A","647":"A","648":"I","649":",","650":"C","651":"A","652":"A","653":"C","654":",","655":"M","656":"A","657":"A","658":"M","659":";","660":"Q","661":"A","662":"A","663":"G","664":";","665":"Q","666":"A","667":"A","668":"A","669":";","670":"Q","671":"A","672":"A","673":"A","674":";","675":"Q","676":"A","677":"A","678":"A","679":";","680":"Q","681":"A","682":"A","683":"A","684":";","685":"Q","686":"A","687":"A","688":"A","689":",","690":"O","691":"A","692":"A","693":"i","694":"B","695":",","696":"E","697":"A","698":"A","699":"C","700":",","701":"O","702":"A","703":"A","704":"O","705":",","706":"E","707":"A","708":"A","709":"E","710":",","711":"I","712":"A","713":"A","714":"I","715":",","716":"C","717":"A","718":"A","719":"C","720":",","721":"M","722":"A","723":"A","724":"M","725":",","726":"C","727":"A","728":"A","729":"C","730":";","731":"M","732":"A","733":"C","734":"v","735":"D","736":",","737":"C","738":"A","739":"A","740":"C","741":",","742":"E","743":"A","744":"A","745":"E","746":",","747":"I","748":"A","749":"A","750":"I","751":",","752":"C","753":"A","754":"A","755":"C","756":";","757":"I","758":"A","759":"C","760":"V","761":";","762":"E","763":"A","764":"C","765":"F","766":";","767":"A","768":"A","769":"C","770":"F","771":",","772":"C","773":"A","774":"A","775":"C","776":";","777":"A","778":"A","779":"A","780":"A","781":";","782":"A","783":"A","784":"A","785":"A","786":"\"","787":",","788":"\"","789":"f","790":"i","791":"l","792":"e","793":"\"","794":":","795":"\"","796":"/","797":"U","798":"s","799":"e","800":"r","801":"s","802":"/","803":"k","804":"k","805":"d","806":"a","807":"/","808":"D","809":"e","810":"s","811":"k","812":"t","813":"o","814":"p","815":"/","816":"j","817":"o","818":"b","819":"-","820":"s","821":"e","822":"a","823":"r","824":"c","825":"h","826":"/","827":"s","828":"r","829":"c","830":"/","831":"c","832":"o","833":"m","834":"p","835":"o","836":"n","837":"e","838":"n","839":"t","840":"s","841":"/","842":"J","843":"o","844":"b","845":"S","846":"e","847":"a","848":"r","849":"c","850":"h","851":"/"
[...]
1212":"p","1213":"e","1214":" ","1215":"=","1216":"=","1217":"=","1218":" ","1219":"\\","1220":"\"","1221":"s","1222":"e","1223":"c","1224":"o","1225":"n","1226":"d","1227":"a","1228":"r","1229":"y","1230":"\\","1231":"\"","1232":",","1233":"\\","1234":"n","1235":" ","1236":" ","1237":" ","1238":" ","1239":" ","1240":" ","1241":"}","1242":";","1243":"\\","1244":"n","1245":" ","1246":" ","1247":" ","1248":" ","1249":"}","1250":",","1251":"\\","1252":"n","1253":" ","1254":" ","1255":"}","1256":",","1257":"\\","1258":"n","1259":"}","1260":";","1261":"\\","1262":"n","1263":"<","1264":"/","1265":"s","1266":"c","1267":"r","1268":"i","1269":"p","1270":"t","1271":">","1272":"\\","1273":"n","1274":"\\","1275":"n","1276":"<","1277":"s","1278":"t","1279":"y","1280":"l","1281":"e","1282":" ","1283":"s","1284":"c","1285":"o","1286":"p","1287":"e","1288":"d","1289":">","1290":"\\","1291":"n","1292":"/","1293":"*","1294":" ","1295":"始","1296":"终","1297":"应","1298":"用","1299":"的","1300":"C","1301":"s","1302":"s","1303":"样","1304":"式","1305":" ","1306":"*","1307":"/","1308":"\\","1309":"n","1310":"b","1311":"u","1312":"t","1313":"t","1314":"o","1315":"n","1316":" ","1317":"{","1318":"\\","1319":"n","1320":" ","1321":" ","1322":"@","1323":"a","1324":"p","1325":"p","1326":"l","1327":"y","1328":" ","1329":"p","1330":"x","1331":"-","1332":"5","1333":" ","1334":"p","1335":"y","1336":"-","1337":"3","1338":" ","1339":" ","1340":"f","1341":"o","1342":"n","1343":"t","1344":"-","1345":"m","1346":"e","1347":"d","1348":"i","1349":"u","1350":"m","1351":";","1352":"\\","1353":"n","1354":"}","1355":"\\","1356":"n","1357":".","1358":"p","1359":"r","1360":"i","1361":"m","1362":"a","1363":"r","1364":"y","1365":" ","1366":"{","1367":"\\","1368":"n","1369":" ","1370":" ","1371":"@","1372":"a","1373":"p","1374":"p","1375":"l","1376":"y","1377":" ","1378":"t","1379":"e","1380":"x","1381":"t","1382":"-","1383":"w","1384":"h","1385":"i","1386":"t","1387":"e","1388":" ","1389":"r","1390":"o","1391":"u","1392":"n","1393":"d","1394":"e","1395":"d","1396":" ","1397":"b","1398":"g","1399":"-","1400":"b","1401":"r","1402":"a","1403":"n","1404":"d","1405":"-","1406":"b","1407":"l","1408":"u","1409":"e","1410":"-","1411":"1","1412":" ","1413":"h","1414":"o","1415":"v","1416":"e","1417":"r","1418":":","1419":"s","1420":"h","1421":"a","1422":"d","1423":"o","1424":"w","1425":"-","1426":"b","1427":"l","1428":"u","1429":"e","1430":";","1431":"\\","1432":"n","1433":"}","1434":"\\","1435":"n","1436":".","1437":"s","1438":"e","1439":"c","1440":"o","1441":"n","1442":"d","1443":"a","1444":"r","1445":"y","1446":" ","1447":"{","1448":"\\","1449":"n","1450":" ","1451":" ","1452":"@","1453":"a","1454":"p","1455":"p","1456":"l","1457":"y","1458":" ","1459":"t","1460":"e","1461":"x","1462":"t","1463":"-","1464":"b","1465":"r","1466":"a","1467":"n","1468":"d","1469":"-","1470":"b","1471":"l","1472":"u","1473":"e","1474":"-","1475":"1","1476":" ","1477":"b","1478":"g","1479":"-","1480":"t","1481":"r","1482":"a","1483":"n","1484":"s","1485":"p","1486":"a","1487":"r","1488":"e","1489":"n","1490":"t","1491":" ","1492":"h","1493":"o","1494":"v","1495":"e","1496":"r","1497":":","1498":"b","1499":"g","1500":"-","1501":"b","1502":"r","1503":"a","1504":"n","1505":"d","1506":"-","1507":"b","1508":"l","1509":"u","1510":"e","1511":"-","1512":"2","1513":" ","1514":"h","1515":"o","1516":"v","1517":"e","1518":"r","1519":":","1520":"t","1521":"e","1522":"x","1523":"t","1524":"-","1525":"w","1526":"h","1527":"i","1528":"t","1529":"e","1530":";","1531":"\\","1532":"n","1533":"}","1534":"\\","1535":"n","1536":"<","1537":"/","1538":"s","1539":"t","1540":"y","1541":"l","1542":"e","1543":">","1544":"\\","1545":"n","1546":"\"","1547":"]","1548":"}"},"_coverageSchema":"1a1c01bbd47fc00a2c39e90264f33305004495a9","hash":"1a5a98f802c99da971130d70c6da731badf585a9"}
,"/Users/kkda/Desktop/job-search/src/components/Shared/TextInput.vue": {"path":"/Users/kkda/Desktop/job-search/src/components/Shared/TextInput.vue","statementMap":{"0":{"start":{"line":4,"column":0},"end":{"line":6,"column":3}},"1":{"start":{"line":7,"column":0},"end":{"line":7,"column":25}},"2":{"start":{"line":8,"column":15},"end":{"line":28,"column":1}},"3":{"start":{"line":25,"column":6},"end":{"line":25,"column":59}},"4":{"start":{"line":31,"column":0},"end":{"line":31,"column":13}},"5":{"start":{"line":33,"column":0},"end":{"line":35,"column":3}},"6":{"start":{"line":36,"column":0},"end":{"line":36,"column":24}},"7":{"start":{"line":37,"column":11},"end":{"line":37,"column":25}},"8":{"start":{"line":38,"column":19},"end":{"line":38,"column":43}},"9":{"start":{"line":40,"column":2},"end":{"line":48,"column":55}},"10":{"start":{"line":46,"column":6},"end":{"line":46,"column":64}},"11":{"start":{"line":49,"column":2},"end":{"line":49,"column":49}}},"fnMap":{"0":{"name":"(anonymous_0)","decl":{"start":{"line":23,"column":4},"end":{"line":23,"column":5}},"loc":{"start":{"line":23,"column":24},"end":{"line":26,"column":5}},"line":23},"1":{"name":"render","decl":{"start":{"line":39,"column":9},"end":{"line":39,"column":15}},"loc":{"start":{"line":39,"column":30},"end":{"line":49,"column":1}},"line":39},"2":{"name":"(anonymous_2)","decl":{"start":{"line":45,"column":39},"end":{"line":45,"column":40}},"loc":{"start":{"line":45,"column":51},"end":{"line":47,"column":5}},"line":45}},"branchMap":{"0":{"loc":{"start":{"line":45,"column":13},"end":{"line":47,"column":6}},"type":"binary-expr","locations":[{"start":{"line":45,"column":13},"end":{"line":45,"column":22}},{"start":{"line":45,"column":27},"end":{"line":47,"column":5}}],"line":45},"1":{"loc":{"start":{"line":46,"column":13},"end":{"line":46,"column":63}},"type":"binary-expr","locations":[{"start":{"line":46,"column":13},"end":{"line":46,"column":29}},{"start":{"line":46,"column":33},"end":{"line":46,"column":63}}],"line":46}},"s":{"0":2,"1":2,"2":2,"3":5,"4":2,"5":2,"6":2,"7":2,"8":2,"9":5,"10":5,"11":2},"f":{"0":5,"1":5,"2":5},"b":{"0":[5,3],"1":[5,5]},"inputSourceMap":{"0":"{","1":"\"","2":"v","3":"e","4":"r","5":"s","6":"i","7":"o","8":"n","9":"\"","10":":","11":"3","12":",","13":"\"","14":"s","15":"o","16":"u","17":"r","18":"c","19":"e","20":"s","21":"\"","22":":","23":"[","24":"\"","25":"/","26":"U","27":"s","28":"e","29":"r","30":"s","31":"/","32":"k","33":"k","34":"d","35":"a","36":"/","37":"D","38":"e","39":"s","40":"k","41":"t","42":"o","43":"p","44":"/","45":"j","46":"o","47":"b","48":"-","49":"s","50":"e","51":"a","52":"r","53":"c","54":"h","55":"/","56":"s","57":"r","58":"c","59":"/","60":"c","61":"o","62":"m","63":"p","64":"o","65":"n","66":"e","67":"n","68":"t","69":"s","70":"/","71":"S","72":"h","73":"a","74":"r","75":"e","76":"d","77":"/","78":"T","79":"e","80":"x","81":"t","82":"I","83":"n","84":"p","85":"u","86":"t","87":".","88":"v","89":"u","90":"e","91":"\"","92":"]","93":",","94":"\"","95":"n","96":"a","97":"m","98":"e","99":"s","100":"\"","101":":","102":"[","103":"]","104":",","105":"\"","106":"m","107":"a","108":"p","109":"p","110":"i","111":"n","112":"g","113":"s","114":"\"","115":":","116":"\"","117":";","118":";","119":";","120":";","121":";","122":";","123":";","124":"e","125":"A","126":"W","127":"e","128":";","129":"E","130":"A","131":"C","132":"b","133":",","134":"I","135":"A","136":"A","137":"I","138":",","139":"E","140":"A","141":"A","142":"E","143":",","144":"W","145":"A","146":"A","147":"W","148":";","149":"E","150":"A","151":"E","152":"j","153":"B","154":",","155":"K","156":"A","157":"A","158":"K","159":",","160":"E","161":"A","162":"A","163":"E","164":";","165":"I","166":"A","167":"C","168":"L","169":",","170":"W","171":"A","172":"A","173":"W","174":",","175":"E","176":"A","177":"A","178":"E","179":";","180":"M","181":"A","182":"C","183":"X","184":",","185":"I","186":"A","187":"A","188":"I","189":",","190":"E","191":"A","192":"A","193":"E","194":",","195":"M","196":"A","197":"A","198":"M","199":";","200":"M","201":"A","202":"C","203":"Z","204":",","205":"Q","206":"A","207":"A","208":"Q","209":",","210":"E","211":"A","212":"A","213":"E","214":",","215":"K","216":"A","217":"A","218":"K","219":";","220":"M","221":"A","222":"C","223":"f","224":",","225":"O","226":"A","227":"A","228":"O","229":",","230":"E","231":"A","232":"A","233":"E","234":";","235":"I","236":"A","237":"C","238":"X","239":",","240":"C","241":"A","242":"A","243":"C","244":";","245":"I","246":"A","247":"C","248":"D","249":",","250":"U","251":"A","252":"A","253":"U","254":",","255":"E","256":"A","257":"A","258":"E","259":";","260":"M","261":"A","262":"C","263":"V","264":",","265":"I","266":"A","267":"A","268":"I","269":",","270":"E","271":"A","272":"A","273":"E","274":",","275":"M","276":"A","277":"A","278":"M","279":";","280":"M","281":"A","282":"C","283":"Z","284":",","285":"Q","286":"A","287":"A","288":"Q","289":",","290":"E","291":"A","292":"A","293":"E","294":";","295":"I","296":"A","297":"C","298":"Z","299":";","300":"E","301":"A","302":"C","303":"F","304":",","305":"C","306":"A","307":"A","308":"C","309":";","310":"E","311":"A","312":"C","313":"D","314":",","315":"K","316":"A","317":"A","318":"K","319":",","320":"E","321":"A","322":"A","323":"E","324":",","325":"C","326":"A","327":"A","328":"C","329":",","330":"m","331":"B","332":"A","333":"A","334":"m","335":"B","336":",","337":"C","338":"A","339":"A","340":"C","341":";","342":"E","343":"A","344":"E","345":"5","346":"B","347":",","348":"O","349":"A","350":"A","351":"O","352":",","353":"E","354":"A","355":"A","356":"E","357":";","358":"I","359":"A","360":"C","361":"P","362":",","363":"W","364":"A","365":"A","366":"W","367":",","368":"C","369":"A","370":"A","371":"C","372":",","373":"M","374":"A","375":"A","376":"M","377":",","378":"E","379":"A","380":"A","381":"E","382":";","383":"M","384":"A","385":"C","386":"l","387":"B","388":";","389":"M","390":"A","391":"C","392":"A","393":",","394":"I","395":"A","396":"A","397":"I","398":",","399":"C","400":"A","401":"A","402":"C","403":",","404":"K","405":"A","406":"A","407":"K","408":",","409":"C","410":"A","411":"A","412":"C","413":",","414":"m","415":"B","416":"A","417":"A","418":"m","419":"B","420":",","421":"E","422":"A","423":"A","424":"E","425":",","426":"M","427":"A","428":"A","429":"M","430":",","431":"C","432":"A","433":"A","434":"C","435":",","436":"M","437":"A","438":"A","439":"M","440":",","441":"C","442":"A","443":"A","444":"C","445":",","446":"K","447":"A","448":"A","449":"K","450":",","451":"C","452":"A","453":"A","454":"C","455":";","456":"I","457":"A","458":"C","459":"t","460":"D","461":";","462":"E","463":"A","464":"C","465":"F","466":";","467":"A","468":"A","469":"C","470":"F","471":",","472":"C","473":"A","474":"A","475":"C","476":";","477":"A","478":"A","479":"A","480":"A","481":";","482":"A","483":"A","484":"A","485":"A","486":"\"","487":",","488":"\"","489":"f","490":"i","491":"l","492":"e","493":"\"","494":":","495":"\"","496":"/","497":"U","498":"s","499":"e","500":"r","501":"s","502":"/","503":"k","504":"k","505":"d","506":"a","507":"/","508":"D","509":"e","510":"s","511":"k","512":"t","513":"o","514":"p","515":"/","516":"j","517":"o","518":"b","519":"-","520":"s","521":"e","522":"a","523":"r","524":"c","525":"h","526":"/","527":"s","528":"r","529":"c","530":"/","531":"c","532":"o","533":"m","534":"p","535":"o","536":"n","537":"e","538":"n","539":"t","540":"s","541":"/","542":"S","543":"h","544":"a","545":"r","546":"e","547":"d","548":"/","549":"T","550":"e","551":"x","552":"t","553":"I","554":"n","555":"p","556":"u","557":"t","558":".","559":"v","560":"u","561":"e","562":"\"","563":",","564":"\"","565":"s","566":"o","567":"u","568":"r","569":"c","570":"e","571":"s","572":"C","573":"o","574":"n","575":"t","576":"e","577":"n","578":"t","579":"\"","580":":","581":"[","582":"\"","583":"<","584":"t","585":"e","586":"m","587":"p","588":"l","589":"a","590":"t","591":"e","592":">","593":"\\","594":"n","595":" ","596":" ","597":"<","598":"i","599":"n","600":"p","601":"u","602":"t","603":"\\","604":"n","605":" ","606":" ","607":" ","608":" ","609":":","610":"v","611":"a","612":"l","613":"u","614":"e","615":"=","616":"\\","617":"\"","618":"m","619":"o","620":"d","621":"e","622":"l","623":"V","624":"a","625":"l","626":"u","627":"e","628":"\\","629":"\"","630":"\\","631":"n","632":" ","633":" ","634":" ","635":" ","636":":","637":"p","638":"l","639":"a","640":"c","641":"e","642":"h","643":"o","644":"l","645":"d","646":"e","647":"r","648":"=","649":"\\","650":"\"","651":"p","652":"l","653":"a","654":"c","655":"e","656":"h","657":"o","658":"l","659":"d","660":"e","661":"r","662":"\\","663":"\"","664":"\\","665":"n","666":" ","667":" ","668":" ","669":" ","670":"t","671":"y","672":"p","673":"e","674":"=","675":"\\","676":"\"","677":"t","678":"e","679":"x","680":"t","681":"\\","682":"\"","683":"\\","684":"n","685":" ","686":" ","687":" ","688":" ","689":"c","690":"l","691":"a","692":"s","693":"s","694":"=","695":"\\","696":"\"","697":"w","698":"-","699":"f","700":"u","701":"l","702":"l","703":" ","704":"t","705":"e","706":"x","707":"t","708":"-","709":"l","710":"g","711":" ","712":"f","713":"o","714":"n","715":"t","716":"-","717":"n","718":"o","719":"r","720":"m","721":"a","722":"l","723":" ","724":"f","725":"o","726":"c","727":"u","728":"s","729":":","730":"o","731":"u","732":"t","733":"l","734":"i","735":"n","736":"e","737":"-","738":"n","739":"o","740":"n","741":"e","742":"\\","743":"\"","744":"\\","745":"n","746":" ","747":" ","748":" ","749":" ","750":"@","751":"i","752":"n","753":"p","754":"u","755":"t","756":"=","757":"\\","758":"\"","759":"h","760":"a","761":"n","762":"d","763":"l","764":"e","765":"I","766":"n","767":"p","768":"u","769":"t","770":"\\","771":"\"","772":"\\","773":"n","774":" ","775":" ","776":"/","777":">","778":"\\","779":"n","780":"<","781":"/","782":"t","783":"e","784":"m","785":"p","786":"l","787":"a","788":"t","789":"e","790":">","791":"\\","792":"n","793":"\\","794":"n","795":"<","796":"s","797":"c","798":"r","799":"i","800":"p","801":"t","802":">","803":"\\","804":"n","805":"e","806":"x","807":"p","808":"o","809":"r","810":"t","811":" ","812":"d","813":"e","814":"f","815":"a","816":"u","817":"l","818":"t","819":" ","820":"{","821":"\\","822":"n","823":" ","824":" ","825":"n","826":"a","827":"m","828":"e","829":":","830":" ","831":"\\","832":"\"","833":"T","834":"e","835":"x","836":"t","837":"i","838":"n","839":"p","840":"u","841":"t","842":"\\","843":"\"","844":",","845":"\\","846":"n","847":"\\","848":"n","849":" ","850":" ","851":"p","852":"r","853":"o","854":"p","855":"s","856":":","857":" ","858":"{","859":"\\","860":"n","861":" ","862":" ","863":" ","864":" ","865":"p","866":"l","867":"a","868":"c","869":"e","870":"h","871":"o","872":"l","873":"d","874":"e","875":"r","876":":","877":" ","878":"{","879":"\\","880":"n","881":" ","882":" ","883":" ","884":" ","885":" ","886":" ","887":"t","888":"y","889":"p","890":"e","891":":","892":" ","893":"S","894":"t","895":"r","896":"i","897":"n","898":"g","899":",","900":"\\","901":"n","902":" ","903":" ","904":" ","905":" ","906":" ","907":" ","908":"r","909":"e","910":"q","911":"u","912":"i","913":"r","914":"e","915":"d","916":":","917":" ","918":"f","919":"a","920":"l","921":"s","922":"e","923":",","924":"\\","925":"n","926":" ","927":" ","928":" ","929":" ","930":" ","931":" ","932":"d","933":"e","934":"f","935":"a","936":"u","937":"l","938":"t","939":":","940":" ","941":"\\","942":"\"","943":"\\","944":"\"","945":",","946":"\\","947":"n","948":" ","949":" ","950":" ","951":" ","952":"}","953":",","954":"\\","955":"n","956":" ","957":" ","958":" ","959":" ","960":"m","961":"o","962":"d","963":"e","964":"l","965":"V","966":"a","967":"l","968":"u","969":"e","970":":","971":" ","972":"{","973":"\\","974":"n","975":" ","976":" ","977":" ","978":" ","979":" ","980":" ","981":"t","982":"y","983":"p","984":"e","985":":","986":" ","987":"S","988":"t","989":"r","990":"i","991":"n","992":"g","993":",","994":"\\","995":"n","996":" ","997":" ","998":" ","999":" ","1000":" ","1001":" ","1002":"r","1003":"e","1004":"q","1005":"u","1006":"i","1007":"r","1008":"e","1009":"d","1010":":","1011":" ","1012":"t","1013":"r","1014":"u","1015":"e","1016":",","1017":"\\","1018":"n","1019":" ","1020":" ","1021":" ","1022":" ","1023":"}","1024":",","1025":"\\","1026":"n","1027":" ","1028":" ","1029":"}","1030":",","1031":"\\","1032":"n","1033":" ","1034":" ","1035":"e","1036":"m","1037":"i","1038":"t","1039":"s","1040":":","1041":" ","1042":"[","1043":"\\","1044":"\"","1045":"u","1046":"p","1047":"d","1048":"a","1049":"t","1050":"e","1051":":","1052":"m","1053":"o","1054":"d","1055":"e","1056":"l","1057":"V","1058":"a","1059":"l","1060":"u","1061":"e","1062":"\\","1063":"\"","1064":"]","1065":",","1066":"\\","1067":"n","1068":"\\","1069":"n","1070":" ","1071":" ","1072":"m","1073":"e","1074":"t","1075":"h","1076":"o","1077":"d","1078":"s","1079":":","1080":" ","1081":"{","1082":"\\","1083":"n","1084":" ","1085":" ","1086":" ","1087":" ","1088":"h","1089":"a","1090":"n","1091":"d","1092":"l","1093":"e","1094":"I","1095":"n","1096":"p","1097":"u","1098":"t","1099":"(","1100":"$","1101":"e","1102":"v","1103":"e","1104":"n","1105":"t","1106":")","1107":" ","1108":"{","1109":"\\","1110":"n","1111":" ","1112":" ","1113":" ","1114":" ","1115":" ","1116":" ","1117":"/","1118":"/","1119":" ","1120":"t","1121":"h","1122":"i","1123":"s","1124":".","1125":"$","1126":"e","1127":"m","1128":"i","1129":"t","1130":"(","1131":"\\","1132":"\"","1133":"h","1134":"a","1135":"n","1136":"d","1137":"l","1138":"e","1139":"I","1140":"n","1141":"p","1142":"u","1143":"t","1144":"\\","1145":"\"","1146":",","1147":" ","1148":"$","1149":"e","1150":"v","1151":"e","1152":"n","1153":"t","1154":".","1155":"t","1156":"a","1157":"r","1158":"g","1159":"e","1160":"t","1161":".","1162":"v","1163":"a","1164":"l","1165":"u","1166":"e","1167":")","1168":";","1169":" ","1170":"/","1171":"/","1172":"向","1173":"父","1174":"组","1175":"件","1176":"发","1177":"送","1178":"数","1179":"据","1180":"\\","1181":"n","1182":" ","1183":" ","1184":" ","1185":" ","1186":" ","1187":" ","1188":"t","1189":"h","1190":"i","1191":"s","1192":".","1193":"$","1194":"e","1195":"m","1196":"i","1197":"t","1198":"(","1199":"\\","1200":"\"","1201":"u","1202":"p","1203":"d","1204":"a","1205":"t","1206":"e","1207":":","1208":"m","1209":"o","1210":"d","1211":"e","1212":"l","1213":"V","1214":"a","1215":"l","1216":"u","1217":"e","1218":"\\","1219":"\"","1220":",","1221":" ","1222":"$","1223":"e","1224":"v","1225":"e","1226":"n","1227":"t","1228":".","1229":"t","1230":"a","1231":"r","1232":"g","1233":"e","1234":"t","1235":".","1236":"v","1237":"a","1238":"l","1239":"u","1240":"e","1241":")","1242":";","1243":"\\","1244":"n","1245":" ","1246":" ","1247":" ","1248":" ","1249":"}","1250":",","1251":"\\","1252":"n","1253":" ","1254":" ","1255":"}","1256":",","1257":"\\","1258":"n","1259":"}","1260":";","1261":"\\","1262":"n","1263":"<","1264":"/","1265":"s","1266":"c","1267":"r","1268":"i","1269":"p","1270":"t","1271":">","1272":"\\","1273":"n","1274":"\"","1275":"]","1276":"}"},"_coverageSchema":"1a1c01bbd47fc00a2c39e90264f33305004495a9","hash":"1deb68047a6818de3c6497fe3f918ad4e9410bc0"}
,"/Users/kkda/Desktop/job-search/src/utils/nextElementInList.js": {"path":"/Users/kkda/Desktop/job-search/src/utils/nextElementInList.js","statementMap":{"0":{"start":{"line":1,"column":26},"end":{"line":6,"column":1}},"1":{"start":{"line":2,"column":29},"end":{"line":2,"column":48}},"2":{"start":{"line":3,"column":25},"end":{"line":3,"column":63}},"3":{"start":{"line":4,"column":20},"end":{"line":4,"column":40}},"4":{"start":{"line":5,"column":2},"end":{"line":5,"column":19}}},"fnMap":{"0":{"name":"(anonymous_0)","decl":{"start":{"line":1,"column":26},"end":{"line":1,"column":27}},"loc":{"start":{"line":1,"column":43},"end":{"line":6,"column":1}},"line":1}},"branchMap":{},"s":{"0":2,"1":3,"2":3,"3":3,"4":3},"f":{"0":3},"b":{},"_coverageSchema":"1a1c01bbd47fc00a2c39e90264f33305004495a9","hash":"079c29ece47021e673d18adb27791be17d745dad"}
}
