{"/Users/kkda/Desktop/job-search/src/components/JobSearch/HeadLine.vue": {"path":"/Users/kkda/Desktop/job-search/src/components/JobSearch/HeadLine.vue","statementMap":{"0":{"start":{"line":4,"column":29},"end":{"line":4,"column":139}},"1":{"start":{"line":5,"column":0},"end":{"line":7,"column":3}},"2":{"start":{"line":8,"column":0},"end":{"line":8,"column":25}},"3":{"start":{"line":55,"column":0},"end":{"line":55,"column":13}},"4":{"start":{"line":57,"column":0},"end":{"line":59,"column":3}},"5":{"start":{"line":60,"column":0},"end":{"line":60,"column":24}},"6":{"start":{"line":61,"column":11},"end":{"line":61,"column":25}},"7":{"start":{"line":62,"column":19},"end":{"line":64,"column":1}},"8":{"start":{"line":65,"column":19},"end":{"line":68,"column":1}},"9":{"start":{"line":69,"column":32},"end":{"line":69,"column":96}},"10":{"start":{"line":70,"column":32},"end":{"line":72,"column":49}},"11":{"start":{"line":75,"column":2},"end":{"line":77,"column":139}},"12":{"start":{"line":78,"column":2},"end":{"line":78,"column":49}}},"fnMap":{"0":{"name":"render","decl":{"start":{"line":74,"column":9},"end":{"line":74,"column":15}},"loc":{"start":{"line":74,"column":30},"end":{"line":78,"column":1}},"line":74}},"branchMap":{},"s":{"0":1,"1":1,"2":1,"3":1,"4":1,"5":1,"6":1,"7":1,"8":1,"9":1,"10":1,"11":5,"12":1},"f":{"0":5},"b":{},"inputSourceMap":{"0":"{","1":"\"","2":"v","3":"e","4":"r","5":"s","6":"i","7":"o","8":"n","9":"\"","10":":","11":"3","12":",","13":"\"","14":"s","15":"o","16":"u","17":"r","18":"c","19":"e","20":"s","21":"\"","22":":","23":"[","24":"\"","25":"/","26":"U","27":"s","28":"e","29":"r","30":"s","31":"/","32":"k","33":"k","34":"d","35":"a","36":"/","37":"D","38":"e","39":"s","40":"k","41":"t","42":"o","43":"p","44":"/","45":"j","46":"o","47":"b","48":"-","49":"s","50":"e","51":"a","52":"r","53":"c","54":"h","55":"/","56":"s","57":"r","58":"c","59":"/","60":"c","61":"o","62":"m","63":"p","64":"o","65":"n","66":"e","67":"n","68":"t","69":"s","70":"/","71":"J","72":"o","73":"b","74":"S","75":"e","76":"a","77":"r","78":"c","79":"h","80":"/","81":"H","82":"e","83":"a","84":"d","85":"L","86":"i","87":"n","88":"e","89":".","90":"v","91":"u","92":"e","93":"\"","94":"]","95":",","96":"\"","97":"n","98":"a","99":"m","100":"e","101":"s","102":"\"","103":":","104":"[","105":"]","106":",","107":"\"","108":"m","109":"a","110":"p","111":"p","112":"i","113":"n","114":"g","115":"s","116":"\"","117":":","118":"\"","119":";","120":";","121":";","122":";","123":";","124":";","125":";","126":";","127":"A","128":"A","129":"e","130":"A","131":";","132":"A","133":"A","134":"A","135":"A","136":";","137":"A","138":"A","139":"A","140":"A","141":";","142":"A","143":"A","144":"A","145":"0","146":"D","147":";","148":"A","149":"A","150":"A","151":"A","152":",","153":"e","154":"A","155":"E","156":"3","157":"C","158":";","159":"E","160":"A","161":"C","162":"b","163":",","164":"I","165":"A","166":"A","167":"I","168":",","169":"E","170":"A","171":"A","172":"E","173":",","174":"U","175":"A","176":"A","177":"U","178":";","179":"E","180":"A","181":"C","182":"h","183":"B","184":",","185":"I","186":"A","187":"A","188":"I","189":",","190":"G","191":"A","192":"A","193":"G","194":";","195":"I","196":"A","197":"C","198":"L","199":",","200":"O","201":"A","202":"A","203":"O","204":";","205":"M","206":"A","207":"C","208":"L","209":",","210":"M","211":"A","212":"A","213":"M","214":",","215":"E","216":"A","217":"A","218":"E","219":",","220":"O","221":"A","222":"A","223":"O","224":";","225":"M","226":"A","227":"C","228":"f","229":",","230":"Q","231":"A","232":"A","233":"Q","234":",","235":"E","236":"A","237":"A","238":"E","239":";","240":"I","241":"A","242":"C","243":"Z","244":",","245":"C","246":"A","247":"A","248":"C","249":";","250":"E","251":"A","252":"C","253":"H","254":",","255":"C","256":"A","257":"A","258":"C","259":";","260":"E","261":"A","262":"C","263":"D","264":",","265":"Q","266":"A","267":"A","268":"Q","269":",","270":"E","271":"A","272":"A","273":"E","274":";","275":"I","276":"A","277":"C","278":"R","279":",","280":"a","281":"A","282":"A","283":"a","284":",","285":"G","286":"A","287":"A","288":"G","289":";","290":"M","291":"A","292":"C","293":"d","294":",","295":"O","296":"A","297":"A","298":"O","299":";","300":"Q","301":"A","302":"C","303":"L","304":";","305":"Q","306":"A","307":"C","308":"A","309":";","310":"Q","311":"A","312":"C","313":"A","314":";","315":"Q","316":"A","317":"C","318":"A","319":";","320":"Q","321":"A","322":"C","323":"A","324":",","325":"C","326":"A","327":"A","328":"C","329":",","330":"I","331":"A","332":"A","333":"I","334":",","335":"C","336":"A","337":"A","338":"C","339":",","340":"M","341":"A","342":"A","343":"M","344":",","345":"C","346":"A","347":"A","348":"C","349":",","350":"W","351":"A","352":"A","353":"W","354":",","355":"E","356":"A","357":"A","358":"E","359":",","360":"G","361":"A","362":"A","363":"G","364":";","365":"M","366":"A","367":"C","368":"/","369":"B","370":",","371":"C","372":"A","373":"A","374":"C","375":";","376":"I","377":"A","378":"C","379":"H","380":";","381":"E","382":"A","383":"C","384":"F","385":",","386":"C","387":"A","388":"A","389":"C","390":";","391":"E","392":"A","393":"C","394":"D","395":",","396":"O","397":"A","398":"A","399":"O","400":",","401":"G","402":"A","403":"A","404":"G","405":";","406":"I","407":"A","408":"C","409":"R","410":",","411":"I","412":"A","413":"A","414":"I","415":",","416":"C","417":"A","418":"A","419":"C","420":",","421":"W","422":"A","423":"A","424":"W","425":",","426":"E","427":"A","428":"A","429":"E","430":";","431":"E","432":"A","433":"C","434":"p","435":"B","436":",","437":"C","438":"A","439":"A","440":"C","441":";","442":"E","443":"A","444":"C","445":"D","446":",","447":"a","448":"A","449":"A","450":"a","451":",","452":"G","453":"A","454":"A","455":"G","456":";","457":"I","458":"A","459":"C","460":"d","461":",","462":"a","463":"A","464":"A","465":"a","466":",","467":"C","468":"A","469":"A","470":"C","471":",","472":"I","473":"A","474":"A","475":"I","476":",","477":"C","478":"A","479":"A","480":"C","481":",","482":"Q","483":"A","484":"A","485":"Q","486":",","487":"C","488":"A","489":"A","490":"C","491":";","492":"E","493":"A","494":"C","495":"9","496":"B","497":",","498":"C","499":"A","500":"A","501":"C","502":";","503":"E","504":"A","505":"E","506":"D","507":",","508":"O","509":"A","510":"A","511":"O","512":",","513":"E","514":"A","515":"A","516":"E","517":";","518":"I","519":"A","520":"C","521":"P","522":",","523":"W","524":"A","525":"A","526":"W","527":",","528":"G","529":"A","530":"A","531":"G","532":";","533":"M","534":"A","535":"C","536":"Z","537":",","538":"I","539":"A","540":"A","541":"I","542":",","543":"C","544":"A","545":"A","546":"C","547":",","548":"Q","549":"A","550":"A","551":"Q","552":",","553":"G","554":"A","555":"A","556":"G","557":",","558":"W","559":"A","560":"A","561":"W","562":",","563":"C","564":"A","565":"A","566":"C","567":",","568":"M","569":"A","570":"A","571":"M","572":";","573":"Q","574":"A","575":"C","576":"h","577":"C","578":",","579":"M","580":"A","581":"A","582":"M","583":",","584":"O","585":"A","586":"A","587":"O","588":",","589":"G","590":"A","591":"A","592":"G","593":",","594":"C","595":"A","596":"A","597":"C","598":",","599":"O","600":"A","601":"A","602":"O","603":",","604":"E","605":"A","606":"A","607":"E","608":",","609":"Q","610":"A","611":"A","612":"Q","613":",","614":"E","615":"A","616":"A","617":"E","618":",","619":"Q","620":"A","621":"A","622":"Q","623":",","624":"E","625":"A","626":"A","627":"E","628":",","629":"M","630":"A","631":"A","632":"M","633":",","634":"C","635":"A","636":"A","637":"C","638":";","639":"Q","640":"A","641":"C","642":"r","643":"D","644":",","645":"I","646":"A","647":"A","648":"I","649":",","650":"C","651":"A","652":"A","653":"C","654":",","655":"M","656":"A","657":"A","658":"M","659":";","660":"Q","661":"A","662":"A","663":"G","664":";","665":"Q","666":"A","667":"A","668":"A","669":";","670":"Q","671":"A","672":"A","673":"A","674":";","675":"Q","676":"A","677":"A","678":"A","679":";","680":"Q","681":"A","682":"A","683":"A","684":";","685":"Q","686":"A","687":"A","688":"A","689":",","690":"O","691":"A","692":"A","693":"i","694":"B","695":",","696":"E","697":"A","698":"A","699":"C","700":",","701":"O","702":"A","703":"A","704":"O","705":",","706":"E","707":"A","708":"A","709":"E","710":",","711":"I","712":"A","713":"A","714":"I","715":",","716":"C","717":"A","718":"A","719":"C","720":",","721":"M","722":"A","723":"A","724":"M","725":",","726":"C","727":"A","728":"A","729":"C","730":";","731":"M","732":"A","733":"C","734":"v","735":"D","736":",","737":"C","738":"A","739":"A","740":"C","741":",","742":"E","743":"A","744":"A","745":"E","746":",","747":"I","748":"A","749":"A","750":"I","751":",","752":"C","753":"A","754":"A","755":"C","756":";","757":"I","758":"A","759":"C","760":"V","761":";","762":"E","763":"A","764":"C","765":"F","766":";","767":"A","768":"A","769":"C","770":"F","771":",","772":"C","773":"A","774":"A","775":"C","776":";","777":"A","778":"A","779":"A","780":"A","781":";","782":"A","783":"A","784":"A","785":"A","786":"\"","787":",","788":"\"","789":"f","790":"i","791":"l","792":"e","793":"\"","794":":","795":"\"","796":"/","797":"U","798":"s","799":"e","800":"r","801":"s","802":"/","803":"k","804":"k","805":"d","806":"a","807":"/","808":"D","809":"e","810":"s","811":"k","812":"t","813":"o","814":"p","815":"/","816":"j","817":"o","818":"b","819":"-","820":"s","821":"e","822":"a","823":"r","824":"c","825":"h","826":"/","827":"s","828":"r","829":"c","830":"/","831":"c","832":"o","833":"m","834":"p","835":"o","836":"n","837":"e","838":"n","839":"t","840":"s","841":"/","842":"J","843":"o","844":"b","845":"S","846":"e","847":"a","848":"r","849":"c","850":"h","851":"/","852":"H","853":"e","854":"a","855":"d","856":"L","857":"i","858":"n","859":"e","860":".","861":"v","862":"u","863":"e","864":"\"","865":",","866":"\"","867":"s","868":"o","869":"u","870":"r","871":"c","872":"e","873":"s","874":"C","875":"o","876":"n","877":"t","878":"e","879":"n","880":"t","881":"\"","882":":","883":"[","884":"\"","885":"<","886":"t","887":"e","888":"m","889":"p","890":"l","891":"a","892":"t","893":"e","894":">","895":"\\","896":"n","897":" ","898":" ","899":"<","900":"s","901":"e","902":"c","903":"t","904":"i","905":"o","906":"n","907":" ","908":"c","909":"l","910":"a","911":"s","912":"s","913":"=","914":"\\","915":"\"","916":"m","917":"b","918":"-","919":"1","920":"6","921":"\\","922":"\"","923":">","924":"\\","925":"n","926":" ","927":" ","928":" ","929":" ","930":"<","931":"h","932":"1","933":"\\","934":"n","935":" ","936":" ","937":" ","938":" ","939":" ","940":" ","941":"c","942":"l","943":"a","944":"s","945":"s","946":"=","947":"\\","948":"\"","949":"f","950":"o","951":"n","952":"t","953":"-","954":"b","955":"o","956":"l","957":"d","958":" ","959":"t","960":"r","961":"a","962":"c","963":"k","964":"i","965":"n","966":"g","967":"-","968":"t","969":"i","970":"g","971":"h","972":"t","973":"e","974":"r","975":" ","976":"t","977":"e","978":"x","979":"t","980":"-","981":"8","982":"x","983":"l","984":" ","985":"m","986":"b","987":"-","988":"1","989":"4","990":"\\","991":"\"","992":"\\","993":"n","994":" ","995":" ","996":" ","997":" ","998":" ","999":" ","1000":"d","1001":"a","1002":"t","1003":"a","1004":"-","1005":"t","1006":"e","1007":"s","1008":"t","1009":"=","1010":"\\","1011":"\"","1012":"a","1013":"c","1014":"t","1015":"i","1016":"o","1017":"n","1018":"-","1019":"p","1020":"h","1021":"r","1022":"a","1023":"s","1024":"e","1025":"\\","1026":"\"","1027":"\\","1028":"n","1029":" ","1030":" ","1031":" ","1032":" ","1033":">","1034":"\\","1035":"n","1036":" ","1037":" ","1038":" ","1039":" ","1040":" ","1041":" ","1042":"<","1043":"s","1044":"p","1045":"a","1046":"n","1047":" ","1048":":","1049":"c","1050":"l","1051":"a","1052":"s","1053":"s","1054":"=","1055":"\\","1056":"\"","1057":"a","1058":"c","1059":"t","1060":"i","1061":"o","1062":"n","1063":"C","1064":"l","1065":"a","1066":"s","1067":"s","1068":"e","1069":"s","1070":"\\","1071":"\"","1072":">","1073":"{","1074":"{","1075":" ","1076":"a","1077":"c","1078":"t","1079":"i","1080":"o","1081":"n","1082":" ","1083":"}","1084":"}","1085":"<","1086":"/","1087":"s","1088":"p","1089":"a","1090":"n","1091":">","1092":"\\","1093":"n","1094":" ","1095":" ","1096":" ","1097":" ","1098":" ","1099":" ","1100":"<","1101":"b","1102":"r","1103":" ","1104":"/","1105":">","1106":"\\","1107":"n","1108":" ","1109":" ","1110":" ","1111":" ","1112":" ","1113":" ","1114":"f","1115":"o","1116":"r","1117":" ","1118":"e","1119":"v","1120":"e","1121":"r","1122":"y","1123":"o","1124":"n","1125":"e","1126":"\\","1127":"n","1128":" ","1129":" ","1130":" ","1131":" ","1132":"<","1133":"/","1134":"h","1135":"1","1136":">","1137":"\\","1138":"n","1139":" ","1140":" ","1141":" ","1142":" ","1143":"<","1144":"h","1145":"2","1146":" ","1147":"c","1148":"l","1149":"a","1150":"s","1151":"s","1152":"=","1153":"\\","1154":"\"","1155":"t","1156":"e","1157":"x","1158":"t","1159":"-","1160":"3","1161":"x","1162":"l","1163":" ","1164":"f","1165":"o","1166":"n","1167":"t","1168":"-","1169":"l","1170":"i","1171":"g","1172":"h","1173":"t","1174":"\\","1175":"\"","1176":">","1177":"F","1178":"i","1179":"n","1180":"d","1181":" ","1182":"y","1183":"o","1184":"u","1185":"r","1186":" ","1187":"j","1188":"o","1189":"b","1190":" ","1191":"a","1192":"t","1193":" ","1194":"F","1195":"I","1196":"N","1197":"D","1198":" ","1199":"J","1200":"O","1201":"b","1202":"<","1203":"/","1204":"h","1205":"2","1206":">","1207":"\\","1208":"n","1209":" ","1210":" ","1211":"<","1212":"/","1213":"s","1214":"e","1215":"c","1216":"t","1217":"i","1218":"o","1219":"n","1220":">","1221":"\\","1222":"n","1223":"<","1224":"/","1225":"t","1226":"e","1227":"m","1228":"p","1229":"l","1230":"a","1231":"t","1232":"e","1233":">","1234":"\\","1235":"n","1236":"\\","1237":"n","1238":"<","1239":"s","1240":"c","1241":"r","1242":"i","1243":"p","1244":"t","1245":">","1246":"\\","1247":"n","1248":"i","1249":"m","1250":"p","1251":"o","1252":"r","1253":"t","1254":" ","1255":"n","1256":"e","1257":"x","1258":"t","1259":"E","1260":"l","1261":"e","1262":"m","1263":"e","1264":"n","1265":"t","1266":"I","1267":"n","1268":"L","1269":"i","1270":"s","1271":"t","1272":" ","1273":"f","1274":"r","1275":"o","1276":"m","1277":" ","1278":"\\","1279":"\"","1280":"@","1281":"/","1282":"u","1283":"t","1284":"i","1285":"l","1286":"s","1287":"/","1288":"n","1289":"e","1290":"x","1291":"t","1292":"E","1293":"l","1294":"e","1295":"m","1296":"e","1297":"n","1298":"t","1299":"I","1300":"n","1301":"L","1302":"i","1303":"s","1304":"t","1305":"\\","1306":"\"","1307":";","1308":"\\","1309":"n","1310":"\\","1311":"n","1312":"e","1313":"x","1314":"p","1315":"o","1316":"r","1317":"t","1318":" ","1319":"d","1320":"e","1321":"f","1322":"a","1323":"u","1324":"l","1325":"t","1326":" ","1327":"{","1328":"\\","1329":"n","1330":" ","1331":" ","1332":"n","1333":"a","1334":"m","1335":"e","1336":":","1337":" ","1338":"\\","1339":"\"","1340":"H","1341":"e","1342":"a","1343":"d","1344":"L","1345":"i","1346":"n","1347":"e","1348":"\\","1349":"\"","1350":",","1351":"\\","1352":"n","1353":" ","1354":" ","1355":"d","1356":"a","1357":"t","1358":"a","1359":"(","1360":")","1361":" ","1362":"{","1363":"\\","1364":"n","1365":" ","1366":" ","1367":" ","1368":" ","1369":"r","1370":"e","1371":"t","1372":"u","1373":"r","1374":"n","1375":" ","1376":"{","1377":"\\","1378":"n","1379":" ","1380":" ","1381":" ","1382":" ","1383":" ","1384":" ","1385":"a","1386":"c","1387":"t","1388":"i","1389":"o","1390":"n","1391":":","1392":" ","1393":"\\","1394":"\"","1395":"B","1396":"u","1397":"i","1398":"l","1399":"d","1400":"\\","1401":"\"","1402":",","1403":"\\","1404":"n","1405":" ","1406":" ","1407":" ","1408":" ","1409":" ","1410":" ","1411":"i","1412":"n","1413":"t","1414":"e","1415":"r","1416":"v","1417":"a","1418":"l","1419":":","1420":" ","1421":"n","1422":"u","1423":"l","1424":"l","1425":",","1426":"\\","1427":"n","1428":" ","1429":" ","1430":" ","1431":" ","1432":"}","1433":";","1434":"\\","1435":"n","1436":" ","1437":" ","1438":"}","1439":",","1440":"\\","1441":"n","1442":" ","1443":" ","1444":"c","1445":"o","1446":"m","1447":"p","1448":"u","1449":"t","1450":"e","1451":"d","1452":":","1453":" ","1454":"{","1455":"\\","1456":"n","1457":" ","1458":" ","1459":" ","1460":" ","1461":"a","1462":"c","1463":"t","1464":"i","1465":"o","1466":"n","1467":"C","1468":"l","1469":"a","1470":"s","1471":"s","1472":"e","1473":"s","1474":"(","1475":")","1476":" ","1477":"{","1478":"\\","1479":"n","1480":" ","1481":" ","1482":" ","1483":" ","1484":" ","1485":" ","1486":"r","1487":"e","1488":"t","1489":"u","1490":"r","1491":"n","1492":" ","1493":"{","1494":"\\","1495":"n","1496":" ","1497":" ","1498":" ","1499":" ","1500":" ","1501":" ","1502":" ","1503":" ","1504":"/","1505":"/","1506":" ","1507":"b","1508":"u","1509":"i","1510":"l","1511":"d","1512":":","1513":" ","1514":"t","1515":"h","1516":"i","1517":"s","1518":".","1519":"a","1520":"c","1521":"t","1522":"i","1523":"o","1524":"n","1525":" ","1526":"=","1527":"=","1528":"=","1529":" ","1530":"\\","1531":"\"","1532":"B","1533":"u","1534":"i","1535":"l","1536":"d","1537":"\\","1538":"\"","1539":",","1540":"\\","1541":"n","1542":" ","1543":" ","1544":" ","1545":" ","1546":" ","1547":" ","1548":" ","1549":" ","1550":"/","1551":"/","1552":" ","1553":"c","1554":"r","1555":"e","1556":"a","1557":"t","1558":"e","1559":":","1560":" ","1561":"t","1562":"h","1563":"i","1564":"s","1565":".","1566":"a","1567":"c","1568":"t","1569":"i","1570":"o","1571":"n","1572":" ","1573":"=","1574":"=","1575":"=","1576":" ","1577":"\\","1578":"\"","1579":"C","1580":"r","1581":"e","1582":"a","1583":"t","1584":"e","1585":"d","1586":"\\","1587":"\"","1588":",","1589":"\\","1590":"n","1591":" ","1592":" ","1593":" ","1594":" ","1595":" ","1596":" ","1597":" ","1598":" ","1599":"/","1600":"/","1601":" ","1602":"d","1603":"e","1604":"s","1605":"i","1606":"g","1607":"n","1608":":","1609":" ","1610":"t","1611":"h","1612":"i","1613":"s","1614":".","1615":"a","1616":"c","1617":"t","1618":"i","1619":"o","1620":"n","1621":" ","1622":"=","1623":"=","1624":"=","1625":" ","1626":"\\","1627":"\"","1628":"D","1629":"e","1630":"s","1631":"i","1632":"g","1633":"n","1634":"\\","1635":"\"","1636":",","1637":"\\","1638":"n","1639":" ","1640":" ","1641":" ","1642":" ","1643":" ","1644":" ","1645":" ","1646":" ","1647":"/","1648":"/","1649":" ","1650":"c","1651":"o","1652":"d","1653":"e","1654":":","1655":" ","1656":"t","1657":"h","1658":"i","1659":"s","1660":".","1661":"a","1662":"c","1663":"t","1664":"i","1665":"o","1666":"n","1667":" ","1668":"=","1669":"=","1670":"=","1671":" ","1672":"\\","1673":"\"","1674":"C","1675":"o","1676":"d","1677":"e","1678":"\\","1679":"\"","1680":",","1681":"\\","1682":"n","1683":" ","1684":" ","1685":" ","1686":" ","1687":" ","1688":" ","1689":" ","1690":" ","1691":"[","1692":"t","1693":"h","1694":"i","1695":"s","1696":".","1697":"a","1698":"c","1699":"t","1700":"i","1701":"o","1702":"n","1703":".","1704":"t","1705":"o","1706":"L","1707":"o","1708":"w","1709":"e","1710":"r","1711":"C","1712":"a","1713":"s","1714":"e","1715":"(","1716":")","1717":"]","1718":":","1719":" ","1720":"t","1721":"r","1722":"u","1723":"e","1724":",","1725":"\\","1726":"n","1727":" ","1728":" ","1729":" ","1730":" ","1731":" ","1732":" ","1733":"}","1734":";","1735":"\\","1736":"n","1737":" ","1738":" ","1739":" ","1740":" ","1741":"}","1742":",","1743":"\\","1744":"n","1745":" ","1746":" ","1747":"}","1748":",","1749":"\\","1750":"n","1751":" ","1752":" ","1753":"c","1754":"r","1755":"e","1756":"a","1757":"t","1758":"e","1759":"d","1760":"(","1761":")","1762":" ","1763":"{","1764":"\\","1765":"n","1766":" ","1767":" ","1768":" ","1769":" ","1770":"t","1771":"h","1772":"i","1773":"s","1774":".","1775":"c","1776":"h","1777":"a","1778":"n","1779":"g","1780":"e","1781":"T","1782":"i","1783":"t","1784":"l","1785":"e","1786":"(","1787":")","1788":";","1789":"\\","1790":"n","1791":" ","1792":" ","1793":"}","1794":",","1795":"\\","1796":"n","1797":" ","1798":" ","1799":"b","1800":"e","1801":"f","1802":"o","1803":"r","1804":"e","1805":"U","1806":"n","1807":"m","1808":"o","1809":"u","1810":"n","1811":"t","1812":"(","1813":")","1814":" ","1815":"{","1816":"\\","1817":"n","1818":" ","1819":" ","1820":" ","1821":" ","1822":"c","1823":"l","1824":"e","1825":"a","1826":"r","1827":"I","1828":"n","1829":"t","1830":"e","1831":"r","1832":"v","1833":"a","1834":"l","1835":"(","1836":"t","1837":"h","1838":"i","1839":"s","1840":".","1841":"i","1842":"n","1843":"t","1844":"e","1845":"r","1846":"v","1847":"a","1848":"l","1849":")","1850":";","1851":"\\","1852":"n","1853":" ","1854":" ","1855":"}","1856":",","1857":"\\","1858":"n","1859":"\\","1860":"n","1861":" ","1862":" ","1863":"m","1864":"e","1865":"t","1866":"h","1867":"o","1868":"d","1869":"s","1870":":","1871":" ","1872":"{","1873":"\\","1874":"n","1875":" ","1876":" ","1877":" ","1878":" ","1879":"c","1880":"h","1881":"a","1882":"n","1883":"g","1884":"e","1885":"T","1886":"i","1887":"t","1888":"l","1889":"e","1890":"(","1891":")","1892":" ","1893":"{","1894":"\\","1895":"n","1896":" ","1897":" ","1898":" ","1899":" ","1900":" ","1901":" ","1902":"t","1903":"h","1904":"i","1905":"s","1906":".","1907":"i","1908":"n","1909":"t","1910":"e","1911":"r","1912":"v","1913":"a","1914":"l","1915":" ","1916":"=","1917":" ","1918":"s","1919":"e","1920":"t","1921":"I","1922":"n","1923":"t","1924":"e","1925":"r","1926":"v","1927":"a","1928":"l","1929":"(","1930":"(","1931":")","1932":" ","1933":"=","1934":">","1935":" ","1936":"{","1937":"\\","1938":"n","1939":" ","1940":" ","1941":" ","1942":" ","1943":" ","1944":" ","1945":" ","1946":" ","1947":"c","1948":"o","1949":"n","1950":"s","1951":"t","1952":" ","1953":"a","1954":"c","1955":"t","1956":"i","1957":"o","1958":"n","1959":"s","1960":" ","1961":"=","1962":" ","1963":"[","1964":"\\","1965":"\"","1966":"B","1967":"u","1968":"i","1969":"l","1970":"d","1971":"\\","1972":"\"","1973":",","1974":" ","1975":"\\","1976":"\"","1977":"C","1978":"r","1979":"e","1980":"a","1981":"t","1982":"e","1983":"\\","1984":"\"","1985":",","1986":" ","1987":"\\","1988":"\"","1989":"D","1990":"e","1991":"s","1992":"i","1993":"g","1994":"n","1995":"\\","1996":"\"","1997":",","1998":" ","1999":"\\","2000":"\"","2001":"C","2002":"o","2003":"d","2004":"e","2005":"\\","2006":"\"","2007":"]","2008":";","2009":"\\","2010":"n","2011":" ","2012":" ","2013":" ","2014":" ","2015":" ","2016":" ","2017":" ","2018":" ","2019":"t","2020":"h","2021":"i","2022":"s","2023":".","2024":"a","2025":"c","2026":"t","2027":"i","2028":"o","2029":"n","2030":" ","2031":"=","2032":" ","2033":"n","2034":"e","2035":"x","2036":"t","2037":"E","2038":"l","2039":"e","2040":"m","2041":"e","2042":"n","2043":"t","2044":"I","2045":"n","2046":"L","2047":"i","2048":"s","2049":"t","2050":"(","2051":"a","2052":"c","2053":"t","2054":"i","2055":"o","2056":"n","2057":"s","2058":",","2059":" ","2060":"t","2061":"h","2062":"i","2063":"s","2064":".","2065":"a","2066":"c","2067":"t","2068":"i","2069":"o","2070":"n","2071":")","2072":";","2073":"\\","2074":"n","2075":" ","2076":" ","2077":" ","2078":" ","2079":" ","2080":" ","2081":"}","2082":",","2083":" ","2084":"3","2085":"0","2086":"0","2087":"0","2088":")","2089":";","2090":"\\","2091":"n","2092":" ","2093":" ","2094":" ","2095":" ","2096":"}","2097":",","2098":"\\","2099":"n","2100":" ","2101":" ","2102":"}","2103":",","2104":"\\","2105":"n","2106":"}","2107":";","2108":"\\","2109":"n","2110":"<","2111":"/","2112":"s","2113":"c","2114":"r","2115":"i","2116":"p","2117":"t","2118":">","2119":"\\","2120":"n","2121":"\\","2122":"n","2123":"<","2124":"s","2125":"t","2126":"y","2127":"l","2128":"e","2129":" ","2130":"s","2131":"c","2132":"o","2133":"p","2134":"e","2135":"d","2136":">","2137":"\\","2138":"n","2139":".","2140":"b","2141":"u","2142":"i","2143":"l","2144":"d","2145":" ","2146":"{","2147":"\\","2148":"n","2149":" ","2150":" ","2151":"c","2152":"o","2153":"l","2154":"o","2155":"r","2156":":","2157":" ","2158":"#","2159":"1","2160":"a","2161":"7","2162":"3","2163":"e","2164":"8","2165":";","2166":"\\","2167":"n","2168":"}","2169":"\\","2170":"n","2171":".","2172":"c","2173":"r","2174":"e","2175":"a","2176":"t","2177":"e","2178":" ","2179":"{","2180":"\\","2181":"n","2182":" ","2183":" ","2184":"c","2185":"o","2186":"l","2187":"o","2188":"r","2189":":","2190":" ","2191":"#","2192":"3","2193":"4","2194":"a","2195":"8","2196":"5","2197":"3","2198":";","2199":"\\","2200":"n","2201":"}","2202":"\\","2203":"n","2204":".","2205":"d","2206":"e","2207":"s","2208":"i","2209":"g","2210":"n","2211":" ","2212":"{","2213":"\\","2214":"n","2215":" ","2216":" ","2217":"c","2218":"o","2219":"l","2220":"o","2221":"r","2222":":","2223":" ","2224":"#","2225":"f","2226":"9","2227":"a","2228":"b","2229":"0","2230":"0","2231":";","2232":"\\","2233":"n","2234":"}","2235":"\\","2236":"n","2237":".","2238":"c","2239":"o","2240":"d","2241":"e","2242":" ","2243":"{","2244":"\\","2245":"n","2246":" ","2247":" ","2248":"c","2249":"o","2250":"l","2251":"o","2252":"r","2253":":","2254":" ","2255":"#","2256":"d","2257":"9","2258":"3","2259":"0","2260":"2","2261":"5","2262":";","2263":"\\","2264":"n","2265":"}","2266":"\\","2267":"n","2268":"<","2269":"/","2270":"s","2271":"t","2272":"y","2273":"l","2274":"e","2275":">","2276":"\\","2277":"n","2278":"\"","2279":"]","2280":"}"},"_coverageSchema":"1a1c01bbd47fc00a2c39e90264f33305004495a9","hash":"1cbab95e458324ffee8667b509efe933f4e97af5"}
,"/Users/kkda/Desktop/job-search/src/components/JobSearch/JobSearchForm.vue": {"path":"/Users/kkda/Desktop/job-search/src/components/JobSearch/JobSearchForm.vue","statementMap":{"0":{"start":{"line":4,"column":29},"end":{"line":4,"column":139}},"1":{"start":{"line":5,"column":0},"end":{"line":7,"column":3}},"2":{"start":{"line":8,"column":0},"end":{"line":8,"column":25}},"3":{"start":{"line":9,"column":0},"end":{"line":9,"column":44}},"4":{"start":{"line":51,"column":0},"end":{"line":51,"column":13}},"5":{"start":{"line":53,"column":0},"end":{"line":55,"column":3}},"6":{"start":{"line":56,"column":0},"end":{"line":56,"column":24}},"7":{"start":{"line":57,"column":11},"end":{"line":57,"column":25}},"8":{"start":{"line":58,"column":19},"end":{"line":60,"column":1}},"9":{"start":{"line":61,"column":19},"end":{"line":63,"column":1}},"10":{"start":{"line":64,"column":32},"end":{"line":66,"column":28}},"11":{"start":{"line":67,"column":32},"end":{"line":69,"column":26}},"12":{"start":{"line":70,"column":19},"end":{"line":72,"column":1}},"13":{"start":{"line":73,"column":32},"end":{"line":75,"column":30}},"14":{"start":{"line":78,"column":39},"end":{"line":78,"column":86}},"15":{"start":{"line":79,"column":32},"end":{"line":79,"column":72}},"16":{"start":{"line":80,"column":35},"end":{"line":80,"column":78}},"17":{"start":{"line":81,"column":2},"end":{"line":104,"column":32}},"18":{"start":{"line":84,"column":6},"end":{"line":84,"column":68}},"19":{"start":{"line":91,"column":63},"end":{"line":91,"column":81}},"20":{"start":{"line":96,"column":63},"end":{"line":96,"column":85}},"21":{"start":{"line":105,"column":2},"end":{"line":105,"column":49}}},"fnMap":{"0":{"name":"render","decl":{"start":{"line":77,"column":9},"end":{"line":77,"column":15}},"loc":{"start":{"line":77,"column":30},"end":{"line":105,"column":1}},"line":77},"1":{"name":"(anonymous_1)","decl":{"start":{"line":83,"column":64},"end":{"line":83,"column":65}},"loc":{"start":{"line":83,"column":76},"end":{"line":85,"column":5}},"line":83},"2":{"name":"(anonymous_2)","decl":{"start":{"line":91,"column":53},"end":{"line":91,"column":54}},"loc":{"start":{"line":91,"column":63},"end":{"line":91,"column":81}},"line":91},"3":{"name":"(anonymous_3)","decl":{"start":{"line":96,"column":53},"end":{"line":96,"column":54}},"loc":{"start":{"line":96,"column":63},"end":{"line":96,"column":85}},"line":96}},"branchMap":{"0":{"loc":{"start":{"line":83,"column":14},"end":{"line":85,"column":20}},"type":"binary-expr","locations":[{"start":{"line":83,"column":14},"end":{"line":83,"column":23}},{"start":{"line":83,"column":28},"end":{"line":85,"column":19}}],"line":83},"1":{"loc":{"start":{"line":84,"column":13},"end":{"line":84,"column":67}},"type":"binary-expr","locations":[{"start":{"line":84,"column":13},"end":{"line":84,"column":31}},{"start":{"line":84,"column":35},"end":{"line":84,"column":67}}],"line":84},"2":{"loc":{"start":{"line":91,"column":27},"end":{"line":91,"column":82}},"type":"binary-expr","locations":[{"start":{"line":91,"column":27},"end":{"line":91,"column":36}},{"start":{"line":91,"column":41},"end":{"line":91,"column":81}}],"line":91},"3":{"loc":{"start":{"line":96,"column":27},"end":{"line":96,"column":86}},"type":"binary-expr","locations":[{"start":{"line":96,"column":27},"end":{"line":96,"column":36}},{"start":{"line":96,"column":41},"end":{"line":96,"column":85}}],"line":96}},"s":{"0":1,"1":1,"2":1,"3":1,"4":1,"5":1,"6":1,"7":1,"8":1,"9":1,"10":1,"11":1,"12":1,"13":1,"14":3,"15":3,"16":3,"17":3,"18":1,"19":1,"20":1,"21":1},"f":{"0":3,"1":1,"2":1,"3":1},"b":{"0":[3,1],"1":[1,1],"2":[3,1],"3":[3,1]},"inputSourceMap":{"0":"{","1":"\"","2":"v","3":"e","4":"r","5":"s","6":"i","7":"o","8":"n","9":"\"","10":":","11":"3","12":",","13":"\"","14":"s","15":"o","16":"u","17":"r","18":"c","19":"e","20":"s","21":"\"","22":":","23":"[","24":"\"","25":"/","26":"U","27":"s","28":"e","29":"r","30":"s","31":"/","32":"k","33":"k","34":"d","35":"a","36":"/","37":"D","38":"e","39":"s","40":"k","41":"t","42":"o","43":"p","44":"/","45":"j","46":"o","47":"b","48":"-","49":"s","50":"e","51":"a","52":"r","53":"c","54":"h","55":"/","56":"s","57":"r","58":"c","59":"/","60":"c","61":"o","62":"m","63":"p","64":"o","65":"n","66":"e","67":"n","68":"t","69":"s","70":"/","71":"J","72":"o","73":"b","74":"S","75":"e","76":"a","77":"r","78":"c","79":"h","80":"/","81":"J","82":"o","83":"b","84":"S","85":"e","86":"a","87":"r","88":"c","89":"h","90":"F","91":"o","92":"r","93":"m","94":".","95":"v","96":"u","97":"e","98":"\"","99":"]","100":",","101":"\"","102":"n","103":"a","104":"m","105":"e","106":"s","107":"\"","108":":","109":"[","110":"]","111":",","112":"\"","113":"m","114":"a","115":"p","116":"p","117":"i","118":"n","119":"g","120":"s","121":"\"","122":":","123":"\"","124":";","125":";","126":";","127":";","128":";","129":";","130":";","131":";","132":";","133":"A","134":"A","135":"i","136":"D","137":"A","138":";","139":"A","140":"A","141":"A","142":"A","143":";","144":"A","145":"A","146":"A","147":"A","148":";","149":"A","150":"A","151":"C","152":"A","153":";","154":"A","155":"A","156":"A","157":"A","158":";","159":"A","160":"A","161":"A","162":"A","163":";","164":"A","165":"A","166":"A","167":"g","168":"D","169":";","170":"A","171":"A","172":"A","173":"A","174":",","175":"e","176":"A","177":"C","178":"j","179":"C","180":";","181":"E","182":"A","183":"C","184":"b","185":",","186":"I","187":"A","188":"A","189":"I","190":",","191":"E","192":"A","193":"A","194":"E","195":",","196":"e","197":"A","198":"A","199":"e","200":";","201":"E","202":"A","203":"E","204":"r","205":"B","206":",","207":"U","208":"A","209":"A","210":"U","211":",","212":"E","213":"A","214":"A","215":"E","216":";","217":"I","218":"A","219":"C","220":"V","221":",","222":"Y","223":"A","224":"A","225":"Y","226":";","227":"I","228":"A","229":"A","230":"Z","231":";","232":"I","233":"A","234":"A","235":"A","236":";","237":"I","238":"A","239":"A","240":"A","241":";","242":"I","243":"A","244":"A","245":"A","246":",","247":"O","248":"A","249":"A","250":"Y","251":";","252":"I","253":"A","254":"C","255":"Z","256":",","257":"S","258":"A","259":"A","260":"S","261":";","262":"I","263":"A","264":"A","265":"T","266":";","267":"I","268":"A","269":"A","270":"A","271":";","272":"I","273":"A","274":"A","275":"A","276":";","277":"I","278":"A","279":"A","280":"A","281":";","282":"E","283":"A","284":"C","285":"F","286":",","287":"C","288":"A","289":"A","290":"C","291":";","292":"E","293":"A","294":"C","295":"D","296":",","297":"I","298":"A","299":"A","300":"I","301":",","302":"G","303":"A","304":"A","305":"G","306":";","307":"I","308":"A","309":"C","310":"L","311":",","312":"O","313":"A","314":"A","315":"O","316":";","317":"M","318":"A","319":"C","320":"L","321":",","322":"I","323":"A","324":"A","325":"I","326":",","327":"E","328":"A","329":"A","330":"E","331":",","332":"E","333":"A","334":"A","335":"E","336":";","337":"M","338":"A","339":"C","340":"R","341":",","342":"Q","343":"A","344":"A","345":"Q","346":",","347":"E","348":"A","349":"A","350":"E","351":";","352":"I","353":"A","354":"C","355":"Z","356":",","357":"C","358":"A","359":"A","360":"C","361":";","362":"E","363":"A","364":"C","365":"H","366":",","367":"C","368":"A","369":"A","370":"C","371":";","372":"E","373":"A","374":"C","375":"D","376":",","377":"O","378":"A","379":"A","380":"O","381":",","382":"E","383":"A","384":"A","385":"E","386":";","387":"I","388":"A","389":"C","390":"P","391":",","392":"a","393":"A","394":"A","395":"a","396":",","397":"G","398":"A","399":"A","400":"G","401":";","402":"M","403":"A","404":"C","405":"d","406":",","407":"I","408":"A","409":"A","410":"I","411":",","412":"C","413":"A","414":"A","415":"C","416":",","417":"O","418":"A","419":"A","420":"O","421":",","422":"C","423":"A","424":"A","425":"C","426":",","427":"I","428":"A","429":"A","430":"I","431":",","432":"C","433":"A","434":"A","435":"C","436":";","437":"Q","438":"A","439":"C","440":"h","441":"B","442":",","443":"I","444":"A","445":"A","446":"I","447":",","448":"E","449":"A","450":"A","451":"E","452":",","453":"Y","454":"A","455":"A","456":"Y","457":";","458":"Q","459":"A","460":"C","461":"l","462":"B","463":",","464":"K","465":"A","466":"A","467":"K","468":",","469":"E","470":"A","471":"A","472":"E","473":";","474":"U","475":"A","476":"A","477":"E","478":",","479":"I","480":"A","481":"A","482":"I","483":",","484":"E","485":"A","486":"A","487":"E","488":",","489":"I","490":"A","491":"A","492":"I","493":",","494":"C","495":"A","496":"A","497":"C","498":",","499":"I","500":"A","501":"A","502":"I","503":";","504":"U","505":"A","506":"A","507":"E","508":",","509":"Q","510":"A","511":"A","512":"Q","513":",","514":"E","515":"A","516":"A","517":"E","518":",","519":"I","520":"A","521":"A","522":"I","523":",","524":"C","525":"A","526":"A","527":"C","528":";","529":"Q","530":"A","531":"A","532":"S","533":";","534":"M","535":"A","536":"C","537":"p","538":"D","539":",","540":"C","541":"A","542":"A","543":"C","544":",","545":"C","546":"A","547":"A","548":"C","549":";","550":"I","551":"A","552":"C","553":"J","554":";","555":"E","556":"A","557":"C","558":"F","559":";","560":"A","561":"A","562":"C","563":"F","564":",","565":"C","566":"A","567":"A","568":"C","569":";","570":"A","571":"A","572":"A","573":"A","574":";","575":"A","576":"A","577":"A","578":"A","579":"\"","580":",","581":"\"","582":"f","583":"i","584":"l","585":"e","586":"\"","587":":","588":"\"","589":"/","590":"U","591":"s","592":"e","593":"r","594":"s","595":"/","596":"k","597":"k","598":"d","599":"a","600":"/","601":"D","602":"e","603":"s","604":"k","605":"t","606":"o","607":"p","608":"/","609":"j","610":"o","611":"b","612":"-","613":"s","614":"e","615":"a","616":"r","617":"c","618":"h","619":"/","620":"s","621":"r","622":"c","623":"/","624":"c","625":"o","626":"m","627":"p","628":"o","629":"n","630":"e","631":"n","632":"t","633":"s","634":"/","635":"J","636":"o","637":"b","638":"S","639":"e","640":"a","641":"r","642":"c","643":"h","644":"/","645":"J","646":"o","647":"b","648":"S","649":"e","650":"a","651":"r","652":"c","653":"h","654":"F","655":"o","656":"r","657":"m","658":".","659":"v","660":"u","661":"e","662":"\"","663":",","664":"\"","665":"s","666":"o","667":"u","668":"r","669":"c","670":"e","671":"s","672":"C","673":"o","674":"n","675":"t","676":"e","677":"n","678":"t","679":"\"","680":":","681":"[","682":"\"","683":"<","684":"t","685":"e","686":"m","687":"p","688":"l","689":"a","690":"t","691":"e","692":">","693":"\\","694":"n","695":" ","696":" ","697":"<","698":"f","699":"o","700":"r","701":"m","702":"\\","703":"n","704":" ","705":" ","706":" ","707":" ","708":"c","709":"l","710":"a","711":"s","712":"s","713":"=","714":"\\","715":"\"","716":"f","717":"l","718":"e","719":"x","720":" ","721":"i","722":"t","723":"e","724":"m","725":"s","726":"-","727":"c","728":"e","729":"n","730":"t","731":"e","732":"r","733":" ","734":"w","735":"-","736":"f","737":"u","738":"l","739":"l","740":" ","741":"h","742":"-","743":"1","744":"2","745":" ","746":"m","747":"t","748":"-","749":"1","750":"4","751":" ","752":"b","753":"o","754":"r","755":"d","756":"e","757":"r","758":" ","759":"b","760":"o","761":"r","762":"d","763":"e","764":"r","765":"-","766":"s","767":"o","768":"l","769":"i","770":"d","771":" ","772":"b","773":"o","774":"r","775":"d","776":"e","777":"r","778":"-","779":"b","780":"r","781":"a","782":"n","783":"d","784":"-","785":"g","786":"r","787":"a","788":"y","789":"-","790":"3","791":" ","792":"r","793":"o","794":"u","795":"n","796":"d","797":"e","798":"d","799":"-","800":"3","801":"x","802":"l","803":"\\","804":"\"","805":"\\","806":"n","807":" ","808":" ","809":" ","810":" ","811":"@","812":"s","813":"u","814":"b","815":"m","816":"i","817":"t","818":".","819":"p","820":"r","821":"e","822":"v","823":"e","824":"n","825":"t","826":"=","827":"\\","828":"\"","829":"s","830":"e","831":"a","832":"r","833":"c","834":"h","835":"F","836":"o","837":"r","838":"J","839":"o","840":"b","841":"s","842":"\\","843":"\"","844":"\\","845":"n","846":" ","847":" ","848":">","849":"\\","850":"n","851":" ","852":" ","853":" ","854":" ","855":"<","856":"f","857":"o","858":"n","859":"t","860":"-","861":"a","862":"w","863":"e","864":"s","865":"o","866":"m","867":"e","868":"-","869":"i","870":"c","871":"o","872":"n","873":" ","874":":","875":"i","876":"c","877":"o","878":"n","879":"=","880":"\\","881":"\"","882":"[","883":"'","884":"f","885":"a","886":"s","887":"'","888":",","889":" ","890":"'","891":"s","892":"e","893":"a","894":"r","895":"c","896":"h","897":"'","898":"]","899":"\\","900":"\"","901":" ","902":"c","903":"l","904":"a","905":"s","906":"s","907":"=","908":"\\","909":"\"","910":"m","911":"l","912":"-","913":"4","914":" ","915":"m","916":"r","917":"-","918":"3","919":"\\","920":"\"","921":" ","922":"/","923":">","924":"\\","925":"n","926":"\\","927":"n","928":" ","929":" ","930":" ","931":" ","932":"<","933":"d","934":"i","935":"v","936":" ","937":"c","938":"l","939":"a","940":"s","941":"s","942":"=","943":"\\","944":"\"","945":"f","946":"l","947":"e","948":"x","949":" ","950":"f","951":"l","952":"e","953":"x","954":"-","955":"n","956":"o","957":"w","958":"r","959":"a","960":"p","961":" ","962":"f","963":"l","964":"e","965":"x","966":"-","967":"1","968":" ","969":"h","970":"-","971":"f","972":"u","973":"l","974":"l","975":" ","976":"t","977":"e","978":"x","979":"t","980":"-","981":"b","982":"a","983":"s","984":"e","985":" ","986":"f","987":"o","988":"n","989":"t","990":"-","991":"l","992":"i","993":"g","994":"h","995":"t","996":"\\","997":"\"","998":">","999":"\\","1000":"n","1001":" ","1002":" ","1003":" ","1004":" ","1005":" ","1006":" ","1007":"<","1008":"d","1009":"i","1010":"v","1011":" ","1012":"c","1013":"l","1014":"a","1015":"s","1016":"s","1017":"=","1018":"\\","1019":"\"","1020":"r","1021":"e","1022":"l","1023":"a","1024":"t","1025":"i","1026":"v","1027":"e","1028":" ","1029":"f","1030":"l","1031":"e","1032":"x","1033":" ","1034":"i","1035":"t","1036":"e","1037":"m","1038":"s","1039":"-","1040":"c","1041":"e","1042":"n","1043":"t","1044":"e","1045":"r","1046":" ","1047":"f","1048":"l","1049":"e","1050":"x","1051":"-","1052":"1","1053":" ","1054":"h","1055":"-","1056":"f","1057":"u","1058":"l","1059":"l","1060":" ","1061":"p","1062":"r","1063":"-","1064":"3","1065":"\\","1066":"\"","1067":">","1068":"\\","1069":"n","1070":" ","1071":" ","1072":" ","1073":" ","1074":" ","1075":" ","1076":" ","1077":" ","1078":"<","1079":"l","1080":"a","1081":"b","1082":"e","1083":"l","1084":" ","1085":"c","1086":"l","1087":"a","1088":"s","1089":"s","1090":"=","1091":"\\","1092":"\"","1093":"a","1094":"b","1095":"s","1096":"o","1097":"l","1098":"u","1099":"t","1100":"e","1101":" ","1102":"l","1103":"e","1104":"f","1105":"t","1106":"-","1107":"0","1108":" ","1109":"-","1110":"t","1111":"o","1112":"p","1113":"-","1114":"1","1115":"0","1116":"\\","1117":"\"","1118":">","1119":"R","1120":"o","1121":"l","1122":"e","1123":"<","1124":"/","1125":"l","1126":"a","1127":"b","1128":"e","1129":"l","1130":">","1131":"\\","1132":"n","1133":" ","1134":" ","1135":" ","1136":" ","1137":" ","1138":" ","1139":" ","1140":" ","1141":"<","1142":"t","1143":"e","1144":"x","1145":"t","1146":"-","1147":"i","1148":"n","1149":"p","1150":"u","1151":"t","1152":"\\","1153":"n","1154":" ","1155":" ","1156":" ","1157":" ","1158":" ","1159":" ","1160":" ","1161":" ","1162":" ","1163":" ","1164":"v","1165":"-","1166":"m","1167":"o","1168":"d","1169":"e","1170":"l","1171":"=","1172":"\\","1173":"\"","1174":"r","1175":"o","1176":"l","1177":"e","1178":"\\","1179":"\"","1180":"\\","1181":"n","1182":" ","1183":" ","1184":" ","1185":" ","1186":" ","1187":" ","1188":" ","1189":" ","1190":" ","1191":" ","1192":"p","1193":"l","1194":"a","1195":"c","1196":"e","1197":"h","1198":"o","1199":"l","1200":"d","1201":"e","1202":"r","1203":"=","1204":"\\","1205":"\"","1206":"S","1207":"o","1208":"f","1209":"t","1210":"w","1211":"a","1212":"r","1213":"e","1214":" ","1215":"e","1216":"n","1217":"g","1218":"i","1219":"n","1220":"n","1221":"e","1222":"r","1223":"\\","1224":"\"","1225":"\\","1226":"n","1227":" ","1228":" ","1229":" ","1230":" ","1231":" ","1232":" ","1233":" ","1234":" ","1235":" ","1236":" ","1237":"d","1238":"a","1239":"t","1240":"a","1241":"-","1242":"t","1243":"e","1244":"s","1245":"t","1246":"=","1247":"\\","1248":"\"","1249":"r","1250":"o","1251":"l","1252":"e","1253":"-","1254":"i","1255":"n","1256":"p","1257":"u","1258":"t","1259":"\\","1260":"\"","1261":"\\","1262":"n","1263":" ","1264":" ","1265":" ","1266":" ","1267":" ","1268":" ","1269":" ","1270":" ","1271":"/","1272":">","1273":"\\","1274":"n","1275":" ","1276":" ","1277":" ","1278":" ","1279":" ","1280":" ","1281":" ","1282":" ","1283":"<","1284":"!","1285":"-","1286":"-","1287":" ","1288":"<","1289":"t","1290":"e","1291":"x","1292":"t","1293":"-","1294":"i","1295":"n","1296":"p","1297":"u","1298":"t","1299":"\\","1300":"n","1301":" ","1302":" ","1303":" ","1304":" ","1305":" ","1306":" ","1307":" ","1308":" ","1309":" ","1310":" ","1311":"p","1312":"l","1313":"a","1314":"c","1315":"e","1316":"h","1317":"o","1318":"l","1319":"d","1320":"e","1321":"r","1322":"=","1323":"\\","1324":"\"","1325":"S","1326":"o","1327":"f","1328":"t","1329":"w","1330":"a","1331":"r","1332":"e","1333":" ","1334":"e","1335":"n","1336":"g","1337":"i","1338":"n","1339":"n","1340":"e","1341":"r","1342":"\\","1343":"\"","1344":"\\","1345":"n","1346":" ","1347":" ","1348":" ","1349":" ","1350":" ","1351":" ","1352":" ","1353":" ","1354":" ","1355":" ","1356":":","1357":"v","1358":"a","1359":"l","1360":"u","1361":"e","1362":"=","1363":"\\","1364":"\"","1365":"r","1366":"o","1367":"l","1368":"e","1369":"\\","1370":"\"","1371":"\\","1372":"n","1373":" ","1374":" ","1375":" ","1376":" ","1377":" ","1378":" ","1379":" ","1380":" ","1381":" ","1382":" ","1383":"@","1384":"h","1385":"a","1386":"n","1387":"d","1388":"l","1389":"e","1390":"-","1391":"i","1392":"n","1393":"p","1394":"u","1395":"t","1396":"=","1397":"\\","1398":"\"","1399":"r","1400":"o","1401":"l","1402":"e","1403":" ","1404":"=","1405":" ","1406":"$","1407":"e","1408":"v","1409":"e","1410":"n","1411":"t","1412":"\\","1413":"\"","1414":"\\","1415":"n","1416":" ","1417":" ","1418":" ","1419":" ","1420":" ","1421":" ","1422":" ","1423":" ","1424":"/","1425":">","1426":" ","1427":"-","1428":"-","1429":">","1430":"\\","1431":"n","1432":" ","1433":" ","1434":" ","1435":" ","1436":" ","1437":" ","1438":"<","1439":"/","1440":"d","1441":"i","1442":"v","1443":">","1444":"\\","1445":"n","1446":" ","1447":" ","1448":" ","1449":" ","1450":" ","1451":" ","1452":"<","1453":"s","1454":"p","1455":"a","1456":"n","1457":"\\","1458":"n","1459":" ","1460":" ","1461":" ","1462":" ","1463":" ","1464":" ","1465":" ","1466":" ","1467":"c","1468":"l","1469":"a","1470":"s","1471":"s","1472":"=","1473":"\\","1474":"\"","1475":"f","1476":"l","1477":"e","1478":"x","1479":" ","1480":"i","1481":"t","1482":"e","1483":"m","1484":"s","1485":"-","1486":"c","1487":"e","1488":"n","1489":"t","1490":"e","1491":"r","1492":" ","1493":"h","1494":"-","1495":"f","1496":"u","1497":"l","1498":"l","1499":" ","1500":"p","1501":"x","1502":"-","1503":"3","1504":" ","1505":"b","1506":"o","1507":"r","1508":"d","1509":"e","1510":"r","1511":"-","1512":"l","1513":" ","1514":"b","1515":"o","1516":"r","1517":"d","1518":"e","1519":"r","1520":"-","1521":"r","1522":" ","1523":"b","1524":"o","1525":"r","1526":"d","1527":"e","1528":"r","1529":"-","1530":"b","1531":"r","1532":"a","1533":"n","1534":"d","1535":"-","1536":"g","1537":"r","1538":"a","1539":"y","1540":"-","1541":"3","1542":" ","1543":"b","1544":"g","1545":"-","1546":"b","1547":"r","1548":"a","1549":"n","1550":"d","1551":"-","1552":"g","1553":"r","1554":"a","1555":"y","1556":"-","1557":"2","1558":"\\","1559":"\"","1560":"\\","1561":"n","1562":" ","1563":" ","1564":" ","1565":" ","1566":" ","1567":" ","1568":" ","1569":" ","1570":">","1571":"i","1572":"n","1573":"<","1574":"/","1575":"s","1576":"p","1577":"a","1578":"n","1579":"\\","1580":"n","1581":" ","1582":" ","1583":" ","1584":" ","1585":" ","1586":" ","1587":">","1588":"\\","1589":"n","1590":" ","1591":" ","1592":" ","1593":" ","1594":" ","1595":" ","1596":"<","1597":"d","1598":"i","1599":"v","1600":" ","1601":"c","1602":"l","1603":"a","1604":"s","1605":"s","1606":"=","1607":"\\","1608":"\"","1609":"r","1610":"e","1611":"l","1612":"a","1613":"t","1614":"i","1615":"v","1616":"e","1617":" ","1618":"f","1619":"l","1620":"e","1621":"x","1622":" ","1623":"i","1624":"t","1625":"e","1626":"m","1627":"s","1628":"-","1629":"c","1630":"e","1631":"n","1632":"t","1633":"e","1634":"r","1635":" ","1636":"f","1637":"l","1638":"e","1639":"x","1640":"-","1641":"1","1642":" ","1643":"h","1644":"-","1645":"f","1646":"u","1647":"l","1648":"l","1649":" ","1650":"p","1651":"l","1652":"-","1653":"3","1654":"\\","1655":"\"","1656":">","1657":"\\","1658":"n","1659":" ","1660":" ","1661":" ","1662":" ","1663":" ","1664":" ","1665":" ","1666":" ","1667":"<","1668":"l","1669":"a","1670":"b","1671":"e","1672":"l","1673":" ","1674":"c","1675":"l","1676":"a","1677":"s","1678":"s","1679":"=","1680":"\\","1681":"\"","1682":"a","1683":"b","1684":"s","1685":"o","1686":"l","1687":"u","1688":"t","1689":"e","1690":" ","1691":"l","1692":"e","1693":"f","1694":"t","1695":"-","1696":"0","1697":" ","1698":"-","1699":"t","1700":"o","1701":"p","1702":"-","1703":"1","1704":"0","1705":"\\","1706":"\"","1707":">","1708":"W","1709":"h","1710":"e","1711":"r","1712":"e","1713":"?","1714":"<","1715":"/","1716":"l","1717":"a","1718":"b","1719":"e","1720":"l","1721":">","1722":"\\","1723":"n","1724":" ","1725":" ","1726":" ","1727":" ","1728":" ","1729":" ","1730":" ","1731":" ","1732":"<","1733":"t","1734":"e","1735":"x","1736":"t","1737":"-","1738":"i","1739":"n","1740":"p","1741":"u","1742":"t","1743":"\\","1744":"n","1745":" ","1746":" ","1747":" ","1748":" ","1749":" ","1750":" ","1751":" ","1752":" ","1753":" ","1754":" ","1755":"v","1756":"-","1757":"m","1758":"o","1759":"d","1760":"e","1761":"l","1762":"=","1763":"\\","1764":"\"","1765":"l","1766":"o","1767":"c","1768":"a","1769":"t","1770":"i","1771":"o","1772":"n","1773":"\\","1774":"\"","1775":"\\","1776":"n","1777":" ","1778":" ","1779":" ","1780":" ","1781":" ","1782":" ","1783":" ","1784":" ","1785":" ","1786":" ","1787":"p","1788":"l","1789":"a","1790":"c","1791":"e","1792":"h","1793":"o","1794":"l","1795":"d","1796":"e","1797":"r","1798":"=","1799":"\\","1800":"\"","1801":"S","1802":"h","1803":"e","1804":"n","1805":"Z","1806":"h","1807":"e","1808":"n","1809":"\\","1810":"\"","1811":"\\","1812":"n","1813":" ","1814":" ","1815":" ","1816":" ","1817":" ","1818":" ","1819":" ","1820":" ","1821":" ","1822":" ","1823":"d","1824":"a","1825":"t","1826":"a","1827":"-","1828":"t","1829":"e","1830":"s","1831":"t","1832":"=","1833":"\\","1834":"\"","1835":"l","1836":"o","1837":"c","1838":"a","1839":"t","1840":"i","1841":"o","1842":"n","1843":"-","1844":"i","1845":"n","1846":"p","1847":"u","1848":"t","1849":"\\","1850":"\"","1851":"\\","1852":"n","1853":" ","1854":" ","1855":" ","1856":" ","1857":" ","1858":" ","1859":" ","1860":" ","1861":"/","1862":">","1863":"\\","1864":"n","1865":" ","1866":" ","1867":" ","1868":" ","1869":" ","1870":" ","1871":" ","1872":" ","1873":"<","1874":"!","1875":"-","1876":"-","1877":" ","1878":"<","1879":"t","1880":"e","1881":"x","1882":"t","1883":"-","1884":"i","1885":"n","1886":"p","1887":"u","1888":"t","1889":"\\","1890":"n","1891":" ","1892":" ","1893":" ","1894":" ","1895":" ","1896":" ","1897":" ","1898":" ","1899":" ","1900":" ","1901":"p","1902":"l","1903":"a","1904":"c","1905":"e","1906":"h","1907":"o","1908":"l","1909":"d","1910":"e","1911":"r","1912":"=","1913":"\\","1914":"\"","1915":"S","1916":"h","1917":"e","1918":"n","1919":"Z","1920":"h","1921":"e","1922":"n","1923":"\\","1924":"\"","1925":"\\","1926":"n","1927":" ","1928":" ","1929":" ","1930":" ","1931":" ","1932":" ","1933":" ","1934":" ","1935":" ","1936":" ","1937":":","1938":"v","1939":"a","1940":"l","1941":"u","1942":"e","1943":"=","1944":"\\","1945":"\"","1946":"l","1947":"o","1948":"c","1949":"a","1950":"t","1951":"i","1952":"o","1953":"n","1954":"\\","1955":"\"","1956":"\\","1957":"n","1958":" ","1959":" ","1960":" ","1961":" ","1962":" ","1963":" ","1964":" ","1965":" ","1966":" ","1967":" ","1968":"@","1969":"h","1970":"a","1971":"n","1972":"d","1973":"l","1974":"e","1975":"-","1976":"i","1977":"n","1978":"p","1979":"u","1980":"t","1981":"=","1982":"\\","1983":"\"","1984":"l","1985":"o","1986":"c","1987":"a","1988":"t","1989":"i","1990":"o","1991":"n","1992":" ","1993":"=","1994":" ","1995":"$","1996":"e","1997":"v","1998":"e","1999":"n","2000":"t","2001":"\\","2002":"\"","2003":"\\","2004":"n","2005":" ","2006":" ","2007":" ","2008":" ","2009":" ","2010":" ","2011":" ","2012":" ","2013":"/","2014":">","2015":" ","2016":"-","2017":"-","2018":">","2019":"\\","2020":"n","2021":" ","2022":" ","2023":" ","2024":" ","2025":" ","2026":" ","2027":"<","2028":"/","2029":"d","2030":"i","2031":"v","2032":">","2033":"\\","2034":"n","2035":" ","2036":" ","2037":" ","2038":" ","2039":"<","2040":"/","2041":"d","2042":"i","2043":"v","2044":">","2045":"\\","2046":"n","2047":" ","2048":" ","2049":" ","2050":" ","2051":"<","2052":"a","2053":"c","2054":"t","2055":"i","2056":"o","2057":"n","2058":"-","2059":"b","2060":"u","2061":"t","2062":"t","2063":"o","2064":"n","2065":"\\","2066":"n","2067":" ","2068":" ","2069":" ","2070":" ","2071":" ","2072":" ","2073":"t","2074":"e","2075":"x","2076":"t","2077":"=","2078":"\\","2079":"\"","2080":"S","2081":"e","2082":"a","2083":"r","2084":"c","2085":"h","2086":"\\","2087":"\"","2088":"\\","2089":"n","2090":" ","2091":" ","2092":" ","2093":" ","2094":" ","2095":" ","2096":"t","2097":"y","2098":"p","2099":"e","2100":"=","2101":"\\","2102":"\"","2103":"s","2104":"e","2105":"c","2106":"o","2107":"n","2108":"d","2109":"a","2110":"r","2111":"y","2112":"\\","2113":"\"","2114":"\\","2115":"n","2116":" ","2117":" ","2118":" ","2119":" ","2120":" ","2121":" ","2122":"c","2123":"l","2124":"a","2125":"s","2126":"s","2127":"=","2128":"\\","2129":"\"","2130":"r","2131":"o","2132":"u","2133":"n","2134":"d","2135":"e","2136":"d","2137":"-","2138":"r","2139":"-","2140":"3","2141":"x","2142":"l","2143":"\\","2144":"\"","2145":"\\","2146":"n","2147":" ","2148":" ","2149":" ","2150":" ","2151":" ","2152":" ","2153":"d","2154":"a","2155":"t","2156":"a","2157":"-","2158":"t","2159":"e","2160":"s","2161":"t","2162":"=","2163":"\\","2164":"\"","2165":"f","2166":"o","2167":"r","2168":"m","2169":"-","2170":"s","2171":"u","2172":"b","2173":"m","2174":"i","2175":"t","2176":"-","2177":"b","2178":"u","2179":"t","2180":"t","2181":"o","2182":"n","2183":"\\","2184":"\"","2185":"\\","2186":"n","2187":" ","2188":" ","2189":" ","2190":" ","2191":"/","2192":">","2193":"\\","2194":"n","2195":" ","2196":" ","2197":"<","2198":"/","2199":"f","2200":"o","2201":"r","2202":"m","2203":">","2204":"\\","2205":"n","2206":"<","2207":"/","2208":"t","2209":"e","2210":"m","2211":"p","2212":"l","2213":"a","2214":"t","2215":"e","2216":">","2217":"\\","2218":"n","2219":"\\","2220":"n","2221":"<","2222":"s","2223":"c","2224":"r","2225":"i","2226":"p","2227":"t","2228":">","2229":"\\","2230":"n","2231":"i","2232":"m","2233":"p","2234":"o","2235":"r","2236":"t","2237":" ","2238":"A","2239":"c","2240":"t","2241":"i","2242":"o","2243":"n","2244":"B","2245":"u","2246":"t","2247":"t","2248":"o","2249":"n","2250":" ","2251":"f","2252":"r","2253":"o","2254":"m","2255":" ","2256":"\\","2257":"\"","2258":"@","2259":"/","2260":"c","2261":"o","2262":"m","2263":"p","2264":"o","2265":"n","2266":"e","2267":"n","2268":"t","2269":"s","2270":"/","2271":"S","2272":"h","2273":"a","2274":"r","2275":"e","2276":"d","2277":"/","2278":"A","2279":"c","2280":"t","2281":"i","2282":"o","2283":"n","2284":"B","2285":"u","2286":"t","2287":"t","2288":"o","2289":"n","2290":".","2291":"v","2292":"u","2293":"e","2294":"\\","2295":"\"","2296":";","2297":"\\","2298":"n","2299":"i","2300":"m","2301":"p","2302":"o","2303":"r","2304":"t","2305":" ","2306":"T","2307":"e","2308":"x","2309":"t","2310":"I","2311":"n","2312":"p","2313":"u","2314":"t","2315":" ","2316":"f","2317":"r","2318":"o","2319":"m","2320":" ","2321":"\\","2322":"\"","2323":".","2324":".","2325":"/","2326":"S","2327":"h","2328":"a","2329":"r","2330":"e","2331":"d","2332":"/","2333":"T","2334":"e","2335":"x","2336":"t","2337":"I","2338":"n","2339":"p","2340":"u","2341":"t","2342":".","2343":"v","2344":"u","2345":"e","2346":"\\","2347":"\"","2348":";","2349":"\\","2350":"n","2351":"e","2352":"x","2353":"p","2354":"o","2355":"r","2356":"t","2357":" ","2358":"d","2359":"e","2360":"f","2361":"a","2362":"u","2363":"l","2364":"t","2365":" ","2366":"{","2367":"\\","2368":"n","2369":" ","2370":" ","2371":"n","2372":"a","2373":"m","2374":"e","2375":":","2376":" ","2377":"\\","2378":"\"","2379":"J","2380":"o","2381":"b","2382":"S","2383":"e","2384":"a","2385":"r","2386":"c","2387":"h","2388":"F","2389":"o","2390":"r","2391":"m","2392":"\\","2393":"\"","2394":",","2395":"\\","2396":"n","2397":"\\","2398":"n","2399":" ","2400":" ","2401":"c","2402":"o","2403":"m","2404":"p","2405":"o","2406":"n","2407":"e","2408":"n","2409":"t","2410":"s","2411":":","2412":" ","2413":"{","2414":"\\","2415":"n","2416":" ","2417":" ","2418":" ","2419":" ","2420":"A","2421":"c","2422":"t","2423":"i","2424":"o","2425":"n","2426":"B","2427":"u","2428":"t","2429":"t","2430":"o","2431":"n","2432":",","2433":"\\","2434":"n","2435":" ","2436":" ","2437":" ","2438":" ","2439":"T","2440":"e","2441":"x","2442":"t","2443":"I","2444":"n","2445":"p","2446":"u","2447":"t","2448":",","2449":"\\","2450":"n","2451":" ","2452":" ","2453":"}","2454":",","2455":"\\","2456":"n","2457":" ","2458":" ","2459":"d","2460":"a","2461":"t","2462":"a","2463":"(","2464":")","2465":" ","2466":"{","2467":"\\","2468":"n","2469":" ","2470":" ","2471":" ","2472":" ","2473":"r","2474":"e","2475":"t","2476":"u","2477":"r","2478":"n","2479":" ","2480":"{","2481":"\\","2482":"n","2483":" ","2484":" ","2485":" ","2486":" ","2487":" ","2488":" ","2489":"r","2490":"o","2491":"l","2492":"e","2493":":","2494":" ","2495":"\\","2496":"\"","2497":"\\","2498":"\"","2499":",","2500":"\\","2501":"n","2502":" ","2503":" ","2504":" ","2505":" ","2506":" ","2507":" ","2508":"l","2509":"o","2510":"c","2511":"a","2512":"t","2513":"i","2514":"o","2515":"n","2516":":","2517":" ","2518":"\\","2519":"\"","2520":"\\","2521":"\"","2522":",","2523":"\\","2524":"n","2525":" ","2526":" ","2527":" ","2528":" ","2529":"}","2530":";","2531":"\\","2532":"n","2533":" ","2534":" ","2535":"}","2536":",","2537":"\\","2538":"n","2539":" ","2540":" ","2541":"m","2542":"e","2543":"t","2544":"h","2545":"o","2546":"d","2547":"s","2548":":","2549":" ","2550":"{","2551":"\\","2552":"n","2553":" ","2554":" ","2555":" ","2556":" ","2557":"s","2558":"e","2559":"a","2560":"r","2561":"c","2562":"h","2563":"F","2564":"o","2565":"r","2566":"J","2567":"o","2568":"b","2569":"s","2570":"(","2571":")","2572":" ","2573":"{","2574":"\\","2575":"n","2576":" ","2577":" ","2578":" ","2579":" ","2580":" ","2581":" ","2582":"t","2583":"h","2584":"i","2585":"s","2586":".","2587":"$","2588":"r","2589":"o","2590":"u","2591":"t","2592":"e","2593":"r","2594":".","2595":"p","2596":"u","2597":"s","2598":"h","2599":"(","2600":"{","2601":"\\","2602":"n","2603":" ","2604":" ","2605":" ","2606":" ","2607":" ","2608":" ","2609":" ","2610":" ","2611":"n","2612":"a","2613":"m","2614":"e","2615":":","2616":" ","2617":"\\","2618":"\"","2619":"J","2620":"o","2621":"b","2622":"R","2623":"e","2624":"s","2625":"u","2626":"l","2627":"t","2628":"s","2629":"\\","2630":"\"","2631":",","2632":"\\","2633":"n","2634":" ","2635":" ","2636":" ","2637":" ","2638":" ","2639":" ","2640":" ","2641":" ","2642":"q","2643":"u","2644":"e","2645":"r","2646":"y","2647":":","2648":" ","2649":"{","2650":" ","2651":"r","2652":"o","2653":"l","2654":"e","2655":":","2656":" ","2657":"t","2658":"h","2659":"i","2660":"s","2661":".","2662":"r","2663":"o","2664":"l","2665":"e","2666":",","2667":" ","2668":"l","2669":"o","2670":"c","2671":"a","2672":"t","2673":"i","2674":"o","2675":"n","2676":":","2677":" ","2678":"t","2679":"h","2680":"i","2681":"s","2682":".","2683":"l","2684":"o","2685":"c","2686":"a","2687":"t","2688":"i","2689":"o","2690":"n","2691":" ","2692":"}","2693":",","2694":"\\","2695":"n","2696":" ","2697":" ","2698":" ","2699":" ","2700":" ","2701":" ","2702":"}","2703":")","2704":";","2705":"\\","2706":"n","2707":" ","2708":" ","2709":" ","2710":" ","2711":"}","2712":",","2713":"\\","2714":"n","2715":" ","2716":" ","2717":"}","2718":",","2719":"\\","2720":"n","2721":"}","2722":";","2723":"\\","2724":"n","2725":"<","2726":"/","2727":"s","2728":"c","2729":"r","2730":"i","2731":"p","2732":"t","2733":">","2734":"\\","2735":"n","2736":"\"","2737":"]","2738":"}"},"_coverageSchema":"1a1c01bbd47fc00a2c39e90264f33305004495a9","hash":"a56bdc7a87bbc2b029ede558f40265db6fb13e90"}
,"/Users/kkda/Desktop/job-search/src/components/Navigation/MainNav.vue": {"path":"/Users/kkda/Desktop/job-search/src/components/Navigation/MainNav.vue","statementMap":{"0":{"start":{"line":4,"column":29},"end":{"line":4,"column":139}},"1":{"start":{"line":5,"column":0},"end":{"line":7,"column":3}},"2":{"start":{"line":8,"column":0},"end":{"line":8,"column":25}},"3":{"start":{"line":78,"column":0},"end":{"line":78,"column":13}},"4":{"start":{"line":80,"column":0},"end":{"line":82,"column":3}},"5":{"start":{"line":83,"column":0},"end":{"line":83,"column":24}},"6":{"start":{"line":84,"column":11},"end":{"line":84,"column":25}},"7":{"start":{"line":85,"column":19},"end":{"line":87,"column":1}},"8":{"start":{"line":88,"column":19},"end":{"line":90,"column":1}},"9":{"start":{"line":91,"column":19},"end":{"line":93,"column":1}},"10":{"start":{"line":94,"column":19},"end":{"line":96,"column":1}},"11":{"start":{"line":97,"column":19},"end":{"line":99,"column":1}},"12":{"start":{"line":101,"column":33},"end":{"line":101,"column":74}},"13":{"start":{"line":102,"column":35},"end":{"line":102,"column":78}},"14":{"start":{"line":103,"column":35},"end":{"line":103,"column":78}},"15":{"start":{"line":104,"column":28},"end":{"line":104,"column":64}},"16":{"start":{"line":105,"column":2},"end":{"line":138,"column":81}},"17":{"start":{"line":113,"column":37},"end":{"line":113,"column":76}},"18":{"start":{"line":116,"column":4},"end":{"line":126,"column":50}},"19":{"start":{"line":123,"column":39},"end":{"line":123,"column":122}},"20":{"start":{"line":139,"column":2},"end":{"line":139,"column":49}}},"fnMap":{"0":{"name":"render","decl":{"start":{"line":100,"column":9},"end":{"line":100,"column":15}},"loc":{"start":{"line":100,"column":30},"end":{"line":139,"column":1}},"line":100},"1":{"name":"(anonymous_1)","decl":{"start":{"line":113,"column":31},"end":{"line":113,"column":32}},"loc":{"start":{"line":113,"column":37},"end":{"line":113,"column":76}},"line":113},"2":{"name":"(anonymous_2)","decl":{"start":{"line":115,"column":218},"end":{"line":115,"column":219}},"loc":{"start":{"line":115,"column":230},"end":{"line":127,"column":3}},"line":115},"3":{"name":"(anonymous_3)","decl":{"start":{"line":123,"column":33},"end":{"line":123,"column":34}},"loc":{"start":{"line":123,"column":39},"end":{"line":123,"column":122}},"line":123}},"branchMap":{"0":{"loc":{"start":{"line":127,"column":87},"end":{"line":136,"column":39}},"type":"cond-expr","locations":[{"start":{"line":127,"column":106},"end":{"line":130,"column":4}},{"start":{"line":130,"column":9},"end":{"line":136,"column":38}}],"line":127},"1":{"loc":{"start":{"line":136,"column":45},"end":{"line":138,"column":50}},"type":"cond-expr","locations":[{"start":{"line":136,"column":64},"end":{"line":138,"column":4}},{"start":{"line":138,"column":8},"end":{"line":138,"column":50}}],"line":136}},"s":{"0":1,"1":1,"2":1,"3":1,"4":1,"5":1,"6":1,"7":1,"8":1,"9":1,"10":1,"11":1,"12":5,"13":5,"14":5,"15":5,"16":5,"17":4,"18":30,"19":30,"20":1},"f":{"0":5,"1":4,"2":30,"3":30},"b":{"0":[1,4],"1":[1,4]},"inputSourceMap":{"0":"{","1":"\"","2":"v","3":"e","4":"r","5":"s","6":"i","7":"o","8":"n","9":"\"","10":":","11":"3","12":",","13":"\"","14":"s","15":"o","16":"u","17":"r","18":"c","19":"e","20":"s","21":"\"","22":":","23":"[","24":"\"","25":"/","26":"U","27":"s","28":"e","29":"r","30":"s","31":"/","32":"k","33":"k","34":"d","35":"a","36":"/","37":"D","38":"e","39":"s","40":"k","41":"t","42":"o","43":"p","44":"/","45":"j","46":"o","47":"b","48":"-","49":"s","50":"e","51":"a","52":"r","53":"c","54":"h","55":"/","56":"s","57":"r","58":"c","59":"/","60":"c","61":"o","62":"m","63":"p","64":"o","65":"n","66":"e","67":"n","68":"t","69":"s","70":"/","71":"N","72":"a","73":"v","74":"i","75":"g","76":"a","77":"t","78":"i","79":"o","80":"n","81":"/","82":"M","83":"a","84":"i","85":"n","86":"N","87":"a","88":"v","89":".","90":"v","91":"u","92":"e","93":"\"","94":"]","95":",","96":"\"","97":"n","98":"a","99":"m","100":"e","101":"s","102":"\"","103":":","104":"[","105":"]","106":",","107":"\"","108":"m","109":"a","110":"p","111":"p","112":"i","113":"n","114":"g","115":"s","116":"\"","117":":","118":"\"","119":";","120":";","121":";","122":";","123":";","124":";","125":";","126":";","127":"A","128":"A","129":"8","130":"C","131":"A","132":";","133":"A","134":"A","135":"A","136":"A","137":";","138":"A","139":"A","140":"A","141":"A","142":";","143":"A","144":"A","145":"C","146":"A","147":";","148":"A","149":"A","150":"A","151":"A","152":";","153":"A","154":"A","155":"A","156":"A","157":";","158":"A","159":"A","160":"C","161":"A","162":";","163":"A","164":"A","165":"A","166":"A","167":";","168":"A","169":"A","170":"A","171":"A","172":";","173":"A","174":"A","175":"A","176":"w","177":"D","178":";","179":"A","180":"A","181":"A","182":"A","183":",","184":"e","185":"A","186":"E","187":"z","188":"C","189":";","190":"E","191":"A","192":"C","193":"b","194":",","195":"I","196":"A","197":"A","198":"I","199":",","200":"E","201":"A","202":"A","203":"E","204":",","205":"S","206":"A","207":"A","208":"S","209":";","210":"E","211":"A","212":"C","213":"f","214":",","215":"U","216":"A","217":"A","218":"U","219":",","220":"E","221":"A","222":"A","223":"E","224":";","225":"I","226":"A","227":"C","228":"V","229":",","230":"Y","231":"A","232":"A","233":"Y","234":";","235":"I","236":"A","237":"A","238":"Z","239":";","240":"I","241":"A","242":"A","243":"A","244":";","245":"I","246":"A","247":"A","248":"A","249":";","250":"I","251":"A","252":"A","253":"A","254":",","255":"O","256":"A","257":"A","258":"Y","259":";","260":"I","261":"A","262":"C","263":"Z","264":",","265":"Y","266":"A","267":"A","268":"Y","269":";","270":"I","271":"A","272":"A","273":"Z","274":";","275":"I","276":"A","277":"A","278":"A","279":";","280":"I","281":"A","282":"A","283":"A","284":";","285":"I","286":"A","287":"A","288":"A","289":",","290":"O","291":"A","292":"A","293":"Y","294":";","295":"I","296":"A","297":"C","298":"Z","299":",","300":"M","301":"A","302":"A","303":"M","304":";","305":"I","306":"A","307":"A","308":"N","309":";","310":"I","311":"A","312":"A","313":"A","314":";","315":"I","316":"A","317":"A","318":"A","319":";","320":"I","321":"A","322":"A","323":"A","324":";","325":"E","326":"A","327":"C","328":"F","329":",","330":"C","331":"A","332":"A","333":"C","334":";","335":"E","336":"A","337":"C","338":"D","339":",","340":"I","341":"A","342":"A","343":"I","344":",","345":"G","346":"A","347":"A","348":"G","349":";","350":"I","351":"A","352":"C","353":"L","354":",","355":"O","356":"A","357":"A","358":"O","359":";","360":"M","361":"A","362":"C","363":"L","364":",","365":"S","366":"A","367":"A","368":"S","369":",","370":"E","371":"A","372":"A","373":"E","374":",","375":"C","376":"A","377":"C","378":"T","379":";","380":"Q","381":"A","382":"A","383":"E","384":",","385":"I","386":"A","387":"A","388":"I","389":",","390":"E","391":"A","392":"A","393":"E","394":",","395":"O","396":"A","397":"A","398":"O","399":";","400":"Q","401":"A","402":"A","403":"E","404":",","405":"G","406":"A","407":"A","408":"G","409":",","410":"E","411":"A","412":"A","413":"E","414":";","415":"M","416":"A","417":"A","418":"I","419":",","420":"C","421":"A","422":"A","423":"C","424":",","425":"E","426":"A","427":"C","428":"3","429":"B","430":";","431":"Q","432":"A","433":"A","434":"E","435":",","436":"I","437":"A","438":"A","439":"I","440":",","441":"E","442":"A","443":"A","444":"E","445":",","446":"W","447":"A","448":"A","449":"W","450":";","451":"Q","452":"A","453":"A","454":"E","455":",","456":"G","457":"A","458":"A","459":"G","460":",","461":"E","462":"A","463":"A","464":"E","465":";","466":"M","467":"A","468":"A","469":"I","470":",","471":"C","472":"A","473":"A","474":"C","475":",","476":"E","477":"A","478":"C","479":"/","480":"B","481":";","482":"Q","483":"A","484":"A","485":"E","486":",","487":"I","488":"A","489":"A","490":"I","491":",","492":"E","493":"A","494":"A","495":"E","496":",","497":"Y","498":"A","499":"A","500":"Y","501":";","502":"Q","503":"A","504":"A","505":"E","506":",","507":"G","508":"A","509":"A","510":"G","511":",","512":"E","513":"A","514":"A","515":"E","516":";","517":"M","518":"A","519":"A","520":"I","521":",","522":"C","523":"A","524":"A","525":"C","526":",","527":"E","528":"A","529":"C","530":"h","531":"C","532":";","533":"Q","534":"A","535":"A","536":"E","537":",","538":"I","539":"A","540":"A","541":"I","542":",","543":"E","544":"A","545":"A","546":"E","547":",","548":"a","549":"A","550":"A","551":"a","552":";","553":"Q","554":"A","555":"A","556":"E","557":",","558":"G","559":"A","560":"A","561":"G","562":",","563":"E","564":"A","565":"A","566":"E","567":";","568":"M","569":"A","570":"A","571":"I","572":",","573":"C","574":"A","575":"A","576":"C","577":",","578":"E","579":"A","580":"C","581":"j","582":"C","583":";","584":"Q","585":"A","586":"A","587":"E","588":",","589":"I","590":"A","591":"A","592":"I","593":",","594":"E","595":"A","596":"A","597":"E","598":",","599":"U","600":"A","601":"A","602":"U","603":";","604":"Q","605":"A","606":"A","607":"E","608":",","609":"G","610":"A","611":"A","612":"G","613":",","614":"E","615":"A","616":"A","617":"E","618":";","619":"M","620":"A","621":"A","622":"I","623":",","624":"C","625":"A","626":"A","627":"C","628":",","629":"E","630":"A","631":"C","632":"9","633":"B","634":";","635":"Q","636":"A","637":"A","638":"E","639":",","640":"I","641":"A","642":"A","643":"I","644":",","645":"E","646":"A","647":"A","648":"E","649":",","650":"M","651":"A","652":"A","653":"M","654":";","655":"Q","656":"A","657":"A","658":"E","659":",","660":"G","661":"A","662":"A","663":"G","664":",","665":"E","666":"A","667":"A","668":"E","669":";","670":"M","671":"A","672":"A","673":"g","674":"B","675":",","676":"C","677":"A","678":"A","679":"C","680":",","681":"C","682":"A","683":"C","684":"v","685":"C","686":";","687":"M","688":"A","689":"C","690":"D","691":",","692":"U","693":"A","694":"A","695":"U","696":",","697":"E","698":"A","699":"A","700":"E","701":";","702":"I","703":"A","704":"C","705":"d","706":",","707":"C","708":"A","709":"A","710":"C","711":";","712":"E","713":"A","714":"C","715":"H","716":",","717":"C","718":"A","719":"A","720":"C","721":";","722":"E","723":"A","724":"C","725":"D","726":",","727":"Q","728":"A","729":"A","730":"Q","731":",","732":"E","733":"A","734":"A","735":"E","736":";","737":"I","738":"A","739":"C","740":"R","741":",","742":"i","743":"B","744":"A","745":"A","746":"i","747":"B","748":",","749":"G","750":"A","751":"A","752":"G","753":";","754":"M","755":"A","756":"C","757":"l","758":"B","759":",","760":"O","761":"A","762":"A","763":"O","764":";","765":"Q","766":"A","767":"C","768":"L","769":",","770":"M","771":"A","772":"A","773":"M","774":",","775":"E","776":"A","777":"A","778":"E","779":",","780":"C","781":"A","782":"A","783":"C","784":",","785":"I","786":"A","787":"A","788":"I","789":",","790":"C","791":"A","792":"A","793":"C","794":",","795":"U","796":"A","797":"A","798":"U","799":";","800":"Q","801":"A","802":"C","803":"x","804":"B","805":",","806":"M","807":"A","808":"A","809":"M","810":",","811":"E","812":"A","813":"A","814":"E","815":",","816":"I","817":"A","818":"A","819":"I","820":",","821":"C","822":"A","823":"A","824":"C","825":";","826":"M","827":"A","828":"C","829":"f","830":",","831":"C","832":"A","833":"A","834":"C","835":";","836":"I","837":"A","838":"C","839":"H","840":";","841":"E","842":"A","843":"C","844":"F","845":",","846":"C","847":"A","848":"A","849":"C","850":";","851":"E","852":"A","853":"C","854":"D","855":",","856":"O","857":"A","858":"A","859":"O","860":",","861":"E","862":"A","863":"A","864":"E","865":";","866":"I","867":"A","868":"C","869":"P","870":",","871":"S","872":"A","873":"A","874":"S","875":",","876":"G","877":"A","878":"A","879":"G","880":";","881":"M","882":"A","883":"C","884":"V","885":",","886":"I","887":"A","888":"A","889":"I","890":",","891":"C","892":"A","893":"A","894":"C","895":",","896":"U","897":"A","898":"A","899":"U","900":",","901":"G","902":"A","903":"A","904":"G","905":",","906":"I","907":"A","908":"A","909":"I","910":";","911":"I","912":"A","913":"C","914":"x","915":"B","916":";","917":"E","918":"A","919":"C","920":"F","921":";","922":"A","923":"A","924":"C","925":"F","926":",","927":"C","928":"A","929":"A","930":"C","931":";","932":"A","933":"A","934":"A","935":"A","936":";","937":"A","938":"A","939":"A","940":"A","941":"\"","942":",","943":"\"","944":"f","945":"i","946":"l","947":"e","948":"\"","949":":","950":"\"","951":"/","952":"U","953":"s","954":"e","955":"r","956":"s","957":"/","958":"k","959":"k","960":"d","961":"a","962":"/","963":"D","964":"e","965":"s","966":"k","967":"t","968":"o","969":"p","970":"/","971":"j","972":"o","973":"b","974":"-","975":"s","976":"e","977":"a","978":"r","979":"c","980":"h","981":"/","982":"s","983":"r","984":"c","985":"/","986":"c","987":"o","988":"m","989":"p","990":"o","991":"n","992":"e","993":"n","994":"t","995":"s","996":"/","997":"N","998":"a","999":"v","1000":"i","1001":"g","1002":"a","1003":"t","1004":"i","1005":"o","1006":"n","1007":"/","1008":"M","1009":"a","1010":"i","1011":"n","1012":"N","1013":"a","1014":"v","1015":".","1016":"v","1017":"u","1018":"e","1019":"\"","1020":",","1021":"\"","1022":"s","1023":"o","1024":"u","1025":"r","1026":"c","1027":"e","1028":"s","1029":"C","1030":"o","1031":"n","1032":"t","1033":"e","1034":"n","1035":"t","1036":"\"","1037":":","1038":"[","1039":"\"","1040":"<","1041":"t","1042":"e","1043":"m","1044":"p","1045":"l","1046":"a","1047":"t","1048":"e","1049":">","1050":"\\","1051":"n","1052":" ","1053":" ","1054":"<","1055":"h","1056":"e","1057":"a","1058":"d","1059":"e","1060":"r","1061":" ","1062":":","1063":"c","1064":"l","1065":"a","1066":"s","1067":"s","1068":"=","1069":"\\","1070":"\"","1071":"[","1072":"'","1073":"w","1074":"-","1075":"f","1076":"u","1077":"l","1078":"l","1079":"'","1080":",","1081":" ","1082":"'","1083":"t","1084":"e","1085":"x","1086":"t","1087":"-","1088":"s","1089":"m","1090":"'","1091":",","1092":" ","1093":"h","1094":"e","1095":"a","1096":"d","1097":"e","1098":"r","1099":"H","1100":"e","1101":"i","1102":"g","1103":"h","1104":"t","1105":"C","1106":"l","1107":"a","1108":"s","1109":"s","1110":"]","1111":"\\","1112":"\"","1113":">","1114":"M","1115":"a","1116":"i","1117":"n","1118":" ","1119":"N","1120":"a","1121":"v","1122":"<","1123":"/","1124":"h","1125":"e","1126":"a","1127":"d","1128":"e","1129":"r","1130":">","1131":"\\","1132":"n","1133":" ","1134":" ","1135":"<","1136":"d","1137":"i","1138":"v","1139":" ","1140":"c","1141":"l","1142":"a","1143":"s","1144":"s","1145":"=","1146":"\\","1147":"\"","1148":"f","1149":"i","1150":"x","1151":"e","1152":"d","1153":" ","1154":"t","1155":"o","1156":"p","1157":"-","1158":"0","1159":" ","1160":"l","1161":"e","1162":"f","1163":"t","1164":"-","1165":"0","1166":" ","1167":"w","1168":"-","1169":"f","1170":"u","1171":"l","1172":"l","1173":" ","1174":"h","1175":"-","1176":"1","1177":"6","1178":" ","1179":"b","1180":"g","1181":"-","1182":"w","1183":"h","1184":"i","1185":"t","1186":"e","1187":"\\","1188":"\"","1189":">","1190":"\\","1191":"n","1192":" ","1193":" ","1194":" ","1195":" ","1196":"<","1197":"d","1198":"i","1199":"v","1200":"\\","1201":"n","1202":" ","1203":" ","1204":" ","1205":" ","1206":" ","1207":" ","1208":"c","1209":"l","1210":"a","1211":"s","1212":"s","1213":"=","1214":"\\","1215":"\"","1216":"f","1217":"l","1218":"e","1219":"x","1220":" ","1221":"f","1222":"l","1223":"e","1224":"x","1225":"-","1226":"n","1227":"o","1228":"w","1229":"r","1230":"a","1231":"p","1232":" ","1233":"h","1234":"-","1235":"f","1236":"u","1237":"l","1238":"l","1239":" ","1240":"p","1241":"x","1242":"-","1243":"8","1244":" ","1245":"m","1246":"x","1247":"-","1248":"a","1249":"u","1250":"t","1251":"o","1252":" ","1253":"b","1254":"o","1255":"r","1256":"d","1257":"e","1258":"r","1259":"-","1260":"b","1261":" ","1262":"b","1263":"o","1264":"r","1265":"d","1266":"e","1267":"r","1268":"-","1269":"s","1270":"o","1271":"l","1272":"i","1273":"d","1274":" ","1275":"b","1276":"o","1277":"r","1278":"d","1279":"e","1280":"r","1281":"-","1282":"b","1283":"r","1284":"a","1285":"n","1286":"d","1287":"-","1288":"g","1289":"r","1290":"a","1291":"y","1292":"-","1293":"1","1294":"\\","1295":"\"","1296":"\\","1297":"n","1298":" ","1299":" ","1300":" ","1301":" ","1302":">","1303":"\\","1304":"n","1305":" ","1306":" ","1307":" ","1308":" ","1309":" ","1310":" ","1311":"<","1312":"r","1313":"o","1314":"u","1315":"t","1316":"e","1317":"r","1318":"-","1319":"l","1320":"i","1321":"n","1322":"k","1323":"\\","1324":"n","1325":" ","1326":" ","1327":" ","1328":" ","1329":" ","1330":" ","1331":" ","1332":" ","1333":":","1334":"t","1335":"o","1336":"=","1337":"\\","1338":"\"","1339":"{","1340":" ","1341":"n","1342":"a","1343":"m","1344":"e","1345":":","1346":" ","1347":"'","1348":"H","1349":"o","1350":"m","1351":"e","1352":"'","1353":" ","1354":"}","1355":"\\","1356":"\"","1357":"\\","1358":"n","1359":" ","1360":" ","1361":" ","1362":" ","1363":" ","1364":" ","1365":" ","1366":" ","1367":"c","1368":"l","1369":"a","1370":"s","1371":"s","1372":"=","1373":"\\","1374":"\"","1375":"f","1376":"l","1377":"e","1378":"x","1379":" ","1380":"i","1381":"t","1382":"e","1383":"m","1384":"s","1385":"-","1386":"c","1387":"e","1388":"n","1389":"t","1390":"e","1391":"r","1392":" ","1393":"h","1394":"-","1395":"f","1396":"u","1397":"l","1398":"l","1399":" ","1400":"t","1401":"e","1402":"x","1403":"t","1404":"-","1405":"x","1406":"l","1407":"\\","1408":"\"","1409":"\\","1410":"n","1411":" ","1412":" ","1413":" ","1414":" ","1415":" ","1416":" ","1417":" ","1418":" ","1419":">","1420":"J","1421":"o","1422":"b","1423":" ","1424":"F","1425":"i","1426":"n","1427":"d","1428":"<","1429":"/","1430":"r","1431":"o","1432":"u","1433":"t","1434":"e","1435":"r","1436":"-","1437":"l","1438":"i","1439":"n","1440":"k","1441":"\\","1442":"n","1443":" ","1444":" ","1445":" ","1446":" ","1447":" ","1448":" ","1449":">","1450":"\\","1451":"n","1452":" ","1453":" ","1454":" ","1455":" ","1456":" ","1457":" ","1458":"<","1459":"n","1460":"a","1461":"v","1462":" ","1463":"c","1464":"l","1465":"a","1466":"s","1467":"s","1468":"=","1469":"\\","1470":"\"","1471":"h","1472":"-","1473":"f","1474":"u","1475":"l","1476":"l","1477":" ","1478":"m","1479":"l","1480":"-","1481":"1","1482":"2","1483":"\\","1484":"\"","1485":">","1486":"\\","1487":"n","1488":" ","1489":" ","1490":" ","1491":" ","1492":" ","1493":" ","1494":" ","1495":" ","1496":"<","1497":"u","1498":"l","1499":" ","1500":"c","1501":"l","1502":"a","1503":"s","1504":"s","1505":"=","1506":"\\","1507":"\"","1508":"f","1509":"l","1510":"e","1511":"x","1512":" ","1513":"h","1514":"-","1515":"f","1516":"u","1517":"l","1518":"l","1519":" ","1520":"p","1521":"-","1522":"0","1523":" ","1524":"m","1525":"-","1526":"0","1527":" ","1528":"l","1529":"i","1530":"s","1531":"t","1532":"-","1533":"n","1534":"o","1535":"n","1536":"e","1537":"\\","1538":"\"","1539":">","1540":"\\","1541":"n","1542":" ","1543":" ","1544":" ","1545":" ","1546":" ","1547":" ","1548":" ","1549":" ","1550":" ","1551":" ","1552":"<","1553":"l","1554":"i","1555":"\\","1556":"n","1557":" ","1558":" ","1559":" ","1560":" ","1561":" ","1562":" ","1563":" ","1564":" ","1565":" ","1566":" ","1567":" ","1568":" ","1569":"v","1570":"-","1571":"f","1572":"o","1573":"r","1574":"=","1575":"\\","1576":"\"","1577":"m","1578":"e","1579":"n","1580":"u","1581":"I","1582":"t","1583":"e","1584":"m","1585":" ","1586":"i","1587":"n","1588":" ","1589":"m","1590":"e","1591":"n","1592":"u","1593":"I","1594":"t","1595":"e","1596":"m","1597":"s","1598":"\\","1599":"\"","1600":"\\","1601":"n","1602":" ","1603":" ","1604":" ","1605":" ","1606":" ","1607":" ","1608":" ","1609":" ","1610":" ","1611":" ","1612":" ","1613":" ","1614":":","1615":"k","1616":"e","1617":"y","1618":"=","1619":"\\","1620":"\"","1621":"m","1622":"e","1623":"n","1624":"u","1625":"I","1626":"t","1627":"e","1628":"m","1629":".","1630":"t","1631":"e","1632":"x","1633":"t","1634":"\\","1635":"\"","1636":"\\","1637":"n","1638":" ","1639":" ","1640":" ","1641":" ","1642":" ","1643":" ","1644":" ","1645":" ","1646":" ","1647":" ","1648":" ","1649":" ","1650":"c","1651":"l","1652":"a","1653":"s","1654":"s","1655":"=","1656":"\\","1657":"\"","1658":"h","1659":"-","1660":"f","1661":"u","1662":"l","1663":"l","1664":" ","1665":"m","1666":"l","1667":"-","1668":"9","1669":" ","1670":"f","1671":"i","1672":"r","1673":"s","1674":"t","1675":":","1676":"m","1677":"l","1678":"-","1679":"0","1680":"\\","1681":"\"","1682":"\\","1683":"n","1684":" ","1685":" ","1686":" ","1687":" ","1688":" ","1689":" ","1690":" ","1691":" ","1692":" ","1693":" ","1694":">","1695":"\\","1696":"n","1697":" ","1698":" ","1699":" ","1700":" ","1701":" ","1702":" ","1703":" ","1704":" ","1705":" ","1706":" ","1707":" ","1708":" ","1709":"<","1710":"r","1711":"o","1712":"u","1713":"t","1714":"e","1715":"r","1716":"-","1717":"l","1718":"i","1719":"n","1720":"k","1721":"\\","1722":"n","1723":" ","1724":" ","1725":" ","1726":" ","1727":" ","1728":" ","1729":" ","1730":" ","1731":" ","1732":" ","1733":" ","1734":" ","1735":" ","1736":" ","1737":":","1738":"t","1739":"o","1740":"=","1741":"\\","1742":"\"","1743":"m","1744":"e","1745":"n","1746":"u","1747":"I","1748":"t","1749":"e","1750":"m","1751":".","1752":"u","1753":"r","1754":"l","1755":"\\","1756":"\"","1757
[...]
1210":"p","1211":"e","1212":" ","1213":"=","1214":"=","1215":"=","1216":" ","1217":"\\","1218":"\"","1219":"s","1220":"e","1221":"c","1222":"o","1223":"n","1224":"d","1225":"a","1226":"r","1227":"y","1228":"\\","1229":"\"","1230":",","1231":"\\","1232":"n","1233":" ","1234":" ","1235":" ","1236":" ","1237":" ","1238":" ","1239":"}","1240":";","1241":"\\","1242":"n","1243":" ","1244":" ","1245":" ","1246":" ","1247":"}","1248":",","1249":"\\","1250":"n","1251":" ","1252":" ","1253":"}","1254":",","1255":"\\","1256":"n","1257":"}","1258":";","1259":"\\","1260":"n","1261":"<","1262":"/","1263":"s","1264":"c","1265":"r","1266":"i","1267":"p","1268":"t","1269":">","1270":"\\","1271":"n","1272":"\\","1273":"n","1274":"<","1275":"s","1276":"t","1277":"y","1278":"l","1279":"e","1280":" ","1281":"s","1282":"c","1283":"o","1284":"p","1285":"e","1286":"d","1287":">","1288":"\\","1289":"n","1290":"/","1291":"*","1292":" ","1293":"始","1294":"终","1295":"应","1296":"用","1297":"的","1298":"C","1299":"s","1300":"s","1301":"样","1302":"式","1303":" ","1304":"*","1305":"/","1306":"\\","1307":"n","1308":"b","1309":"u","1310":"t","1311":"t","1312":"o","1313":"n","1314":" ","1315":"{","1316":"\\","1317":"n","1318":" ","1319":" ","1320":"@","1321":"a","1322":"p","1323":"p","1324":"l","1325":"y","1326":" ","1327":"p","1328":"x","1329":"-","1330":"5","1331":" ","1332":"p","1333":"y","1334":"-","1335":"3","1336":" ","1337":" ","1338":"f","1339":"o","1340":"n","1341":"t","1342":"-","1343":"m","1344":"e","1345":"d","1346":"i","1347":"u","1348":"m","1349":";","1350":"\\","1351":"n","1352":"}","1353":"\\","1354":"n","1355":".","1356":"p","1357":"r","1358":"i","1359":"m","1360":"a","1361":"r","1362":"y","1363":" ","1364":"{","1365":"\\","1366":"n","1367":" ","1368":" ","1369":"@","1370":"a","1371":"p","1372":"p","1373":"l","1374":"y","1375":" ","1376":"t","1377":"e","1378":"x","1379":"t","1380":"-","1381":"w","1382":"h","1383":"i","1384":"t","1385":"e","1386":" ","1387":"r","1388":"o","1389":"u","1390":"n","1391":"d","1392":"e","1393":"d","1394":" ","1395":"b","1396":"g","1397":"-","1398":"b","1399":"r","1400":"a","1401":"n","1402":"d","1403":"-","1404":"b","1405":"l","1406":"u","1407":"e","1408":"-","1409":"1","1410":" ","1411":"h","1412":"o","1413":"v","1414":"e","1415":"r","1416":":","1417":"s","1418":"h","1419":"a","1420":"d","1421":"o","1422":"w","1423":"-","1424":"b","1425":"l","1426":"u","1427":"e","1428":";","1429":"\\","1430":"n","1431":"}","1432":"\\","1433":"n","1434":".","1435":"s","1436":"e","1437":"c","1438":"o","1439":"n","1440":"d","1441":"a","1442":"r","1443":"y","1444":" ","1445":"{","1446":"\\","1447":"n","1448":" ","1449":" ","1450":"@","1451":"a","1452":"p","1453":"p","1454":"l","1455":"y","1456":" ","1457":"t","1458":"e","1459":"x","1460":"t","1461":"-","1462":"b","1463":"r","1464":"a","1465":"n","1466":"d","1467":"-","1468":"b","1469":"l","1470":"u","1471":"e","1472":"-","1473":"1","1474":" ","1475":"b","1476":"g","1477":"-","1478":"t","1479":"r","1480":"a","1481":"n","1482":"s","1483":"p","1484":"a","1485":"r","1486":"e","1487":"n","1488":"t","1489":" ","1490":"h","1491":"o","1492":"v","1493":"e","1494":"r","1495":":","1496":"b","1497":"g","1498":"-","1499":"b","1500":"r","1501":"a","1502":"n","1503":"d","1504":"-","1505":"b","1506":"l","1507":"u","1508":"e","1509":"-","1510":"2","1511":" ","1512":"h","1513":"o","1514":"v","1515":"e","1516":"r","1517":":","1518":"t","1519":"e","1520":"x","1521":"t","1522":"-","1523":"w","1524":"h","1525":"i","1526":"t","1527":"e","1528":";","1529":"\\","1530":"n","1531":"}","1532":"\\","1533":"n","1534":"<","1535":"/","1536":"s","1537":"t","1538":"y","1539":"l","1540":"e","1541":">","1542":"\\","1543":"n","1544":"\"","1545":"]","1546":"}"},"_coverageSchema":"1a1c01bbd47fc00a2c39e90264f33305004495a9","hash":"4dba65b27c41ace60a5f40aa5c4bba18bb718207"}
,"/Users/kkda/Desktop/job-search/src/components/Shared/TextInput.vue": {"path":"/Users/kkda/Desktop/job-search/src/components/Shared/TextInput.vue","statementMap":{"0":{"start":{"line":4,"column":0},"end":{"line":6,"column":3}},"1":{"start":{"line":7,"column":0},"end":{"line":7,"column":25}},"2":{"start":{"line":8,"column":15},"end":{"line":28,"column":1}},"3":{"start":{"line":25,"column":6},"end":{"line":25,"column":59}},"4":{"start":{"line":31,"column":0},"end":{"line":31,"column":13}},"5":{"start":{"line":33,"column":0},"end":{"line":35,"column":3}},"6":{"start":{"line":36,"column":0},"end":{"line":36,"column":24}},"7":{"start":{"line":37,"column":11},"end":{"line":37,"column":25}},"8":{"start":{"line":38,"column":19},"end":{"line":38,"column":43}},"9":{"start":{"line":40,"column":2},"end":{"line":48,"column":55}},"10":{"start":{"line":46,"column":6},"end":{"line":46,"column":64}},"11":{"start":{"line":49,"column":2},"end":{"line":49,"column":49}}},"fnMap":{"0":{"name":"(anonymous_0)","decl":{"start":{"line":23,"column":4},"end":{"line":23,"column":5}},"loc":{"start":{"line":23,"column":24},"end":{"line":26,"column":5}},"line":23},"1":{"name":"render","decl":{"start":{"line":39,"column":9},"end":{"line":39,"column":15}},"loc":{"start":{"line":39,"column":30},"end":{"line":49,"column":1}},"line":39},"2":{"name":"(anonymous_2)","decl":{"start":{"line":45,"column":39},"end":{"line":45,"column":40}},"loc":{"start":{"line":45,"column":51},"end":{"line":47,"column":5}},"line":45}},"branchMap":{"0":{"loc":{"start":{"line":45,"column":13},"end":{"line":47,"column":6}},"type":"binary-expr","locations":[{"start":{"line":45,"column":13},"end":{"line":45,"column":22}},{"start":{"line":45,"column":27},"end":{"line":47,"column":5}}],"line":45},"1":{"loc":{"start":{"line":46,"column":13},"end":{"line":46,"column":63}},"type":"binary-expr","locations":[{"start":{"line":46,"column":13},"end":{"line":46,"column":29}},{"start":{"line":46,"column":33},"end":{"line":46,"column":63}}],"line":46}},"s":{"0":2,"1":2,"2":2,"3":5,"4":2,"5":2,"6":2,"7":2,"8":2,"9":5,"10":5,"11":2},"f":{"0":5,"1":5,"2":5},"b":{"0":[5,3],"1":[5,5]},"inputSourceMap":{"0":"{","1":"\"","2":"v","3":"e","4":"r","5":"s","6":"i","7":"o","8":"n","9":"\"","10":":","11":"3","12":",","13":"\"","14":"s","15":"o","16":"u","17":"r","18":"c","19":"e","20":"s","21":"\"","22":":","23":"[","24":"\"","25":"/","26":"U","27":"s","28":"e","29":"r","30":"s","31":"/","32":"k","33":"k","34":"d","35":"a","36":"/","37":"D","38":"e","39":"s","40":"k","41":"t","42":"o","43":"p","44":"/","45":"j","46":"o","47":"b","48":"-","49":"s","50":"e","51":"a","52":"r","53":"c","54":"h","55":"/","56":"s","57":"r","58":"c","59":"/","60":"c","61":"o","62":"m","63":"p","64":"o","65":"n","66":"e","67":"n","68":"t","69":"s","70":"/","71":"S","72":"h","73":"a","74":"r","75":"e","76":"d","77":"/","78":"T","79":"e","80":"x","81":"t","82":"I","83":"n","84":"p","85":"u","86":"t","87":".","88":"v","89":"u","90":"e","91":"\"","92":"]","93":",","94":"\"","95":"n","96":"a","97":"m","98":"e","99":"s","100":"\"","101":":","102":"[","103":"]","104":",","105":"\"","106":"m","107":"a","108":"p","109":"p","110":"i","111":"n","112":"g","113":"s","114":"\"","115":":","116":"\"","117":";","118":";","119":";","120":";","121":";","122":";","123":";","124":"e","125":"A","126":"W","127":"e","128":";","129":"E","130":"A","131":"C","132":"b","133":",","134":"I","135":"A","136":"A","137":"I","138":",","139":"E","140":"A","141":"A","142":"E","143":",","144":"W","145":"A","146":"A","147":"W","148":";","149":"E","150":"A","151":"E","152":"j","153":"B","154":",","155":"K","156":"A","157":"A","158":"K","159":",","160":"E","161":"A","162":"A","163":"E","164":";","165":"I","166":"A","167":"C","168":"L","169":",","170":"W","171":"A","172":"A","173":"W","174":",","175":"E","176":"A","177":"A","178":"E","179":";","180":"M","181":"A","182":"C","183":"X","184":",","185":"I","186":"A","187":"A","188":"I","189":",","190":"E","191":"A","192":"A","193":"E","194":",","195":"M","196":"A","197":"A","198":"M","199":";","200":"M","201":"A","202":"C","203":"Z","204":",","205":"Q","206":"A","207":"A","208":"Q","209":",","210":"E","211":"A","212":"A","213":"E","214":",","215":"K","216":"A","217":"A","218":"K","219":";","220":"M","221":"A","222":"C","223":"f","224":",","225":"O","226":"A","227":"A","228":"O","229":",","230":"E","231":"A","232":"A","233":"E","234":";","235":"I","236":"A","237":"C","238":"X","239":",","240":"C","241":"A","242":"A","243":"C","244":";","245":"I","246":"A","247":"C","248":"D","249":",","250":"U","251":"A","252":"A","253":"U","254":",","255":"E","256":"A","257":"A","258":"E","259":";","260":"M","261":"A","262":"C","263":"V","264":",","265":"I","266":"A","267":"A","268":"I","269":",","270":"E","271":"A","272":"A","273":"E","274":",","275":"M","276":"A","277":"A","278":"M","279":";","280":"M","281":"A","282":"C","283":"Z","284":",","285":"Q","286":"A","287":"A","288":"Q","289":",","290":"E","291":"A","292":"A","293":"E","294":";","295":"I","296":"A","297":"C","298":"Z","299":";","300":"E","301":"A","302":"C","303":"F","304":",","305":"C","306":"A","307":"A","308":"C","309":";","310":"E","311":"A","312":"C","313":"D","314":",","315":"K","316":"A","317":"A","318":"K","319":",","320":"E","321":"A","322":"A","323":"E","324":",","325":"C","326":"A","327":"A","328":"C","329":",","330":"m","331":"B","332":"A","333":"A","334":"m","335":"B","336":",","337":"C","338":"A","339":"A","340":"C","341":";","342":"E","343":"A","344":"E","345":"5","346":"B","347":",","348":"O","349":"A","350":"A","351":"O","352":",","353":"E","354":"A","355":"A","356":"E","357":";","358":"I","359":"A","360":"C","361":"P","362":",","363":"W","364":"A","365":"A","366":"W","367":",","368":"C","369":"A","370":"A","371":"C","372":",","373":"M","374":"A","375":"A","376":"M","377":",","378":"E","379":"A","380":"A","381":"E","382":";","383":"M","384":"A","385":"C","386":"l","387":"B","388":";","389":"M","390":"A","391":"C","392":"A","393":",","394":"I","395":"A","396":"A","397":"I","398":",","399":"C","400":"A","401":"A","402":"C","403":",","404":"K","405":"A","406":"A","407":"K","408":",","409":"C","410":"A","411":"A","412":"C","413":",","414":"m","415":"B","416":"A","417":"A","418":"m","419":"B","420":",","421":"E","422":"A","423":"A","424":"E","425":",","426":"M","427":"A","428":"A","429":"M","430":",","431":"C","432":"A","433":"A","434":"C","435":",","436":"M","437":"A","438":"A","439":"M","440":",","441":"C","442":"A","443":"A","444":"C","445":",","446":"K","447":"A","448":"A","449":"K","450":",","451":"C","452":"A","453":"A","454":"C","455":";","456":"I","457":"A","458":"C","459":"t","460":"D","461":";","462":"E","463":"A","464":"C","465":"F","466":";","467":"A","468":"A","469":"C","470":"F","471":",","472":"C","473":"A","474":"A","475":"C","476":";","477":"A","478":"A","479":"A","480":"A","481":";","482":"A","483":"A","484":"A","485":"A","486":"\"","487":",","488":"\"","489":"f","490":"i","491":"l","492":"e","493":"\"","494":":","495":"\"","496":"/","497":"U","498":"s","499":"e","500":"r","501":"s","502":"/","503":"k","504":"k","505":"d","506":"a","507":"/","508":"D","509":"e","510":"s","511":"k","512":"t","513":"o","514":"p","515":"/","516":"j","517":"o","518":"b","519":"-","520":"s","521":"e","522":"a","523":"r","524":"c","525":"h","526":"/","527":"s","528":"r","529":"c","530":"/","531":"c","532":"o","533":"m","534":"p","535":"o","536":"n","537":"e","538":"n","539":"t","540":"s","541":"/","542":"S","543":"h","544":"a","545":"r","546":"e","547":"d","548":"/","549":"T","550":"e","551":"x","552":"t","553":"I","554":"n","555":"p","556":"u","557":"t","558":".","559":"v","560":"u","561":"e","562":"\"","563":",","564":"\"","565":"s","566":"o","567":"u","568":"r","569":"c","570":"e","571":"s","572":"C","573":"o","574":"n","575":"t","576":"e","577":"n","578":"t","579":"\"","580":":","581":"[","582":"\"","583":"<","584":"t","585":"e","586":"m","587":"p","588":"l","589":"a","590":"t","591":"e","592":">","593":"\\","594":"n","595":" ","596":" ","597":"<","598":"i","599":"n","600":"p","601":"u","602":"t","603":"\\","604":"n","605":" ","606":" ","607":" ","608":" ","609":":","610":"v","611":"a","612":"l","613":"u","614":"e","615":"=","616":"\\","617":"\"","618":"m","619":"o","620":"d","621":"e","622":"l","623":"V","624":"a","625":"l","626":"u","627":"e","628":"\\","629":"\"","630":"\\","631":"n","632":" ","633":" ","634":" ","635":" ","636":":","637":"p","638":"l","639":"a","640":"c","641":"e","642":"h","643":"o","644":"l","645":"d","646":"e","647":"r","648":"=","649":"\\","650":"\"","651":"p","652":"l","653":"a","654":"c","655":"e","656":"h","657":"o","658":"l","659":"d","660":"e","661":"r","662":"\\","663":"\"","664":"\\","665":"n","666":" ","667":" ","668":" ","669":" ","670":"t","671":"y","672":"p","673":"e","674":"=","675":"\\","676":"\"","677":"t","678":"e","679":"x","680":"t","681":"\\","682":"\"","683":"\\","684":"n","685":" ","686":" ","687":" ","688":" ","689":"c","690":"l","691":"a","692":"s","693":"s","694":"=","695":"\\","696":"\"","697":"w","698":"-","699":"f","700":"u","701":"l","702":"l","703":" ","704":"t","705":"e","706":"x","707":"t","708":"-","709":"l","710":"g","711":" ","712":"f","713":"o","714":"n","715":"t","716":"-","717":"n","718":"o","719":"r","720":"m","721":"a","722":"l","723":" ","724":"f","725":"o","726":"c","727":"u","728":"s","729":":","730":"o","731":"u","732":"t","733":"l","734":"i","735":"n","736":"e","737":"-","738":"n","739":"o","740":"n","741":"e","742":"\\","743":"\"","744":"\\","745":"n","746":" ","747":" ","748":" ","749":" ","750":"@","751":"i","752":"n","753":"p","754":"u","755":"t","756":"=","757":"\\","758":"\"","759":"h","760":"a","761":"n","762":"d","763":"l","764":"e","765":"I","766":"n","767":"p","768":"u","769":"t","770":"\\","771":"\"","772":"\\","773":"n","774":" ","775":" ","776":"/","777":">","778":"\\","779":"n","780":"<","781":"/","782":"t","783":"e","784":"m","785":"p","786":"l","787":"a","788":"t","789":"e","790":">","791":"\\","792":"n","793":"\\","794":"n","795":"<","796":"s","797":"c","798":"r","799":"i","800":"p","801":"t","802":">","803":"\\","804":"n","805":"e","806":"x","807":"p","808":"o","809":"r","810":"t","811":" ","812":"d","813":"e","814":"f","815":"a","816":"u","817":"l","818":"t","819":" ","820":"{","821":"\\","822":"n","823":" ","824":" ","825":"n","826":"a","827":"m","828":"e","829":":","830":" ","831":"\\","832":"\"","833":"T","834":"e","835":"x","836":"t","837":"i","838":"n","839":"p","840":"u","841":"t","842":"\\","843":"\"","844":",","845":"\\","846":"n","847":"\\","848":"n","849":" ","850":" ","851":"p","852":"r","853":"o","854":"p","855":"s","856":":","857":" ","858":"{","859":"\\","860":"n","861":" ","862":" ","863":" ","864":" ","865":"p","866":"l","867":"a","868":"c","869":"e","870":"h","871":"o","872":"l","873":"d","874":"e","875":"r","876":":","877":" ","878":"{","879":"\\","880":"n","881":" ","882":" ","883":" ","884":" ","885":" ","886":" ","887":"t","888":"y","889":"p","890":"e","891":":","892":" ","893":"S","894":"t","895":"r","896":"i","897":"n","898":"g","899":",","900":"\\","901":"n","902":" ","903":" ","904":" ","905":" ","906":" ","907":" ","908":"r","909":"e","910":"q","911":"u","912":"i","913":"r","914":"e","915":"d","916":":","917":" ","918":"f","919":"a","920":"l","921":"s","922":"e","923":",","924":"\\","925":"n","926":" ","927":" ","928":" ","929":" ","930":" ","931":" ","932":"d","933":"e","934":"f","935":"a","936":"u","937":"l","938":"t","939":":","940":" ","941":"\\","942":"\"","943":"\\","944":"\"","945":",","946":"\\","947":"n","948":" ","949":" ","950":" ","951":" ","952":"}","953":",","954":"\\","955":"n","956":" ","957":" ","958":" ","959":" ","960":"m","961":"o","962":"d","963":"e","964":"l","965":"V","966":"a","967":"l","968":"u","969":"e","970":":","971":" ","972":"{","973":"\\","974":"n","975":" ","976":" ","977":" ","978":" ","979":" ","980":" ","981":"t","982":"y","983":"p","984":"e","985":":","986":" ","987":"S","988":"t","989":"r","990":"i","991":"n","992":"g","993":",","994":"\\","995":"n","996":" ","997":" ","998":" ","999":" ","1000":" ","1001":" ","1002":"r","1003":"e","1004":"q","1005":"u","1006":"i","1007":"r","1008":"e","1009":"d","1010":":","1011":" ","1012":"t","1013":"r","1014":"u","1015":"e","1016":",","1017":"\\","1018":"n","1019":" ","1020":" ","1021":" ","1022":" ","1023":"}","1024":",","1025":"\\","1026":"n","1027":" ","1028":" ","1029":"}","1030":",","1031":"\\","1032":"n","1033":" ","1034":" ","1035":"e","1036":"m","1037":"i","1038":"t","1039":"s","1040":":","1041":" ","1042":"[","1043":"\\","1044":"\"","1045":"u","1046":"p","1047":"d","1048":"a","1049":"t","1050":"e","1051":":","1052":"m","1053":"o","1054":"d","1055":"e","1056":"l","1057":"V","1058":"a","1059":"l","1060":"u","1061":"e","1062":"\\","1063":"\"","1064":"]","1065":",","1066":"\\","1067":"n","1068":"\\","1069":"n","1070":" ","1071":" ","1072":"m","1073":"e","1074":"t","1075":"h","1076":"o","1077":"d","1078":"s","1079":":","1080":" ","1081":"{","1082":"\\","1083":"n","1084":" ","1085":" ","1086":" ","1087":" ","1088":"h","1089":"a","1090":"n","1091":"d","1092":"l","1093":"e","1094":"I","1095":"n","1096":"p","1097":"u","1098":"t","1099":"(","1100":"$","1101":"e","1102":"v","1103":"e","1104":"n","1105":"t","1106":")","1107":" ","1108":"{","1109":"\\","1110":"n","1111":" ","1112":" ","1113":" ","1114":" ","1115":" ","1116":" ","1117":"/","1118":"/","1119":" ","1120":"t","1121":"h","1122":"i","1123":"s","1124":".","1125":"$","1126":"e","1127":"m","1128":"i","1129":"t","1130":"(","1131":"\\","1132":"\"","1133":"h","1134":"a","1135":"n","1136":"d","1137":"l","1138":"e","1139":"I","1140":"n","1141":"p","1142":"u","1143":"t","1144":"\\","1145":"\"","1146":",","1147":" ","1148":"$","1149":"e","1150":"v","1151":"e","1152":"n","1153":"t","1154":".","1155":"t","1156":"a","1157":"r","1158":"g","1159":"e","1160":"t","1161":".","1162":"v","1163":"a","1164":"l","1165":"u","1166":"e","1167":")","1168":";","1169":" ","1170":"/","1171":"/","1172":"向","1173":"父","1174":"组","1175":"件","1176":"发","1177":"送","1178":"数","1179":"据","1180":"\\","1181":"n","1182":" ","1183":" ","1184":" ","1185":" ","1186":" ","1187":" ","1188":"t","1189":"h","1190":"i","1191":"s","1192":".","1193":"$","1194":"e","1195":"m","1196":"i","1197":"t","1198":"(","1199":"\\","1200":"\"","1201":"u","1202":"p","1203":"d","1204":"a","1205":"t","1206":"e","1207":":","1208":"m","1209":"o","1210":"d","1211":"e","1212":"l","1213":"V","1214":"a","1215":"l","1216":"u","1217":"e","1218":"\\","1219":"\"","1220":",","1221":" ","1222":"$","1223":"e","1224":"v","1225":"e","1226":"n","1227":"t","1228":".","1229":"t","1230":"a","1231":"r","1232":"g","1233":"e","1234":"t","1235":".","1236":"v","1237":"a","1238":"l","1239":"u","1240":"e","1241":")","1242":";","1243":"\\","1244":"n","1245":" ","1246":" ","1247":" ","1248":" ","1249":"}","1250":",","1251":"\\","1252":"n","1253":" ","1254":" ","1255":"}","1256":",","1257":"\\","1258":"n","1259":"}","1260":";","1261":"\\","1262":"n","1263":"<","1264":"/","1265":"s","1266":"c","1267":"r","1268":"i","1269":"p","1270":"t","1271":">","1272":"\\","1273":"n","1274":"\"","1275":"]","1276":"}"},"_coverageSchema":"1a1c01bbd47fc00a2c39e90264f33305004495a9","hash":"1deb68047a6818de3c6497fe3f918ad4e9410bc0"}
,"/Users/kkda/Desktop/job-search/src/utils/nextElementInList.js": {"path":"/Users/kkda/Desktop/job-search/src/utils/nextElementInList.js","statementMap":{"0":{"start":{"line":1,"column":26},"end":{"line":6,"column":1}},"1":{"start":{"line":2,"column":29},"end":{"line":2,"column":48}},"2":{"start":{"line":3,"column":25},"end":{"line":3,"column":63}},"3":{"start":{"line":4,"column":20},"end":{"line":4,"column":40}},"4":{"start":{"line":5,"column":2},"end":{"line":5,"column":19}}},"fnMap":{"0":{"name":"(anonymous_0)","decl":{"start":{"line":1,"column":26},"end":{"line":1,"column":27}},"loc":{"start":{"line":1,"column":43},"end":{"line":6,"column":1}},"line":1}},"branchMap":{},"s":{"0":2,"1":3,"2":3,"3":3,"4":3},"f":{"0":3},"b":{},"_coverageSchema":"1a1c01bbd47fc00a2c39e90264f33305004495a9","hash":"079c29ece47021e673d18adb27791be17d745dad"}
}
