TN:
SF:src/components/JobResults/JobListing.vue
FN:17,(anonymous_0)
FN:58,render
FN:64,(anonymous_2)
FN:64,(anonymous_3)
FN:69,(anonymous_4)
FN:77,(anonymous_5)
FNF:6
FNH:6
FNDA:5,(anonymous_0)
FNDA:5,render
FNDA:5,(anonymous_2)
FNDA:6,(anonymous_3)
FNDA:6,(anonymous_4)
FNDA:5,(anonymous_5)
DA:4,2
DA:7,2
DA:8,2
DA:18,5
DA:24,2
DA:26,2
DA:29,2
DA:30,2
DA:31,2
DA:34,2
DA:37,2
DA:40,2
DA:43,2
DA:46,2
DA:49,2
DA:52,2
DA:55,2
DA:59,5
DA:60,5
DA:64,5
DA:65,6
DA:70,6
DA:77,5
DA:82,2
LF:24
LH:24
BRF:0
BRH:0
end_of_record
TN:
SF:src/components/JobResults/JobListings.vue
FN:92,render
FN:95,(anonymous_1)
FN:112,(anonymous_2)
FN:125,(anonymous_3)
FNF:4
FNH:4
FNDA:16,render
FNDA:50,(anonymous_1)
FNDA:8,(anonymous_2)
FNDA:4,(anonymous_3)
DA:4,1
DA:5,1
DA:8,1
DA:70,1
DA:72,1
DA:75,1
DA:76,1
DA:77,1
DA:80,1
DA:83,1
DA:86,1
DA:89,1
DA:93,16
DA:94,16
DA:95,16
DA:96,50
DA:112,8
DA:125,4
DA:128,1
LF:19
LH:19
BRDA:101,0,0,8
BRDA:101,0,1,8
BRDA:114,1,0,4
BRDA:114,1,1,12
BRF:4
BRH:4
end_of_record
TN:
SF:src/components/JobSearch/HeadLine.vue
FN:74,render
FNF:1
FNH:1
FNDA:5,render
DA:4,1
DA:5,1
DA:8,1
DA:55,1
DA:57,1
DA:60,1
DA:61,1
DA:62,1
DA:65,1
DA:69,1
DA:70,1
DA:75,5
DA:78,1
LF:13
LH:13
BRF:0
BRH:0
end_of_record
TN:
SF:src/components/JobSearch/JobSearchForm.vue
FN:77,render
FN:83,(anonymous_1)
FN:91,(anonymous_2)
FN:96,(anonymous_3)
FNF:4
FNH:4
FNDA:3,render
FNDA:1,(anonymous_1)
FNDA:1,(anonymous_2)
FNDA:1,(anonymous_3)
DA:4,1
DA:5,1
DA:8,1
DA:9,1
DA:51,1
DA:53,1
DA:56,1
DA:57,1
DA:58,1
DA:61,1
DA:64,1
DA:67,1
DA:70,1
DA:73,1
DA:78,3
DA:79,3
DA:80,3
DA:81,3
DA:84,1
DA:91,1
DA:96,1
DA:105,1
LF:22
LH:22
BRDA:83,0,0,3
BRDA:83,0,1,1
BRDA:84,1,0,1
BRDA:84,1,1,1
BRDA:91,2,0,3
BRDA:91,2,1,1
BRDA:96,3,0,3
BRDA:96,3,1,1
BRF:8
BRH:8
end_of_record
TN:
SF:src/components/Navigation/MainNav.vue
FN:100,render
FN:113,(anonymous_1)
FN:115,(anonymous_2)
FN:123,(anonymous_3)
FNF:4
FNH:4
FNDA:5,render
FNDA:4,(anonymous_1)
FNDA:30,(anonymous_2)
FNDA:30,(anonymous_3)
DA:4,1
DA:5,1
DA:8,1
DA:78,1
DA:80,1
DA:83,1
DA:84,1
DA:85,1
DA:88,1
DA:91,1
DA:94,1
DA:97,1
DA:101,5
DA:102,5
DA:103,5
DA:104,5
DA:105,5
DA:113,4
DA:116,30
DA:123,30
DA:139,1
LF:21
LH:21
BRDA:127,0,0,1
BRDA:127,0,1,4
BRDA:136,1,0,1
BRDA:136,1,1,4
BRF:4
BRH:4
end_of_record
TN:
SF:src/components/Navigation/ProfileImage.vue
FN:10,(anonymous_0)
FN:26,render
FNF:2
FNH:2
FNDA:1,(anonymous_0)
FNDA:1,render
DA:4,2
DA:7,2
DA:8,2
DA:11,1
DA:18,2
DA:20,2
DA:23,2
DA:24,2
DA:25,2
DA:27,1
DA:32,2
LF:11
LH:11
BRF:0
BRH:0
end_of_record
TN:
SF:src/components/Navigation/Subnav.vue
FN:11,(anonymous_0)
FN:39,render
FNF:2
FNH:2
FNDA:2,(anonymous_0)
FNDA:2,render
DA:4,2
DA:7,2
DA:8,2
DA:12,2
DA:18,2
DA:20,2
DA:23,2
DA:24,2
DA:25,2
DA:28,2
DA:31,2
DA:35,2
DA:40,2
DA:41,2
DA:47,2
LF:15
LH:15
BRDA:43,0,0,1
BRDA:43,0,1,1
BRF:2
BRH:2
end_of_record
TN:
SF:src/components/Shared/ActionButton.vue
FN:19,(anonymous_0)
FN:25,(anonymous_1)
FN:43,render
FNF:3
FNH:3
FNDA:6,(anonymous_0)
FNDA:2,(anonymous_1)
FNDA:2,render
DA:4,3
DA:7,3
DA:8,3
DA:20,6
DA:26,2
DA:36,3
DA:38,3
DA:41,3
DA:42,3
DA:44,2
DA:47,3
LF:11
LH:11
BRF:0
BRH:0
end_of_record
TN:
SF:src/components/Shared/TextInput.vue
FN:23,(anonymous_0)
FN:39,render
FN:45,(anonymous_2)
FNF:3
FNH:3
FNDA:5,(anonymous_0)
FNDA:5,render
FNDA:5,(anonymous_2)
DA:4,2
DA:7,2
DA:8,2
DA:25,5
DA:31,2
DA:33,2
DA:36,2
DA:37,2
DA:38,2
DA:40,5
DA:46,5
DA:49,2
LF:12
LH:12
BRDA:45,0,0,5
BRDA:45,0,1,3
BRDA:46,1,0,5
BRDA:46,1,1,5
BRF:4
BRH:4
end_of_record
TN:
SF:src/utils/nextElementInList.js
FN:1,(anonymous_0)
FNF:1
FNH:1
FNDA:3,(anonymous_0)
DA:1,2
DA:2,3
DA:3,3
DA:4,3
DA:5,3
LF:5
LH:5
BRF:0
BRH:0
end_of_record
